[0.012s] Invoking command in '/home/ric/Desktop/ROS_projects/researchtrack_ws/build/rt1_interfaces': CMAKE_PREFIX_PATH=${CMAKE_PREFIX_PATH}:/home/ric/Desktop/ROS_projects/researchtrack_ws/install/turtlesim_controller:/home/ric/Desktop/ROS_projects/researchtrack_ws/install/assignment1_rt:/opt/ros/jazzy DEBUGINFOD_URLS=https://debuginfod.ubuntu.com /usr/bin/cmake --build /home/ric/Desktop/ROS_projects/researchtrack_ws/build/rt1_interfaces -- -j8 -l8
[0.054s] [  2%] Built target rt1_interfaces__rosidl_generator_type_description
[0.064s] [  2%] Built target ament_cmake_python_copy_rt1_interfaces
[0.072s] [  5%] Built target rt1_interfaces__cpp
[0.074s] [ 20%] Built target rt1_interfaces__rosidl_generator_c
[0.100s] [ 47%] Built target rt1_interfaces__rosidl_typesupport_fastrtps_c
[0.100s] [ 47%] Built target rt1_interfaces__rosidl_typesupport_c
[0.101s] [ 47%] Built target rt1_interfaces__rosidl_typesupport_introspection_c
[0.102s] [ 64%] Built target rt1_interfaces__rosidl_typesupport_cpp
[0.102s] [ 67%] Built target rt1_interfaces__rosidl_typesupport_fastrtps_cpp
[0.102s] [ 73%] Built target rt1_interfaces__rosidl_typesupport_introspection_cpp
[0.121s] [ 73%] Built target rt1_interfaces
[0.139s] [ 76%] Built target rt1_interfaces__py
[0.159s] [ 82%] Built target rt1_interfaces__rosidl_generator_py
[0.180s] [ 88%] Built target rt1_interfaces_s__rosidl_typesupport_introspection_c
[0.183s] [100%] Built target rt1_interfaces_s__rosidl_typesupport_fastrtps_c
[0.183s] [100%] Built target rt1_interfaces_s__rosidl_typesupport_c
[0.286s] running egg_info
[0.306s] writing rt1_interfaces.egg-info/PKG-INFO
[0.306s] writing dependency_links to rt1_interfaces.egg-info/dependency_links.txt
[0.307s] writing top-level names to rt1_interfaces.egg-info/top_level.txt
[0.361s] reading manifest file 'rt1_interfaces.egg-info/SOURCES.txt'
[0.361s] writing manifest file 'rt1_interfaces.egg-info/SOURCES.txt'
[0.594s] [100%] Built target ament_cmake_python_build_rt1_interfaces_egg
[0.616s] Invoked command in '/home/ric/Desktop/ROS_projects/researchtrack_ws/build/rt1_interfaces' returned '0': CMAKE_PREFIX_PATH=${CMAKE_PREFIX_PATH}:/home/ric/Desktop/ROS_projects/researchtrack_ws/install/turtlesim_controller:/home/ric/Desktop/ROS_projects/researchtrack_ws/install/assignment1_rt:/opt/ros/jazzy DEBUGINFOD_URLS=https://debuginfod.ubuntu.com /usr/bin/cmake --build /home/ric/Desktop/ROS_projects/researchtrack_ws/build/rt1_interfaces -- -j8 -l8
[0.626s] Invoking command in '/home/ric/Desktop/ROS_projects/researchtrack_ws/build/rt1_interfaces': CMAKE_PREFIX_PATH=${CMAKE_PREFIX_PATH}:/home/ric/Desktop/ROS_projects/researchtrack_ws/install/turtlesim_controller:/home/ric/Desktop/ROS_projects/researchtrack_ws/install/assignment1_rt:/opt/ros/jazzy DEBUGINFOD_URLS=https://debuginfod.ubuntu.com /usr/bin/cmake --install /home/ric/Desktop/ROS_projects/researchtrack_ws/build/rt1_interfaces
[0.633s] -- Install configuration: ""
[0.633s] -- Up-to-date: /home/ric/Desktop/ROS_projects/researchtrack_ws/install/rt1_interfaces/share/ament_index/resource_index/rosidl_interfaces/rt1_interfaces
[0.634s] -- Up-to-date: /home/ric/Desktop/ROS_projects/researchtrack_ws/install/rt1_interfaces/share/rt1_interfaces/msg/Comando.json
[0.634s] -- Up-to-date: /home/ric/Desktop/ROS_projects/researchtrack_ws/install/rt1_interfaces/include/rt1_interfaces/rt1_interfaces
[0.634s] -- Up-to-date: /home/ric/Desktop/ROS_projects/researchtrack_ws/install/rt1_interfaces/include/rt1_interfaces/rt1_interfaces/msg
[0.634s] -- Up-to-date: /home/ric/Desktop/ROS_projects/researchtrack_ws/install/rt1_interfaces/include/rt1_interfaces/rt1_interfaces/msg/rosidl_generator_c__visibility_control.h
[0.634s] -- Up-to-date: /home/ric/Desktop/ROS_projects/researchtrack_ws/install/rt1_interfaces/include/rt1_interfaces/rt1_interfaces/msg/comando.h
[0.634s] -- Up-to-date: /home/ric/Desktop/ROS_projects/researchtrack_ws/install/rt1_interfaces/include/rt1_interfaces/rt1_interfaces/msg/detail
[0.634s] -- Up-to-date: /home/ric/Desktop/ROS_projects/researchtrack_ws/install/rt1_interfaces/include/rt1_interfaces/rt1_interfaces/msg/detail/comando__type_support.c
[0.634s] -- Up-to-date: /home/ric/Desktop/ROS_projects/researchtrack_ws/install/rt1_interfaces/include/rt1_interfaces/rt1_interfaces/msg/detail/comando__functions.h
[0.634s] -- Up-to-date: /home/ric/Desktop/ROS_projects/researchtrack_ws/install/rt1_interfaces/include/rt1_interfaces/rt1_interfaces/msg/detail/comando__struct.h
[0.634s] -- Up-to-date: /home/ric/Desktop/ROS_projects/researchtrack_ws/install/rt1_interfaces/include/rt1_interfaces/rt1_interfaces/msg/detail/comando__description.c
[0.634s] -- Up-to-date: /home/ric/Desktop/ROS_projects/researchtrack_ws/install/rt1_interfaces/include/rt1_interfaces/rt1_interfaces/msg/detail/comando__type_support.h
[0.635s] -- Up-to-date: /home/ric/Desktop/ROS_projects/researchtrack_ws/install/rt1_interfaces/include/rt1_interfaces/rt1_interfaces/msg/detail/comando__functions.c
[0.635s] -- Up-to-date: /home/ric/Desktop/ROS_projects/researchtrack_ws/install/rt1_interfaces/share/rt1_interfaces/environment/library_path.sh
[0.635s] -- Up-to-date: /home/ric/Desktop/ROS_projects/researchtrack_ws/install/rt1_interfaces/share/rt1_interfaces/environment/library_path.dsv
[0.635s] -- Up-to-date: /home/ric/Desktop/ROS_projects/researchtrack_ws/install/rt1_interfaces/lib/librt1_interfaces__rosidl_generator_c.so
[0.635s] -- Up-to-date: /home/ric/Desktop/ROS_projects/researchtrack_ws/install/rt1_interfaces/include/rt1_interfaces/rt1_interfaces
[0.635s] -- Up-to-date: /home/ric/Desktop/ROS_projects/researchtrack_ws/install/rt1_interfaces/include/rt1_interfaces/rt1_interfaces/msg
[0.635s] -- Up-to-date: /home/ric/Desktop/ROS_projects/researchtrack_ws/install/rt1_interfaces/include/rt1_interfaces/rt1_interfaces/msg/detail
[0.635s] -- Up-to-date: /home/ric/Desktop/ROS_projects/researchtrack_ws/install/rt1_interfaces/include/rt1_interfaces/rt1_interfaces/msg/detail/comando__rosidl_typesupport_fastrtps_c.h
[0.635s] -- Up-to-date: /home/ric/Desktop/ROS_projects/researchtrack_ws/install/rt1_interfaces/include/rt1_interfaces/rt1_interfaces/msg/rosidl_typesupport_fastrtps_c__visibility_control.h
[0.635s] -- Up-to-date: /home/ric/Desktop/ROS_projects/researchtrack_ws/install/rt1_interfaces/lib/librt1_interfaces__rosidl_typesupport_fastrtps_c.so
[0.635s] -- Up-to-date: /home/ric/Desktop/ROS_projects/researchtrack_ws/install/rt1_interfaces/include/rt1_interfaces/rt1_interfaces
[0.635s] -- Up-to-date: /home/ric/Desktop/ROS_projects/researchtrack_ws/install/rt1_interfaces/include/rt1_interfaces/rt1_interfaces/msg
[0.636s] -- Up-to-date: /home/ric/Desktop/ROS_projects/researchtrack_ws/install/rt1_interfaces/include/rt1_interfaces/rt1_interfaces/msg/detail
[0.636s] -- Up-to-date: /home/ric/Desktop/ROS_projects/researchtrack_ws/install/rt1_interfaces/include/rt1_interfaces/rt1_interfaces/msg/detail/comando__type_support.hpp
[0.636s] -- Up-to-date: /home/ric/Desktop/ROS_projects/researchtrack_ws/install/rt1_interfaces/include/rt1_interfaces/rt1_interfaces/msg/detail/comando__struct.hpp
[0.636s] -- Up-to-date: /home/ric/Desktop/ROS_projects/researchtrack_ws/install/rt1_interfaces/include/rt1_interfaces/rt1_interfaces/msg/detail/comando__builder.hpp
[0.636s] -- Up-to-date: /home/ric/Desktop/ROS_projects/researchtrack_ws/install/rt1_interfaces/include/rt1_interfaces/rt1_interfaces/msg/detail/comando__traits.hpp
[0.636s] -- Up-to-date: /home/ric/Desktop/ROS_projects/researchtrack_ws/install/rt1_interfaces/include/rt1_interfaces/rt1_interfaces/msg/rosidl_generator_cpp__visibility_control.hpp
[0.636s] -- Up-to-date: /home/ric/Desktop/ROS_projects/researchtrack_ws/install/rt1_interfaces/include/rt1_interfaces/rt1_interfaces/msg/comando.hpp
[0.636s] -- Up-to-date: /home/ric/Desktop/ROS_projects/researchtrack_ws/install/rt1_interfaces/include/rt1_interfaces/rt1_interfaces
[0.636s] -- Up-to-date: /home/ric/Desktop/ROS_projects/researchtrack_ws/install/rt1_interfaces/include/rt1_interfaces/rt1_interfaces/msg
[0.636s] -- Up-to-date: /home/ric/Desktop/ROS_projects/researchtrack_ws/install/rt1_interfaces/include/rt1_interfaces/rt1_interfaces/msg/detail
[0.637s] -- Up-to-date: /home/ric/Desktop/ROS_projects/researchtrack_ws/install/rt1_interfaces/include/rt1_interfaces/rt1_interfaces/msg/detail/comando__rosidl_typesupport_fastrtps_cpp.hpp
[0.637s] -- Up-to-date: /home/ric/Desktop/ROS_projects/researchtrack_ws/install/rt1_interfaces/include/rt1_interfaces/rt1_interfaces/msg/detail/dds_fastrtps
[0.637s] -- Up-to-date: /home/ric/Desktop/ROS_projects/researchtrack_ws/install/rt1_interfaces/include/rt1_interfaces/rt1_interfaces/msg/rosidl_typesupport_fastrtps_cpp__visibility_control.h
[0.637s] -- Up-to-date: /home/ric/Desktop/ROS_projects/researchtrack_ws/install/rt1_interfaces/lib/librt1_interfaces__rosidl_typesupport_fastrtps_cpp.so
[0.637s] -- Up-to-date: /home/ric/Desktop/ROS_projects/researchtrack_ws/install/rt1_interfaces/include/rt1_interfaces/rt1_interfaces
[0.637s] -- Up-to-date: /home/ric/Desktop/ROS_projects/researchtrack_ws/install/rt1_interfaces/include/rt1_interfaces/rt1_interfaces/msg
[0.637s] -- Up-to-date: /home/ric/Desktop/ROS_projects/researchtrack_ws/install/rt1_interfaces/include/rt1_interfaces/rt1_interfaces/msg/detail
[0.638s] -- Up-to-date: /home/ric/Desktop/ROS_projects/researchtrack_ws/install/rt1_interfaces/include/rt1_interfaces/rt1_interfaces/msg/detail/comando__type_support.c
[0.638s] -- Up-to-date: /home/ric/Desktop/ROS_projects/researchtrack_ws/install/rt1_interfaces/include/rt1_interfaces/rt1_interfaces/msg/detail/comando__rosidl_typesupport_introspection_c.h
[0.638s] -- Up-to-date: /home/ric/Desktop/ROS_projects/researchtrack_ws/install/rt1_interfaces/include/rt1_interfaces/rt1_interfaces/msg/rosidl_typesupport_introspection_c__visibility_control.h
[0.638s] -- Up-to-date: /home/ric/Desktop/ROS_projects/researchtrack_ws/install/rt1_interfaces/lib/librt1_interfaces__rosidl_typesupport_introspection_c.so
[0.638s] -- Up-to-date: /home/ric/Desktop/ROS_projects/researchtrack_ws/install/rt1_interfaces/lib/librt1_interfaces__rosidl_typesupport_c.so
[0.638s] -- Up-to-date: /home/ric/Desktop/ROS_projects/researchtrack_ws/install/rt1_interfaces/include/rt1_interfaces/rt1_interfaces
[0.638s] -- Up-to-date: /home/ric/Desktop/ROS_projects/researchtrack_ws/install/rt1_interfaces/include/rt1_interfaces/rt1_interfaces/msg
[0.638s] -- Up-to-date: /home/ric/Desktop/ROS_projects/researchtrack_ws/install/rt1_interfaces/include/rt1_interfaces/rt1_interfaces/msg/detail
[0.638s] -- Up-to-date: /home/ric/Desktop/ROS_projects/researchtrack_ws/install/rt1_interfaces/include/rt1_interfaces/rt1_interfaces/msg/detail/comando__type_support.cpp
[0.638s] -- Up-to-date: /home/ric/Desktop/ROS_projects/researchtrack_ws/install/rt1_interfaces/include/rt1_interfaces/rt1_interfaces/msg/detail/comando__rosidl_typesupport_introspection_cpp.hpp
[0.638s] -- Up-to-date: /home/ric/Desktop/ROS_projects/researchtrack_ws/install/rt1_interfaces/lib/librt1_interfaces__rosidl_typesupport_introspection_cpp.so
[0.639s] -- Up-to-date: /home/ric/Desktop/ROS_projects/researchtrack_ws/install/rt1_interfaces/lib/librt1_interfaces__rosidl_typesupport_cpp.so
[0.639s] -- Up-to-date: /home/ric/Desktop/ROS_projects/researchtrack_ws/install/rt1_interfaces/share/rt1_interfaces/environment/pythonpath.sh
[0.639s] -- Up-to-date: /home/ric/Desktop/ROS_projects/researchtrack_ws/install/rt1_interfaces/share/rt1_interfaces/environment/pythonpath.dsv
[0.639s] -- Up-to-date: /home/ric/Desktop/ROS_projects/researchtrack_ws/install/rt1_interfaces/lib/python3.12/site-packages/rt1_interfaces-0.0.0-py3.12.egg-info
[0.639s] -- Installing: /home/ric/Desktop/ROS_projects/researchtrack_ws/install/rt1_interfaces/lib/python3.12/site-packages/rt1_interfaces-0.0.0-py3.12.egg-info/dependency_links.txt
[0.639s] -- Installing: /home/ric/Desktop/ROS_projects/researchtrack_ws/install/rt1_interfaces/lib/python3.12/site-packages/rt1_interfaces-0.0.0-py3.12.egg-info/top_level.txt
[0.639s] -- Installing: /home/ric/Desktop/ROS_projects/researchtrack_ws/install/rt1_interfaces/lib/python3.12/site-packages/rt1_interfaces-0.0.0-py3.12.egg-info/SOURCES.txt
[0.639s] -- Installing: /home/ric/Desktop/ROS_projects/researchtrack_ws/install/rt1_interfaces/lib/python3.12/site-packages/rt1_interfaces-0.0.0-py3.12.egg-info/PKG-INFO
[0.799s] -- Up-to-date: /home/ric/Desktop/ROS_projects/researchtrack_ws/install/rt1_interfaces/lib/python3.12/site-packages/rt1_interfaces
[0.800s] -- Up-to-date: /home/ric/Desktop/ROS_projects/researchtrack_ws/install/rt1_interfaces/lib/python3.12/site-packages/rt1_interfaces/__init__.py
[0.800s] -- Up-to-date: /home/ric/Desktop/ROS_projects/researchtrack_ws/install/rt1_interfaces/lib/python3.12/site-packages/rt1_interfaces/rt1_interfaces_s__rosidl_typesupport_introspection_c.so
[0.800s] -- Up-to-date: /home/ric/Desktop/ROS_projects/researchtrack_ws/install/rt1_interfaces/lib/python3.12/site-packages/rt1_interfaces/rt1_interfaces_s__rosidl_typesupport_fastrtps_c.so
[0.800s] -- Up-to-date: /home/ric/Desktop/ROS_projects/researchtrack_ws/install/rt1_interfaces/lib/python3.12/site-packages/rt1_interfaces/rt1_interfaces_s__rosidl_typesupport_c.so
[0.800s] -- Up-to-date: /home/ric/Desktop/ROS_projects/researchtrack_ws/install/rt1_interfaces/lib/python3.12/site-packages/rt1_interfaces/_rt1_interfaces_s.ep.rosidl_typesupport_introspection_c.c
[0.801s] -- Up-to-date: /home/ric/Desktop/ROS_projects/researchtrack_ws/install/rt1_interfaces/lib/python3.12/site-packages/rt1_interfaces/msg
[0.801s] -- Up-to-date: /home/ric/Desktop/ROS_projects/researchtrack_ws/install/rt1_interfaces/lib/python3.12/site-packages/rt1_interfaces/msg/__init__.py
[0.802s] -- Up-to-date: /home/ric/Desktop/ROS_projects/researchtrack_ws/install/rt1_interfaces/lib/python3.12/site-packages/rt1_interfaces/msg/_comando.py
[0.802s] -- Up-to-date: /home/ric/Desktop/ROS_projects/researchtrack_ws/install/rt1_interfaces/lib/python3.12/site-packages/rt1_interfaces/msg/_comando_s.c
[0.802s] -- Up-to-date: /home/ric/Desktop/ROS_projects/researchtrack_ws/install/rt1_interfaces/lib/python3.12/site-packages/rt1_interfaces/_rt1_interfaces_s.ep.rosidl_typesupport_fastrtps_c.c
[0.803s] -- Up-to-date: /home/ric/Desktop/ROS_projects/researchtrack_ws/install/rt1_interfaces/lib/python3.12/site-packages/rt1_interfaces/_rt1_interfaces_s.ep.rosidl_typesupport_c.c
[0.845s] Listing '/home/ric/Desktop/ROS_projects/researchtrack_ws/install/rt1_interfaces/lib/python3.12/site-packages/rt1_interfaces'...
[0.845s] Listing '/home/ric/Desktop/ROS_projects/researchtrack_ws/install/rt1_interfaces/lib/python3.12/site-packages/rt1_interfaces/msg'...
[0.850s] -- Up-to-date: /home/ric/Desktop/ROS_projects/researchtrack_ws/install/rt1_interfaces/lib/python3.12/site-packages/rt1_interfaces/rt1_interfaces_s__rosidl_typesupport_fastrtps_c.so
[0.850s] -- Up-to-date: /home/ric/Desktop/ROS_projects/researchtrack_ws/install/rt1_interfaces/lib/python3.12/site-packages/rt1_interfaces/rt1_interfaces_s__rosidl_typesupport_introspection_c.so
[0.850s] -- Up-to-date: /home/ric/Desktop/ROS_projects/researchtrack_ws/install/rt1_interfaces/lib/python3.12/site-packages/rt1_interfaces/rt1_interfaces_s__rosidl_typesupport_c.so
[0.851s] -- Up-to-date: /home/ric/Desktop/ROS_projects/researchtrack_ws/install/rt1_interfaces/lib/librt1_interfaces__rosidl_generator_py.so
[0.851s] -- Up-to-date: /home/ric/Desktop/ROS_projects/researchtrack_ws/install/rt1_interfaces/share/rt1_interfaces/msg/Comando.idl
[0.851s] -- Up-to-date: /home/ric/Desktop/ROS_projects/researchtrack_ws/install/rt1_interfaces/share/rt1_interfaces/msg/Comando.msg
[0.851s] -- Up-to-date: /home/ric/Desktop/ROS_projects/researchtrack_ws/install/rt1_interfaces/share/ament_index/resource_index/package_run_dependencies/rt1_interfaces
[0.851s] -- Up-to-date: /home/ric/Desktop/ROS_projects/researchtrack_ws/install/rt1_interfaces/share/ament_index/resource_index/parent_prefix_path/rt1_interfaces
[0.851s] -- Up-to-date: /home/ric/Desktop/ROS_projects/researchtrack_ws/install/rt1_interfaces/share/rt1_interfaces/environment/ament_prefix_path.sh
[0.851s] -- Up-to-date: /home/ric/Desktop/ROS_projects/researchtrack_ws/install/rt1_interfaces/share/rt1_interfaces/environment/ament_prefix_path.dsv
[0.852s] -- Up-to-date: /home/ric/Desktop/ROS_projects/researchtrack_ws/install/rt1_interfaces/share/rt1_interfaces/environment/path.sh
[0.852s] -- Up-to-date: /home/ric/Desktop/ROS_projects/researchtrack_ws/install/rt1_interfaces/share/rt1_interfaces/environment/path.dsv
[0.852s] -- Up-to-date: /home/ric/Desktop/ROS_projects/researchtrack_ws/install/rt1_interfaces/share/rt1_interfaces/local_setup.bash
[0.852s] -- Up-to-date: /home/ric/Desktop/ROS_projects/researchtrack_ws/install/rt1_interfaces/share/rt1_interfaces/local_setup.sh
[0.852s] -- Up-to-date: /home/ric/Desktop/ROS_projects/researchtrack_ws/install/rt1_interfaces/share/rt1_interfaces/local_setup.zsh
[0.852s] -- Up-to-date: /home/ric/Desktop/ROS_projects/researchtrack_ws/install/rt1_interfaces/share/rt1_interfaces/local_setup.dsv
[0.852s] -- Installing: /home/ric/Desktop/ROS_projects/researchtrack_ws/install/rt1_interfaces/share/rt1_interfaces/package.dsv
[0.853s] -- Up-to-date: /home/ric/Desktop/ROS_projects/researchtrack_ws/install/rt1_interfaces/share/ament_index/resource_index/packages/rt1_interfaces
[0.853s] -- Up-to-date: /home/ric/Desktop/ROS_projects/researchtrack_ws/install/rt1_interfaces/share/rt1_interfaces/cmake/export_rt1_interfaces__rosidl_generator_cExport.cmake
[0.853s] -- Up-to-date: /home/ric/Desktop/ROS_projects/researchtrack_ws/install/rt1_interfaces/share/rt1_interfaces/cmake/export_rt1_interfaces__rosidl_generator_cExport-noconfig.cmake
[0.853s] -- Up-to-date: /home/ric/Desktop/ROS_projects/researchtrack_ws/install/rt1_interfaces/share/rt1_interfaces/cmake/export_rt1_interfaces__rosidl_typesupport_fastrtps_cExport.cmake
[0.853s] -- Up-to-date: /home/ric/Desktop/ROS_projects/researchtrack_ws/install/rt1_interfaces/share/rt1_interfaces/cmake/export_rt1_interfaces__rosidl_typesupport_fastrtps_cExport-noconfig.cmake
[0.853s] -- Up-to-date: /home/ric/Desktop/ROS_projects/researchtrack_ws/install/rt1_interfaces/share/rt1_interfaces/cmake/export_rt1_interfaces__rosidl_generator_cppExport.cmake
[0.853s] -- Up-to-date: /home/ric/Desktop/ROS_projects/researchtrack_ws/install/rt1_interfaces/share/rt1_interfaces/cmake/export_rt1_interfaces__rosidl_typesupport_fastrtps_cppExport.cmake
[0.854s] -- Up-to-date: /home/ric/Desktop/ROS_projects/researchtrack_ws/install/rt1_interfaces/share/rt1_interfaces/cmake/export_rt1_interfaces__rosidl_typesupport_fastrtps_cppExport-noconfig.cmake
[0.854s] -- Up-to-date: /home/ric/Desktop/ROS_projects/researchtrack_ws/install/rt1_interfaces/share/rt1_interfaces/cmake/rt1_interfaces__rosidl_typesupport_introspection_cExport.cmake
[0.854s] -- Up-to-date: /home/ric/Desktop/ROS_projects/researchtrack_ws/install/rt1_interfaces/share/rt1_interfaces/cmake/rt1_interfaces__rosidl_typesupport_introspection_cExport-noconfig.cmake
[0.854s] -- Up-to-date: /home/ric/Desktop/ROS_projects/researchtrack_ws/install/rt1_interfaces/share/rt1_interfaces/cmake/rt1_interfaces__rosidl_typesupport_cExport.cmake
[0.854s] -- Up-to-date: /home/ric/Desktop/ROS_projects/researchtrack_ws/install/rt1_interfaces/share/rt1_interfaces/cmake/rt1_interfaces__rosidl_typesupport_cExport-noconfig.cmake
[0.854s] -- Up-to-date: /home/ric/Desktop/ROS_projects/researchtrack_ws/install/rt1_interfaces/share/rt1_interfaces/cmake/rt1_interfaces__rosidl_typesupport_introspection_cppExport.cmake
[0.854s] -- Up-to-date: /home/ric/Desktop/ROS_projects/researchtrack_ws/install/rt1_interfaces/share/rt1_interfaces/cmake/rt1_interfaces__rosidl_typesupport_introspection_cppExport-noconfig.cmake
[0.854s] -- Up-to-date: /home/ric/Desktop/ROS_projects/researchtrack_ws/install/rt1_interfaces/share/rt1_interfaces/cmake/rt1_interfaces__rosidl_typesupport_cppExport.cmake
[0.855s] -- Up-to-date: /home/ric/Desktop/ROS_projects/researchtrack_ws/install/rt1_interfaces/share/rt1_interfaces/cmake/rt1_interfaces__rosidl_typesupport_cppExport-noconfig.cmake
[0.855s] -- Up-to-date: /home/ric/Desktop/ROS_projects/researchtrack_ws/install/rt1_interfaces/share/rt1_interfaces/cmake/export_rt1_interfaces__rosidl_generator_pyExport.cmake
[0.855s] -- Up-to-date: /home/ric/Desktop/ROS_projects/researchtrack_ws/install/rt1_interfaces/share/rt1_interfaces/cmake/export_rt1_interfaces__rosidl_generator_pyExport-noconfig.cmake
[0.855s] -- Up-to-date: /home/ric/Desktop/ROS_projects/researchtrack_ws/install/rt1_interfaces/share/rt1_interfaces/cmake/rosidl_cmake-extras.cmake
[0.855s] -- Up-to-date: /home/ric/Desktop/ROS_projects/researchtrack_ws/install/rt1_interfaces/share/rt1_interfaces/cmake/ament_cmake_export_dependencies-extras.cmake
[0.855s] -- Up-to-date: /home/ric/Desktop/ROS_projects/researchtrack_ws/install/rt1_interfaces/share/rt1_interfaces/cmake/ament_cmake_export_include_directories-extras.cmake
[0.855s] -- Up-to-date: /home/ric/Desktop/ROS_projects/researchtrack_ws/install/rt1_interfaces/share/rt1_interfaces/cmake/ament_cmake_export_libraries-extras.cmake
[0.855s] -- Up-to-date: /home/ric/Desktop/ROS_projects/researchtrack_ws/install/rt1_interfaces/share/rt1_interfaces/cmake/ament_cmake_export_targets-extras.cmake
[0.855s] -- Up-to-date: /home/ric/Desktop/ROS_projects/researchtrack_ws/install/rt1_interfaces/share/rt1_interfaces/cmake/rosidl_cmake_export_typesupport_targets-extras.cmake
[0.856s] -- Up-to-date: /home/ric/Desktop/ROS_projects/researchtrack_ws/install/rt1_interfaces/share/rt1_interfaces/cmake/rosidl_cmake_export_typesupport_libraries-extras.cmake
[0.856s] -- Up-to-date: /home/ric/Desktop/ROS_projects/researchtrack_ws/install/rt1_interfaces/share/rt1_interfaces/cmake/rt1_interfacesConfig.cmake
[0.856s] -- Up-to-date: /home/ric/Desktop/ROS_projects/researchtrack_ws/install/rt1_interfaces/share/rt1_interfaces/cmake/rt1_interfacesConfig-version.cmake
[0.856s] -- Up-to-date: /home/ric/Desktop/ROS_projects/researchtrack_ws/install/rt1_interfaces/share/rt1_interfaces/package.xml
[0.856s] Invoked command in '/home/ric/Desktop/ROS_projects/researchtrack_ws/build/rt1_interfaces' returned '0': CMAKE_PREFIX_PATH=${CMAKE_PREFIX_PATH}:/home/ric/Desktop/ROS_projects/researchtrack_ws/install/turtlesim_controller:/home/ric/Desktop/ROS_projects/researchtrack_ws/install/assignment1_rt:/opt/ros/jazzy DEBUGINFOD_URLS=https://debuginfod.ubuntu.com /usr/bin/cmake --install /home/ric/Desktop/ROS_projects/researchtrack_ws/build/rt1_interfaces
