[0.088s] DEBUG:colcon:Command line arguments: ['/usr/bin/colcon', 'build']
[0.088s] DEBUG:colcon:Parsed command line arguments: Namespace(log_base=None, log_level=None, verb_name='build', build_base='build', install_base='install', merge_install=False, symlink_install=False, test_result_base=None, continue_on_error=False, executor='parallel', parallel_workers=8, event_handlers=None, ignore_user_meta=False, metas=['./colcon.meta'], base_paths=['.'], packages_ignore=None, packages_ignore_regex=None, paths=None, packages_up_to=None, packages_up_to_regex=None, packages_above=None, packages_above_and_dependencies=None, packages_above_depth=None, packages_select_by_dep=None, packages_skip_by_dep=None, packages_skip_up_to=None, packages_select_build_failed=False, packages_skip_build_finished=False, packages_select_test_failures=False, packages_skip_test_passed=False, packages_select=None, packages_skip=None, packages_select_regex=None, packages_skip_regex=None, packages_start=None, packages_end=None, allow_overriding=[], cmake_args=None, cmake_target=None, cmake_target_skip_unavailable=False, cmake_clean_cache=False, cmake_clean_first=False, cmake_force_configure=False, ament_cmake_args=None, catkin_cmake_args=None, catkin_skip_building_tests=False, mixin_files=None, mixin=None, verb_parser=<colcon_mixin.mixin.mixin_argument.MixinArgumentDecorator object at 0x7ccb2c18dca0>, verb_extension=<colcon_core.verb.build.BuildVerb object at 0x7ccb2c392540>, main=<bound method BuildVerb.main of <colcon_core.verb.build.BuildVerb object at 0x7ccb2c392540>>, mixin_verb=('build',))
[0.123s] Level 1:colcon.colcon_core.package_discovery:discover_packages(colcon_meta) check parameters
[0.123s] Level 1:colcon.colcon_core.package_discovery:discover_packages(recursive) check parameters
[0.123s] Level 1:colcon.colcon_core.package_discovery:discover_packages(ignore) check parameters
[0.123s] Level 1:colcon.colcon_core.package_discovery:discover_packages(path) check parameters
[0.123s] Level 1:colcon.colcon_core.package_discovery:discover_packages(colcon_meta) discover
[0.124s] Level 1:colcon.colcon_core.package_discovery:discover_packages(recursive) discover
[0.124s] INFO:colcon.colcon_core.package_discovery:Crawling recursively for packages in '/home/ric/Desktop/ROS_projects/researchtrack_ws'
[0.124s] Level 1:colcon.colcon_core.package_identification:_identify(.) by extensions ['ignore', 'ignore_ament_install']
[0.124s] Level 1:colcon.colcon_core.package_identification:_identify(.) by extension 'ignore'
[0.124s] Level 1:colcon.colcon_core.package_identification:_identify(.) by extension 'ignore_ament_install'
[0.124s] Level 1:colcon.colcon_core.package_identification:_identify(.) by extensions ['colcon_pkg']
[0.124s] Level 1:colcon.colcon_core.package_identification:_identify(.) by extension 'colcon_pkg'
[0.124s] Level 1:colcon.colcon_core.package_identification:_identify(.) by extensions ['colcon_meta']
[0.124s] Level 1:colcon.colcon_core.package_identification:_identify(.) by extension 'colcon_meta'
[0.124s] Level 1:colcon.colcon_core.package_identification:_identify(.) by extensions ['ros']
[0.124s] Level 1:colcon.colcon_core.package_identification:_identify(.) by extension 'ros'
[0.148s] Level 1:colcon.colcon_core.package_identification:_identify(.) by extensions ['cmake', 'python']
[0.148s] Level 1:colcon.colcon_core.package_identification:_identify(.) by extension 'cmake'
[0.148s] Level 1:colcon.colcon_core.package_identification:_identify(.) by extension 'python'
[0.148s] Level 1:colcon.colcon_core.package_identification:_identify(.) by extensions ['python_setup_py']
[0.148s] Level 1:colcon.colcon_core.package_identification:_identify(.) by extension 'python_setup_py'
[0.148s] Level 1:colcon.colcon_core.package_identification:_identify(build) by extensions ['ignore', 'ignore_ament_install']
[0.148s] Level 1:colcon.colcon_core.package_identification:_identify(build) by extension 'ignore'
[0.149s] Level 1:colcon.colcon_core.package_identification:_identify(build) ignored
[0.149s] Level 1:colcon.colcon_core.package_identification:_identify(install) by extensions ['ignore', 'ignore_ament_install']
[0.149s] Level 1:colcon.colcon_core.package_identification:_identify(install) by extension 'ignore'
[0.149s] Level 1:colcon.colcon_core.package_identification:_identify(install) ignored
[0.149s] Level 1:colcon.colcon_core.package_identification:_identify(log) by extensions ['ignore', 'ignore_ament_install']
[0.149s] Level 1:colcon.colcon_core.package_identification:_identify(log) by extension 'ignore'
[0.149s] Level 1:colcon.colcon_core.package_identification:_identify(log) ignored
[0.149s] Level 1:colcon.colcon_core.package_identification:_identify(src) by extensions ['ignore', 'ignore_ament_install']
[0.149s] Level 1:colcon.colcon_core.package_identification:_identify(src) by extension 'ignore'
[0.149s] Level 1:colcon.colcon_core.package_identification:_identify(src) by extension 'ignore_ament_install'
[0.149s] Level 1:colcon.colcon_core.package_identification:_identify(src) by extensions ['colcon_pkg']
[0.149s] Level 1:colcon.colcon_core.package_identification:_identify(src) by extension 'colcon_pkg'
[0.149s] Level 1:colcon.colcon_core.package_identification:_identify(src) by extensions ['colcon_meta']
[0.149s] Level 1:colcon.colcon_core.package_identification:_identify(src) by extension 'colcon_meta'
[0.149s] Level 1:colcon.colcon_core.package_identification:_identify(src) by extensions ['ros']
[0.150s] Level 1:colcon.colcon_core.package_identification:_identify(src) by extension 'ros'
[0.150s] Level 1:colcon.colcon_core.package_identification:_identify(src) by extensions ['cmake', 'python']
[0.150s] Level 1:colcon.colcon_core.package_identification:_identify(src) by extension 'cmake'
[0.150s] Level 1:colcon.colcon_core.package_identification:_identify(src) by extension 'python'
[0.150s] Level 1:colcon.colcon_core.package_identification:_identify(src) by extensions ['python_setup_py']
[0.150s] Level 1:colcon.colcon_core.package_identification:_identify(src) by extension 'python_setup_py'
[0.150s] Level 1:colcon.colcon_core.package_identification:_identify(src/assignment1_rt) by extensions ['ignore', 'ignore_ament_install']
[0.150s] Level 1:colcon.colcon_core.package_identification:_identify(src/assignment1_rt) by extension 'ignore'
[0.150s] Level 1:colcon.colcon_core.package_identification:_identify(src/assignment1_rt) by extension 'ignore_ament_install'
[0.150s] Level 1:colcon.colcon_core.package_identification:_identify(src/assignment1_rt) by extensions ['colcon_pkg']
[0.150s] Level 1:colcon.colcon_core.package_identification:_identify(src/assignment1_rt) by extension 'colcon_pkg'
[0.150s] Level 1:colcon.colcon_core.package_identification:_identify(src/assignment1_rt) by extensions ['colcon_meta']
[0.150s] Level 1:colcon.colcon_core.package_identification:_identify(src/assignment1_rt) by extension 'colcon_meta'
[0.150s] Level 1:colcon.colcon_core.package_identification:_identify(src/assignment1_rt) by extensions ['ros']
[0.150s] Level 1:colcon.colcon_core.package_identification:_identify(src/assignment1_rt) by extension 'ros'
[0.153s] DEBUG:colcon.colcon_core.package_identification:Package 'src/assignment1_rt' with type 'ros.ament_python' and name 'assignment1_rt'
[0.153s] Level 1:colcon.colcon_core.package_identification:_identify(src/rt1_interfaces) by extensions ['ignore', 'ignore_ament_install']
[0.153s] Level 1:colcon.colcon_core.package_identification:_identify(src/rt1_interfaces) by extension 'ignore'
[0.153s] Level 1:colcon.colcon_core.package_identification:_identify(src/rt1_interfaces) by extension 'ignore_ament_install'
[0.153s] Level 1:colcon.colcon_core.package_identification:_identify(src/rt1_interfaces) by extensions ['colcon_pkg']
[0.153s] Level 1:colcon.colcon_core.package_identification:_identify(src/rt1_interfaces) by extension 'colcon_pkg'
[0.153s] Level 1:colcon.colcon_core.package_identification:_identify(src/rt1_interfaces) by extensions ['colcon_meta']
[0.153s] Level 1:colcon.colcon_core.package_identification:_identify(src/rt1_interfaces) by extension 'colcon_meta'
[0.153s] Level 1:colcon.colcon_core.package_identification:_identify(src/rt1_interfaces) by extensions ['ros']
[0.153s] Level 1:colcon.colcon_core.package_identification:_identify(src/rt1_interfaces) by extension 'ros'
[0.154s] DEBUG:colcon.colcon_core.package_identification:Package 'src/rt1_interfaces' with type 'ros.ament_cmake' and name 'rt1_interfaces'
[0.154s] Level 1:colcon.colcon_core.package_discovery:discover_packages(recursive) using defaults
[0.154s] Level 1:colcon.colcon_core.package_discovery:discover_packages(ignore) discover
[0.154s] Level 1:colcon.colcon_core.package_discovery:discover_packages(ignore) using defaults
[0.154s] Level 1:colcon.colcon_core.package_discovery:discover_packages(path) discover
[0.154s] Level 1:colcon.colcon_core.package_discovery:discover_packages(path) using defaults
[0.171s] Level 1:colcon.colcon_core.package_discovery:discover_packages(prefix_path) check parameters
[0.171s] Level 1:colcon.colcon_core.package_discovery:discover_packages(prefix_path) discover
[0.172s] DEBUG:colcon.colcon_installed_package_information.package_discovery:Found 3 installed packages in /home/ric/Desktop/ROS_projects/researchtrack_ws/install
[0.174s] DEBUG:colcon.colcon_installed_package_information.package_discovery:Found 285 installed packages in /opt/ros/jazzy
[0.175s] Level 1:colcon.colcon_core.package_discovery:discover_packages(prefix_path) using defaults
[0.212s] Level 5:colcon.colcon_core.verb:set package 'rt1_interfaces' build argument 'cmake_args' from command line to 'None'
[0.212s] Level 5:colcon.colcon_core.verb:set package 'rt1_interfaces' build argument 'cmake_target' from command line to 'None'
[0.212s] Level 5:colcon.colcon_core.verb:set package 'rt1_interfaces' build argument 'cmake_target_skip_unavailable' from command line to 'False'
[0.212s] Level 5:colcon.colcon_core.verb:set package 'rt1_interfaces' build argument 'cmake_clean_cache' from command line to 'False'
[0.212s] Level 5:colcon.colcon_core.verb:set package 'rt1_interfaces' build argument 'cmake_clean_first' from command line to 'False'
[0.212s] Level 5:colcon.colcon_core.verb:set package 'rt1_interfaces' build argument 'cmake_force_configure' from command line to 'False'
[0.212s] Level 5:colcon.colcon_core.verb:set package 'rt1_interfaces' build argument 'ament_cmake_args' from command line to 'None'
[0.212s] Level 5:colcon.colcon_core.verb:set package 'rt1_interfaces' build argument 'catkin_cmake_args' from command line to 'None'
[0.212s] Level 5:colcon.colcon_core.verb:set package 'rt1_interfaces' build argument 'catkin_skip_building_tests' from command line to 'False'
[0.212s] DEBUG:colcon.colcon_core.verb:Building package 'rt1_interfaces' with the following arguments: {'ament_cmake_args': None, 'build_base': '/home/ric/Desktop/ROS_projects/researchtrack_ws/build/rt1_interfaces', 'catkin_cmake_args': None, 'catkin_skip_building_tests': False, 'cmake_args': None, 'cmake_clean_cache': False, 'cmake_clean_first': False, 'cmake_force_configure': False, 'cmake_target': None, 'cmake_target_skip_unavailable': False, 'install_base': '/home/ric/Desktop/ROS_projects/researchtrack_ws/install/rt1_interfaces', 'merge_install': False, 'path': '/home/ric/Desktop/ROS_projects/researchtrack_ws/src/rt1_interfaces', 'symlink_install': False, 'test_result_base': None}
[0.213s] Level 5:colcon.colcon_core.verb:set package 'assignment1_rt' build argument 'cmake_args' from command line to 'None'
[0.213s] Level 5:colcon.colcon_core.verb:set package 'assignment1_rt' build argument 'cmake_target' from command line to 'None'
[0.213s] Level 5:colcon.colcon_core.verb:set package 'assignment1_rt' build argument 'cmake_target_skip_unavailable' from command line to 'False'
[0.213s] Level 5:colcon.colcon_core.verb:set package 'assignment1_rt' build argument 'cmake_clean_cache' from command line to 'False'
[0.213s] Level 5:colcon.colcon_core.verb:set package 'assignment1_rt' build argument 'cmake_clean_first' from command line to 'False'
[0.213s] Level 5:colcon.colcon_core.verb:set package 'assignment1_rt' build argument 'cmake_force_configure' from command line to 'False'
[0.213s] Level 5:colcon.colcon_core.verb:set package 'assignment1_rt' build argument 'ament_cmake_args' from command line to 'None'
[0.213s] Level 5:colcon.colcon_core.verb:set package 'assignment1_rt' build argument 'catkin_cmake_args' from command line to 'None'
[0.213s] Level 5:colcon.colcon_core.verb:set package 'assignment1_rt' build argument 'catkin_skip_building_tests' from command line to 'False'
[0.213s] DEBUG:colcon.colcon_core.verb:Building package 'assignment1_rt' with the following arguments: {'ament_cmake_args': None, 'build_base': '/home/ric/Desktop/ROS_projects/researchtrack_ws/build/assignment1_rt', 'catkin_cmake_args': None, 'catkin_skip_building_tests': False, 'cmake_args': None, 'cmake_clean_cache': False, 'cmake_clean_first': False, 'cmake_force_configure': False, 'cmake_target': None, 'cmake_target_skip_unavailable': False, 'install_base': '/home/ric/Desktop/ROS_projects/researchtrack_ws/install/assignment1_rt', 'merge_install': False, 'path': '/home/ric/Desktop/ROS_projects/researchtrack_ws/src/assignment1_rt', 'symlink_install': False, 'test_result_base': None}
[0.213s] INFO:colcon.colcon_core.executor:Executing jobs using 'parallel' executor
[0.214s] DEBUG:colcon.colcon_parallel_executor.executor.parallel:run_until_complete
[0.214s] INFO:colcon.colcon_ros.task.ament_cmake.build:Building ROS package in '/home/ric/Desktop/ROS_projects/researchtrack_ws/src/rt1_interfaces' with build type 'ament_cmake'
[0.214s] INFO:colcon.colcon_cmake.task.cmake.build:Building CMake package in '/home/ric/Desktop/ROS_projects/researchtrack_ws/src/rt1_interfaces'
[0.216s] INFO:colcon.colcon_core.plugin_system:Skipping extension 'colcon_core.shell.bat': Not used on non-Windows systems
[0.216s] INFO:colcon.colcon_core.shell:Skip shell extension 'powershell' for command environment: Not usable outside of PowerShell
[0.216s] DEBUG:colcon.colcon_core.shell:Skip shell extension 'dsv' for command environment
[0.225s] DEBUG:colcon.colcon_core.event_handler.log_command:Invoking command in '/home/ric/Desktop/ROS_projects/researchtrack_ws/build/rt1_interfaces': CMAKE_PREFIX_PATH=${CMAKE_PREFIX_PATH}:/home/ric/Desktop/ROS_projects/researchtrack_ws/install/turtlesim_controller:/home/ric/Desktop/ROS_projects/researchtrack_ws/install/assignment1_rt:/opt/ros/jazzy DEBUGINFOD_URLS=https://debuginfod.ubuntu.com /usr/bin/cmake --build /home/ric/Desktop/ROS_projects/researchtrack_ws/build/rt1_interfaces -- -j8 -l8
[0.660s] DEBUG:colcon.colcon_core.event_handler.log_command:Invoked command in '/home/ric/Desktop/ROS_projects/researchtrack_ws/build/rt1_interfaces' returned '0': CMAKE_PREFIX_PATH=${CMAKE_PREFIX_PATH}:/home/ric/Desktop/ROS_projects/researchtrack_ws/install/turtlesim_controller:/home/ric/Desktop/ROS_projects/researchtrack_ws/install/assignment1_rt:/opt/ros/jazzy DEBUGINFOD_URLS=https://debuginfod.ubuntu.com /usr/bin/cmake --build /home/ric/Desktop/ROS_projects/researchtrack_ws/build/rt1_interfaces -- -j8 -l8
[0.669s] DEBUG:colcon.colcon_core.event_handler.log_command:Invoking command in '/home/ric/Desktop/ROS_projects/researchtrack_ws/build/rt1_interfaces': CMAKE_PREFIX_PATH=${CMAKE_PREFIX_PATH}:/home/ric/Desktop/ROS_projects/researchtrack_ws/install/turtlesim_controller:/home/ric/Desktop/ROS_projects/researchtrack_ws/install/assignment1_rt:/opt/ros/jazzy DEBUGINFOD_URLS=https://debuginfod.ubuntu.com /usr/bin/cmake --install /home/ric/Desktop/ROS_projects/researchtrack_ws/build/rt1_interfaces
[0.744s] Level 1:colcon.colcon_core.environment:create_environment_scripts_only(rt1_interfaces)
[0.745s] DEBUG:colcon.colcon_core.event_handler.log_command:Invoked command in '/home/ric/Desktop/ROS_projects/researchtrack_ws/build/rt1_interfaces' returned '0': CMAKE_PREFIX_PATH=${CMAKE_PREFIX_PATH}:/home/ric/Desktop/ROS_projects/researchtrack_ws/install/turtlesim_controller:/home/ric/Desktop/ROS_projects/researchtrack_ws/install/assignment1_rt:/opt/ros/jazzy DEBUGINFOD_URLS=https://debuginfod.ubuntu.com /usr/bin/cmake --install /home/ric/Desktop/ROS_projects/researchtrack_ws/build/rt1_interfaces
[0.747s] Level 1:colcon.colcon_core.environment:checking '/home/ric/Desktop/ROS_projects/researchtrack_ws/install/rt1_interfaces' for CMake module files
[0.749s] Level 1:colcon.colcon_core.environment:checking '/home/ric/Desktop/ROS_projects/researchtrack_ws/install/rt1_interfaces' for CMake config files
[0.749s] Level 1:colcon.colcon_core.shell:create_environment_hook('rt1_interfaces', 'cmake_prefix_path')
[0.749s] INFO:colcon.colcon_core.shell:Creating environment hook '/home/ric/Desktop/ROS_projects/researchtrack_ws/install/rt1_interfaces/share/rt1_interfaces/hook/cmake_prefix_path.ps1'
[0.750s] INFO:colcon.colcon_core.shell:Creating environment descriptor '/home/ric/Desktop/ROS_projects/researchtrack_ws/install/rt1_interfaces/share/rt1_interfaces/hook/cmake_prefix_path.dsv'
[0.751s] INFO:colcon.colcon_core.shell:Creating environment hook '/home/ric/Desktop/ROS_projects/researchtrack_ws/install/rt1_interfaces/share/rt1_interfaces/hook/cmake_prefix_path.sh'
[0.752s] Level 1:colcon.colcon_core.environment:checking '/home/ric/Desktop/ROS_projects/researchtrack_ws/install/rt1_interfaces/lib'
[0.752s] Level 1:colcon.colcon_core.shell:create_environment_hook('rt1_interfaces', 'ld_library_path_lib')
[0.753s] INFO:colcon.colcon_core.shell:Creating environment hook '/home/ric/Desktop/ROS_projects/researchtrack_ws/install/rt1_interfaces/share/rt1_interfaces/hook/ld_library_path_lib.ps1'
[0.753s] INFO:colcon.colcon_core.shell:Creating environment descriptor '/home/ric/Desktop/ROS_projects/researchtrack_ws/install/rt1_interfaces/share/rt1_interfaces/hook/ld_library_path_lib.dsv'
[0.754s] INFO:colcon.colcon_core.shell:Creating environment hook '/home/ric/Desktop/ROS_projects/researchtrack_ws/install/rt1_interfaces/share/rt1_interfaces/hook/ld_library_path_lib.sh'
[0.754s] Level 1:colcon.colcon_core.environment:checking '/home/ric/Desktop/ROS_projects/researchtrack_ws/install/rt1_interfaces/bin'
[0.754s] Level 1:colcon.colcon_core.environment:checking '/home/ric/Desktop/ROS_projects/researchtrack_ws/install/rt1_interfaces/lib/pkgconfig/rt1_interfaces.pc'
[0.754s] Level 1:colcon.colcon_core.environment:checking '/home/ric/Desktop/ROS_projects/researchtrack_ws/install/rt1_interfaces/lib/python3.12/site-packages'
[0.754s] Level 1:colcon.colcon_core.shell:create_environment_hook('rt1_interfaces', 'pythonpath')
[0.755s] INFO:colcon.colcon_core.shell:Creating environment hook '/home/ric/Desktop/ROS_projects/researchtrack_ws/install/rt1_interfaces/share/rt1_interfaces/hook/pythonpath.ps1'
[0.755s] INFO:colcon.colcon_core.shell:Creating environment descriptor '/home/ric/Desktop/ROS_projects/researchtrack_ws/install/rt1_interfaces/share/rt1_interfaces/hook/pythonpath.dsv'
[0.755s] INFO:colcon.colcon_core.shell:Creating environment hook '/home/ric/Desktop/ROS_projects/researchtrack_ws/install/rt1_interfaces/share/rt1_interfaces/hook/pythonpath.sh'
[0.756s] Level 1:colcon.colcon_core.environment:checking '/home/ric/Desktop/ROS_projects/researchtrack_ws/install/rt1_interfaces/bin'
[0.756s] INFO:colcon.colcon_core.shell:Creating package script '/home/ric/Desktop/ROS_projects/researchtrack_ws/install/rt1_interfaces/share/rt1_interfaces/package.ps1'
[0.757s] INFO:colcon.colcon_core.shell:Creating package descriptor '/home/ric/Desktop/ROS_projects/researchtrack_ws/install/rt1_interfaces/share/rt1_interfaces/package.dsv'
[0.757s] INFO:colcon.colcon_core.shell:Creating package script '/home/ric/Desktop/ROS_projects/researchtrack_ws/install/rt1_interfaces/share/rt1_interfaces/package.sh'
[0.758s] INFO:colcon.colcon_core.shell:Creating package script '/home/ric/Desktop/ROS_projects/researchtrack_ws/install/rt1_interfaces/share/rt1_interfaces/package.bash'
[0.758s] INFO:colcon.colcon_core.shell:Creating package script '/home/ric/Desktop/ROS_projects/researchtrack_ws/install/rt1_interfaces/share/rt1_interfaces/package.zsh'
[0.759s] Level 1:colcon.colcon_core.environment:create_file_with_runtime_dependencies(/home/ric/Desktop/ROS_projects/researchtrack_ws/install/rt1_interfaces/share/colcon-core/packages/rt1_interfaces)
[0.759s] Level 1:colcon.colcon_core.environment:create_environment_scripts_only(rt1_interfaces)
[0.759s] Level 1:colcon.colcon_core.environment:checking '/home/ric/Desktop/ROS_projects/researchtrack_ws/install/rt1_interfaces' for CMake module files
[0.760s] Level 1:colcon.colcon_core.environment:checking '/home/ric/Desktop/ROS_projects/researchtrack_ws/install/rt1_interfaces' for CMake config files
[0.760s] Level 1:colcon.colcon_core.shell:create_environment_hook('rt1_interfaces', 'cmake_prefix_path')
[0.761s] INFO:colcon.colcon_core.shell:Creating environment hook '/home/ric/Desktop/ROS_projects/researchtrack_ws/install/rt1_interfaces/share/rt1_interfaces/hook/cmake_prefix_path.ps1'
[0.761s] INFO:colcon.colcon_core.shell:Creating environment descriptor '/home/ric/Desktop/ROS_projects/researchtrack_ws/install/rt1_interfaces/share/rt1_interfaces/hook/cmake_prefix_path.dsv'
[0.761s] INFO:colcon.colcon_core.shell:Creating environment hook '/home/ric/Desktop/ROS_projects/researchtrack_ws/install/rt1_interfaces/share/rt1_interfaces/hook/cmake_prefix_path.sh'
[0.762s] Level 1:colcon.colcon_core.environment:checking '/home/ric/Desktop/ROS_projects/researchtrack_ws/install/rt1_interfaces/lib'
[0.762s] Level 1:colcon.colcon_core.shell:create_environment_hook('rt1_interfaces', 'ld_library_path_lib')
[0.763s] INFO:colcon.colcon_core.shell:Creating environment hook '/home/ric/Desktop/ROS_projects/researchtrack_ws/install/rt1_interfaces/share/rt1_interfaces/hook/ld_library_path_lib.ps1'
[0.764s] INFO:colcon.colcon_core.shell:Creating environment descriptor '/home/ric/Desktop/ROS_projects/researchtrack_ws/install/rt1_interfaces/share/rt1_interfaces/hook/ld_library_path_lib.dsv'
[0.765s] INFO:colcon.colcon_core.shell:Creating environment hook '/home/ric/Desktop/ROS_projects/researchtrack_ws/install/rt1_interfaces/share/rt1_interfaces/hook/ld_library_path_lib.sh'
[0.765s] Level 1:colcon.colcon_core.environment:checking '/home/ric/Desktop/ROS_projects/researchtrack_ws/install/rt1_interfaces/bin'
[0.765s] Level 1:colcon.colcon_core.environment:checking '/home/ric/Desktop/ROS_projects/researchtrack_ws/install/rt1_interfaces/lib/pkgconfig/rt1_interfaces.pc'
[0.766s] Level 1:colcon.colcon_core.environment:checking '/home/ric/Desktop/ROS_projects/researchtrack_ws/install/rt1_interfaces/lib/python3.12/site-packages'
[0.766s] Level 1:colcon.colcon_core.shell:create_environment_hook('rt1_interfaces', 'pythonpath')
[0.766s] INFO:colcon.colcon_core.shell:Creating environment hook '/home/ric/Desktop/ROS_projects/researchtrack_ws/install/rt1_interfaces/share/rt1_interfaces/hook/pythonpath.ps1'
[0.767s] INFO:colcon.colcon_core.shell:Creating environment descriptor '/home/ric/Desktop/ROS_projects/researchtrack_ws/install/rt1_interfaces/share/rt1_interfaces/hook/pythonpath.dsv'
[0.767s] INFO:colcon.colcon_core.shell:Creating environment hook '/home/ric/Desktop/ROS_projects/researchtrack_ws/install/rt1_interfaces/share/rt1_interfaces/hook/pythonpath.sh'
[0.769s] Level 1:colcon.colcon_core.environment:checking '/home/ric/Desktop/ROS_projects/researchtrack_ws/install/rt1_interfaces/bin'
[0.769s] INFO:colcon.colcon_core.shell:Creating package script '/home/ric/Desktop/ROS_projects/researchtrack_ws/install/rt1_interfaces/share/rt1_interfaces/package.ps1'
[0.770s] INFO:colcon.colcon_core.shell:Creating package descriptor '/home/ric/Desktop/ROS_projects/researchtrack_ws/install/rt1_interfaces/share/rt1_interfaces/package.dsv'
[0.770s] INFO:colcon.colcon_core.shell:Creating package script '/home/ric/Desktop/ROS_projects/researchtrack_ws/install/rt1_interfaces/share/rt1_interfaces/package.sh'
[0.771s] INFO:colcon.colcon_core.shell:Creating package script '/home/ric/Desktop/ROS_projects/researchtrack_ws/install/rt1_interfaces/share/rt1_interfaces/package.bash'
[0.772s] INFO:colcon.colcon_core.shell:Creating package script '/home/ric/Desktop/ROS_projects/researchtrack_ws/install/rt1_interfaces/share/rt1_interfaces/package.zsh'
[0.772s] Level 1:colcon.colcon_core.environment:create_file_with_runtime_dependencies(/home/ric/Desktop/ROS_projects/researchtrack_ws/install/rt1_interfaces/share/colcon-core/packages/rt1_interfaces)
[0.773s] INFO:colcon.colcon_ros.task.ament_python.build:Building ROS package in '/home/ric/Desktop/ROS_projects/researchtrack_ws/src/assignment1_rt' with build type 'ament_python'
[0.773s] Level 1:colcon.colcon_core.shell:create_environment_hook('assignment1_rt', 'ament_prefix_path')
[0.773s] INFO:colcon.colcon_core.shell:Creating environment hook '/home/ric/Desktop/ROS_projects/researchtrack_ws/install/assignment1_rt/share/assignment1_rt/hook/ament_prefix_path.ps1'
[0.774s] INFO:colcon.colcon_core.shell:Creating environment descriptor '/home/ric/Desktop/ROS_projects/researchtrack_ws/install/assignment1_rt/share/assignment1_rt/hook/ament_prefix_path.dsv'
[0.774s] INFO:colcon.colcon_core.shell:Creating environment hook '/home/ric/Desktop/ROS_projects/researchtrack_ws/install/assignment1_rt/share/assignment1_rt/hook/ament_prefix_path.sh'
[0.775s] INFO:colcon.colcon_core.shell:Skip shell extension 'powershell' for command environment: Not usable outside of PowerShell
[0.775s] DEBUG:colcon.colcon_core.shell:Skip shell extension 'dsv' for command environment
[1.013s] INFO:colcon.colcon_core.task.python.build:Building Python package in '/home/ric/Desktop/ROS_projects/researchtrack_ws/src/assignment1_rt'
[1.014s] INFO:colcon.colcon_core.shell:Skip shell extension 'powershell' for command environment: Not usable outside of PowerShell
[1.014s] DEBUG:colcon.colcon_core.shell:Skip shell extension 'dsv' for command environment
[1.584s] DEBUG:colcon.colcon_core.event_handler.log_command:Invoking command in '/home/ric/Desktop/ROS_projects/researchtrack_ws/src/assignment1_rt': DEBUGINFOD_URLS=https://debuginfod.ubuntu.com PYTHONPATH=/home/ric/Desktop/ROS_projects/researchtrack_ws/build/assignment1_rt/prefix_override:/usr/lib/python3/dist-packages/colcon_core/task/python/colcon_distutils_commands:/home/ric/Desktop/ROS_projects/researchtrack_ws/install/assignment1_rt/lib/python3.12/site-packages:${PYTHONPATH} /usr/bin/python3 -W ignore:setup.py install is deprecated -W ignore:easy_install command is deprecated setup.py egg_info --egg-base ../../build/assignment1_rt build --build-base /home/ric/Desktop/ROS_projects/researchtrack_ws/build/assignment1_rt/build install --record /home/ric/Desktop/ROS_projects/researchtrack_ws/build/assignment1_rt/install.log --single-version-externally-managed install_data
[2.129s] Level 1:colcon.colcon_core.environment:checking '/home/ric/Desktop/ROS_projects/researchtrack_ws/install/assignment1_rt' for CMake module files
[2.130s] DEBUG:colcon.colcon_core.event_handler.log_command:Invoked command in '/home/ric/Desktop/ROS_projects/researchtrack_ws/src/assignment1_rt' returned '0': DEBUGINFOD_URLS=https://debuginfod.ubuntu.com PYTHONPATH=/home/ric/Desktop/ROS_projects/researchtrack_ws/build/assignment1_rt/prefix_override:/usr/lib/python3/dist-packages/colcon_core/task/python/colcon_distutils_commands:/home/ric/Desktop/ROS_projects/researchtrack_ws/install/assignment1_rt/lib/python3.12/site-packages:${PYTHONPATH} /usr/bin/python3 -W ignore:setup.py install is deprecated -W ignore:easy_install command is deprecated setup.py egg_info --egg-base ../../build/assignment1_rt build --build-base /home/ric/Desktop/ROS_projects/researchtrack_ws/build/assignment1_rt/build install --record /home/ric/Desktop/ROS_projects/researchtrack_ws/build/assignment1_rt/install.log --single-version-externally-managed install_data
[2.131s] Level 1:colcon.colcon_core.environment:checking '/home/ric/Desktop/ROS_projects/researchtrack_ws/install/assignment1_rt' for CMake config files
[2.133s] Level 1:colcon.colcon_core.environment:checking '/home/ric/Desktop/ROS_projects/researchtrack_ws/install/assignment1_rt/lib'
[2.133s] Level 1:colcon.colcon_core.environment:checking '/home/ric/Desktop/ROS_projects/researchtrack_ws/install/assignment1_rt/bin'
[2.133s] Level 1:colcon.colcon_core.environment:checking '/home/ric/Desktop/ROS_projects/researchtrack_ws/install/assignment1_rt/lib/pkgconfig/assignment1_rt.pc'
[2.134s] Level 1:colcon.colcon_core.environment:checking '/home/ric/Desktop/ROS_projects/researchtrack_ws/install/assignment1_rt/lib/python3.12/site-packages'
[2.134s] Level 1:colcon.colcon_core.shell:create_environment_hook('assignment1_rt', 'pythonpath')
[2.134s] INFO:colcon.colcon_core.shell:Creating environment hook '/home/ric/Desktop/ROS_projects/researchtrack_ws/install/assignment1_rt/share/assignment1_rt/hook/pythonpath.ps1'
[2.135s] INFO:colcon.colcon_core.shell:Creating environment descriptor '/home/ric/Desktop/ROS_projects/researchtrack_ws/install/assignment1_rt/share/assignment1_rt/hook/pythonpath.dsv'
[2.135s] INFO:colcon.colcon_core.shell:Creating environment hook '/home/ric/Desktop/ROS_projects/researchtrack_ws/install/assignment1_rt/share/assignment1_rt/hook/pythonpath.sh'
[2.136s] Level 1:colcon.colcon_core.environment:checking '/home/ric/Desktop/ROS_projects/researchtrack_ws/install/assignment1_rt/bin'
[2.136s] Level 1:colcon.colcon_core.environment:create_environment_scripts_only(assignment1_rt)
[2.137s] INFO:colcon.colcon_core.shell:Creating package script '/home/ric/Desktop/ROS_projects/researchtrack_ws/install/assignment1_rt/share/assignment1_rt/package.ps1'
[2.138s] INFO:colcon.colcon_core.shell:Creating package descriptor '/home/ric/Desktop/ROS_projects/researchtrack_ws/install/assignment1_rt/share/assignment1_rt/package.dsv'
[2.139s] INFO:colcon.colcon_core.shell:Creating package script '/home/ric/Desktop/ROS_projects/researchtrack_ws/install/assignment1_rt/share/assignment1_rt/package.sh'
[2.139s] INFO:colcon.colcon_core.shell:Creating package script '/home/ric/Desktop/ROS_projects/researchtrack_ws/install/assignment1_rt/share/assignment1_rt/package.bash'
[2.139s] INFO:colcon.colcon_core.shell:Creating package script '/home/ric/Desktop/ROS_projects/researchtrack_ws/install/assignment1_rt/share/assignment1_rt/package.zsh'
[2.140s] Level 1:colcon.colcon_core.environment:create_file_with_runtime_dependencies(/home/ric/Desktop/ROS_projects/researchtrack_ws/install/assignment1_rt/share/colcon-core/packages/assignment1_rt)
[2.140s] DEBUG:colcon.colcon_parallel_executor.executor.parallel:closing loop
[2.141s] DEBUG:colcon.colcon_parallel_executor.executor.parallel:loop closed
[2.141s] DEBUG:colcon.colcon_parallel_executor.executor.parallel:run_until_complete finished with '0'
[2.141s] DEBUG:colcon.colcon_core.event_reactor:joining thread
[2.147s] INFO:colcon.colcon_core.plugin_system:Skipping extension 'colcon_notification.desktop_notification.terminal_notifier': Not used on non-Darwin systems
[2.147s] INFO:colcon.colcon_core.plugin_system:Skipping extension 'colcon_notification.desktop_notification.win32': Not used on non-Windows systems
[2.147s] INFO:colcon.colcon_notification.desktop_notification:Sending desktop notification using 'notify2'
[2.175s] DEBUG:colcon.colcon_core.event_reactor:joined thread
[2.175s] INFO:colcon.colcon_core.shell:Creating prefix script '/home/ric/Desktop/ROS_projects/researchtrack_ws/install/local_setup.ps1'
[2.182s] INFO:colcon.colcon_core.shell:Creating prefix util module '/home/ric/Desktop/ROS_projects/researchtrack_ws/install/_local_setup_util_ps1.py'
[2.184s] INFO:colcon.colcon_core.shell:Creating prefix chain script '/home/ric/Desktop/ROS_projects/researchtrack_ws/install/setup.ps1'
[2.190s] INFO:colcon.colcon_core.shell:Creating prefix script '/home/ric/Desktop/ROS_projects/researchtrack_ws/install/local_setup.sh'
[2.191s] INFO:colcon.colcon_core.shell:Creating prefix util module '/home/ric/Desktop/ROS_projects/researchtrack_ws/install/_local_setup_util_sh.py'
[2.192s] INFO:colcon.colcon_core.shell:Creating prefix chain script '/home/ric/Desktop/ROS_projects/researchtrack_ws/install/setup.sh'
[2.194s] INFO:colcon.colcon_core.shell:Creating prefix script '/home/ric/Desktop/ROS_projects/researchtrack_ws/install/local_setup.bash'
[2.195s] INFO:colcon.colcon_core.shell:Creating prefix chain script '/home/ric/Desktop/ROS_projects/researchtrack_ws/install/setup.bash'
[2.197s] INFO:colcon.colcon_core.shell:Creating prefix script '/home/ric/Desktop/ROS_projects/researchtrack_ws/install/local_setup.zsh'
[2.199s] INFO:colcon.colcon_core.shell:Creating prefix chain script '/home/ric/Desktop/ROS_projects/researchtrack_ws/install/setup.zsh'
