[0.805s] Invoking command in '/home/ric/Desktop/ROS_projects/researchtrack_ws/src/assignment1_rt': DEBUGINFOD_URLS=https://debuginfod.ubuntu.com PYTHONPATH=/home/ric/Desktop/ROS_projects/researchtrack_ws/src/assignment1_rt/build/assignment1_rt/prefix_override:/usr/lib/python3/dist-packages/colcon_core/task/python/colcon_distutils_commands:/home/ric/Desktop/ROS_projects/researchtrack_ws/src/assignment1_rt/install/assignment1_rt/lib/python3.12/site-packages:${PYTHONPATH} /usr/bin/python3 -W ignore:setup.py install is deprecated -W ignore:easy_install command is deprecated setup.py egg_info --egg-base build/assignment1_rt build --build-base /home/ric/Desktop/ROS_projects/researchtrack_ws/src/assignment1_rt/build/assignment1_rt/build install --record /home/ric/Desktop/ROS_projects/researchtrack_ws/src/assignment1_rt/build/assignment1_rt/install.log --single-version-externally-managed install_data
[1.075s] running egg_info
[1.075s] creating build/assignment1_rt/assignment1_rt.egg-info
[1.094s] writing build/assignment1_rt/assignment1_rt.egg-info/PKG-INFO
[1.094s] writing dependency_links to build/assignment1_rt/assignment1_rt.egg-info/dependency_links.txt
[1.094s] writing entry points to build/assignment1_rt/assignment1_rt.egg-info/entry_points.txt
[1.094s] writing requirements to build/assignment1_rt/assignment1_rt.egg-info/requires.txt
[1.094s] writing top-level names to build/assignment1_rt/assignment1_rt.egg-info/top_level.txt
[1.094s] writing manifest file 'build/assignment1_rt/assignment1_rt.egg-info/SOURCES.txt'
[1.142s] reading manifest file 'build/assignment1_rt/assignment1_rt.egg-info/SOURCES.txt'
[1.142s] writing manifest file 'build/assignment1_rt/assignment1_rt.egg-info/SOURCES.txt'
[1.142s] running build
[1.142s] running build_py
[1.142s] creating /home/ric/Desktop/ROS_projects/researchtrack_ws/src/assignment1_rt/build/assignment1_rt/build
[1.143s] creating /home/ric/Desktop/ROS_projects/researchtrack_ws/src/assignment1_rt/build/assignment1_rt/build/lib
[1.143s] creating /home/ric/Desktop/ROS_projects/researchtrack_ws/src/assignment1_rt/build/assignment1_rt/build/lib/assignment1_rt
[1.143s] copying assignment1_rt/__init__.py -> /home/ric/Desktop/ROS_projects/researchtrack_ws/src/assignment1_rt/build/assignment1_rt/build/lib/assignment1_rt
[1.143s] copying assignment1_rt/TurtleManager.py -> /home/ric/Desktop/ROS_projects/researchtrack_ws/src/assignment1_rt/build/assignment1_rt/build/lib/assignment1_rt
[1.143s] copying assignment1_rt/UI.py -> /home/ric/Desktop/ROS_projects/researchtrack_ws/src/assignment1_rt/build/assignment1_rt/build/lib/assignment1_rt
[1.143s] running install
[1.150s] running install_lib
[1.175s] creating /home/ric/Desktop/ROS_projects/researchtrack_ws/src/assignment1_rt/install/assignment1_rt/lib/python3.12/site-packages/assignment1_rt
[1.175s] copying /home/ric/Desktop/ROS_projects/researchtrack_ws/src/assignment1_rt/build/assignment1_rt/build/lib/assignment1_rt/__init__.py -> /home/ric/Desktop/ROS_projects/researchtrack_ws/src/assignment1_rt/install/assignment1_rt/lib/python3.12/site-packages/assignment1_rt
[1.175s] copying /home/ric/Desktop/ROS_projects/researchtrack_ws/src/assignment1_rt/build/assignment1_rt/build/lib/assignment1_rt/TurtleManager.py -> /home/ric/Desktop/ROS_projects/researchtrack_ws/src/assignment1_rt/install/assignment1_rt/lib/python3.12/site-packages/assignment1_rt
[1.175s] copying /home/ric/Desktop/ROS_projects/researchtrack_ws/src/assignment1_rt/build/assignment1_rt/build/lib/assignment1_rt/UI.py -> /home/ric/Desktop/ROS_projects/researchtrack_ws/src/assignment1_rt/install/assignment1_rt/lib/python3.12/site-packages/assignment1_rt
[1.175s] byte-compiling /home/ric/Desktop/ROS_projects/researchtrack_ws/src/assignment1_rt/install/assignment1_rt/lib/python3.12/site-packages/assignment1_rt/__init__.py to __init__.cpython-312.pyc
[1.175s] byte-compiling /home/ric/Desktop/ROS_projects/researchtrack_ws/src/assignment1_rt/install/assignment1_rt/lib/python3.12/site-packages/assignment1_rt/TurtleManager.py to TurtleManager.cpython-312.pyc
[1.176s] byte-compiling /home/ric/Desktop/ROS_projects/researchtrack_ws/src/assignment1_rt/install/assignment1_rt/lib/python3.12/site-packages/assignment1_rt/UI.py to UI.cpython-312.pyc
[1.176s] running install_data
[1.177s] creating /home/ric/Desktop/ROS_projects/researchtrack_ws/src/assignment1_rt/install/assignment1_rt/share/ament_index
[1.177s] creating /home/ric/Desktop/ROS_projects/researchtrack_ws/src/assignment1_rt/install/assignment1_rt/share/ament_index/resource_index
[1.177s] creating /home/ric/Desktop/ROS_projects/researchtrack_ws/src/assignment1_rt/install/assignment1_rt/share/ament_index/resource_index/packages
[1.177s] copying resource/assignment1_rt -> /home/ric/Desktop/ROS_projects/researchtrack_ws/src/assignment1_rt/install/assignment1_rt/share/ament_index/resource_index/packages
[1.177s] copying package.xml -> /home/ric/Desktop/ROS_projects/researchtrack_ws/src/assignment1_rt/install/assignment1_rt/share/assignment1_rt
[1.177s] creating /home/ric/Desktop/ROS_projects/researchtrack_ws/src/assignment1_rt/install/assignment1_rt/share/assignment1_rt/launch
[1.177s] copying launch/assignment1.launch.py -> /home/ric/Desktop/ROS_projects/researchtrack_ws/src/assignment1_rt/install/assignment1_rt/share/assignment1_rt/launch
[1.177s] running install_egg_info
[1.200s] Copying build/assignment1_rt/assignment1_rt.egg-info to /home/ric/Desktop/ROS_projects/researchtrack_ws/src/assignment1_rt/install/assignment1_rt/lib/python3.12/site-packages/assignment1_rt-0.1.0-py3.12.egg-info
[1.202s] running install_scripts
[1.360s] Installing TurtleManager script to /home/ric/Desktop/ROS_projects/researchtrack_ws/src/assignment1_rt/install/assignment1_rt/lib/assignment1_rt
[1.360s] Installing UI script to /home/ric/Desktop/ROS_projects/researchtrack_ws/src/assignment1_rt/install/assignment1_rt/lib/assignment1_rt
[1.360s] writing list of installed files to '/home/ric/Desktop/ROS_projects/researchtrack_ws/src/assignment1_rt/build/assignment1_rt/install.log'
[1.391s] Invoked command in '/home/ric/Desktop/ROS_projects/researchtrack_ws/src/assignment1_rt' returned '0': DEBUGINFOD_URLS=https://debuginfod.ubuntu.com PYTHONPATH=/home/ric/Desktop/ROS_projects/researchtrack_ws/src/assignment1_rt/build/assignment1_rt/prefix_override:/usr/lib/python3/dist-packages/colcon_core/task/python/colcon_distutils_commands:/home/ric/Desktop/ROS_projects/researchtrack_ws/src/assignment1_rt/install/assignment1_rt/lib/python3.12/site-packages:${PYTHONPATH} /usr/bin/python3 -W ignore:setup.py install is deprecated -W ignore:easy_install command is deprecated setup.py egg_info --egg-base build/assignment1_rt build --build-base /home/ric/Desktop/ROS_projects/researchtrack_ws/src/assignment1_rt/build/assignment1_rt/build install --record /home/ric/Desktop/ROS_projects/researchtrack_ws/src/assignment1_rt/build/assignment1_rt/install.log --single-version-externally-managed install_data
