[0.219s] Invoking command in '/home/ric/Desktop/ROS_projects/researchtrack_ws/build/rt1_interfaces': CMAKE_PREFIX_PATH=${CMAKE_PREFIX_PATH}:/opt/ros/jazzy DEBUGINFOD_URLS=https://debuginfod.ubuntu.com /usr/bin/cmake /home/ric/Desktop/ROS_projects/researchtrack_ws/src/rt1_interfaces -DCMAKE_INSTALL_PREFIX=/home/ric/Desktop/ROS_projects/researchtrack_ws/install/rt1_interfaces
[0.416s] -- The C compiler identification is GNU 13.3.0
[0.594s] -- The CXX compiler identification is GNU 13.3.0
[0.620s] -- Detecting C compiler ABI info
[0.710s] -- Detecting C compiler ABI info - done
[0.720s] -- Check for working C compiler: /usr/bin/cc - skipped
[0.721s] -- Detecting C compile features
[0.722s] -- Detecting C compile features - done
[0.733s] -- Detecting CXX compiler ABI info
[0.843s] -- Detecting CXX compiler ABI info - done
[0.852s] -- Check for working CXX compiler: /usr/bin/c++ - skipped
[0.852s] -- Detecting CXX compile features
[0.853s] -- Detecting CXX compile features - done
[0.858s] -- Found ament_cmake: 2.5.4 (/opt/ros/jazzy/share/ament_cmake/cmake)
[0.995s] -- Found Python3: /usr/bin/python3 (found version "3.12.3") found components: Interpreter 
[1.127s] -- Found ament_lint_auto: 0.17.3 (/opt/ros/jazzy/share/ament_lint_auto/cmake)
[1.244s] -- Found geometry_msgs: 5.3.6 (/opt/ros/jazzy/share/geometry_msgs/cmake)
[1.319s] -- Found rosidl_generator_c: 4.6.6 (/opt/ros/jazzy/share/rosidl_generator_c/cmake)
[1.342s] -- Found rosidl_generator_cpp: 4.6.6 (/opt/ros/jazzy/share/rosidl_generator_cpp/cmake)
[1.376s] -- Using all available rosidl_typesupport_c: rosidl_typesupport_fastrtps_c;rosidl_typesupport_introspection_c
[1.409s] -- Using all available rosidl_typesupport_cpp: rosidl_typesupport_fastrtps_cpp;rosidl_typesupport_introspection_cpp
[1.488s] -- Found rosidl_default_generators: 1.6.0 (/opt/ros/jazzy/share/rosidl_default_generators/cmake)
[1.504s] -- Found rosidl_adapter: 4.6.6 (/opt/ros/jazzy/share/rosidl_adapter/cmake)
[1.509s] [31mCMake Error at /opt/ros/jazzy/share/rosidl_cmake/cmake/rosidl_generate_interfaces.cmake:95 (message):
[1.509s]   rosidl_generate_interfaces() the passed file 'msg/Num.msg' doesn't exist
[1.509s]   relative to the CMAKE_CURRENT_SOURCE_DIR
[1.509s]   '/home/ric/Desktop/ROS_projects/researchtrack_ws/src/rt1_interfaces'
[1.509s] Call Stack (most recent call first):
[1.509s]   CMakeLists.txt:30 (rosidl_generate_interfaces)
[1.510s] 
[1.510s] [0m
[1.510s] -- Configuring incomplete, errors occurred!
[1.515s] Invoked command in '/home/ric/Desktop/ROS_projects/researchtrack_ws/build/rt1_interfaces' returned '1': CMAKE_PREFIX_PATH=${CMAKE_PREFIX_PATH}:/opt/ros/jazzy DEBUGINFOD_URLS=https://debuginfod.ubuntu.com /usr/bin/cmake /home/ric/Desktop/ROS_projects/researchtrack_ws/src/rt1_interfaces -DCMAKE_INSTALL_PREFIX=/home/ric/Desktop/ROS_projects/researchtrack_ws/install/rt1_interfaces
