[1.620s] Invoking command in '/home/ric/Desktop/ROS_projects/researchtrack_ws/src/turtlesim_controller': DEBUGINFOD_URLS=https://debuginfod.ubuntu.com PYTHONPATH=/home/ric/Desktop/ROS_projects/researchtrack_ws/build/turtlesim_controller/prefix_override:/usr/lib/python3/dist-packages/colcon_core/task/python/colcon_distutils_commands:/home/ric/Desktop/ROS_projects/researchtrack_ws/install/turtlesim_controller/lib/python3.12/site-packages:${PYTHONPATH} /usr/bin/python3 -W ignore:setup.py install is deprecated -W ignore:easy_install command is deprecated setup.py egg_info --egg-base ../../build/turtlesim_controller build --build-base /home/ric/Desktop/ROS_projects/researchtrack_ws/build/turtlesim_controller/build install --record /home/ric/Desktop/ROS_projects/researchtrack_ws/build/turtlesim_controller/install.log --single-version-externally-managed install_data
[2.147s] running egg_info
[2.185s] writing ../../build/turtlesim_controller/turtlesim_controller.egg-info/PKG-INFO
[2.185s] writing dependency_links to ../../build/turtlesim_controller/turtlesim_controller.egg-info/dependency_links.txt
[2.186s] writing entry points to ../../build/turtlesim_controller/turtlesim_controller.egg-info/entry_points.txt
[2.186s] writing requirements to ../../build/turtlesim_controller/turtlesim_controller.egg-info/requires.txt
[2.186s] writing top-level names to ../../build/turtlesim_controller/turtlesim_controller.egg-info/top_level.txt
[2.269s] reading manifest file '../../build/turtlesim_controller/turtlesim_controller.egg-info/SOURCES.txt'
[2.271s] writing manifest file '../../build/turtlesim_controller/turtlesim_controller.egg-info/SOURCES.txt'
[2.271s] running build
[2.271s] running build_py
[2.272s] running install
[2.285s] running install_lib
[2.327s] running install_data
[2.328s] running install_egg_info
[2.370s] removing '/home/ric/Desktop/ROS_projects/researchtrack_ws/install/turtlesim_controller/lib/python3.12/site-packages/turtlesim_controller-0.0.0-py3.12.egg-info' (and everything under it)
[2.371s] Copying ../../build/turtlesim_controller/turtlesim_controller.egg-info to /home/ric/Desktop/ROS_projects/researchtrack_ws/install/turtlesim_controller/lib/python3.12/site-packages/turtlesim_controller-0.0.0-py3.12.egg-info
[2.374s] running install_scripts
[2.648s] Installing turtlesim_controller script to /home/ric/Desktop/ROS_projects/researchtrack_ws/install/turtlesim_controller/lib/turtlesim_controller
[2.649s] writing list of installed files to '/home/ric/Desktop/ROS_projects/researchtrack_ws/build/turtlesim_controller/install.log'
[2.695s] Invoked command in '/home/ric/Desktop/ROS_projects/researchtrack_ws/src/turtlesim_controller' returned '0': DEBUGINFOD_URLS=https://debuginfod.ubuntu.com PYTHONPATH=/home/ric/Desktop/ROS_projects/researchtrack_ws/build/turtlesim_controller/prefix_override:/usr/lib/python3/dist-packages/colcon_core/task/python/colcon_distutils_commands:/home/ric/Desktop/ROS_projects/researchtrack_ws/install/turtlesim_controller/lib/python3.12/site-packages:${PYTHONPATH} /usr/bin/python3 -W ignore:setup.py install is deprecated -W ignore:easy_install command is deprecated setup.py egg_info --egg-base ../../build/turtlesim_controller build --build-base /home/ric/Desktop/ROS_projects/researchtrack_ws/build/turtlesim_controller/build install --record /home/ric/Desktop/ROS_projects/researchtrack_ws/build/turtlesim_controller/install.log --single-version-externally-managed install_data
