[0.107s] DEBUG:colcon:Command line arguments: ['/usr/bin/colcon', 'build']
[0.107s] DEBUG:colcon:Parsed command line arguments: Namespace(log_base=None, log_level=None, verb_name='build', build_base='build', install_base='install', merge_install=False, symlink_install=False, test_result_base=None, continue_on_error=False, executor='parallel', parallel_workers=8, event_handlers=None, ignore_user_meta=False, metas=['./colcon.meta'], base_paths=['.'], packages_ignore=None, packages_ignore_regex=None, paths=None, packages_up_to=None, packages_up_to_regex=None, packages_above=None, packages_above_and_dependencies=None, packages_above_depth=None, packages_select_by_dep=None, packages_skip_by_dep=None, packages_skip_up_to=None, packages_select_build_failed=False, packages_skip_build_finished=False, packages_select_test_failures=False, packages_skip_test_passed=False, packages_select=None, packages_skip=None, packages_select_regex=None, packages_skip_regex=None, packages_start=None, packages_end=None, allow_overriding=[], cmake_args=None, cmake_target=None, cmake_target_skip_unavailable=False, cmake_clean_cache=False, cmake_clean_first=False, cmake_force_configure=False, ament_cmake_args=None, catkin_cmake_args=None, catkin_skip_building_tests=False, mixin_files=None, mixin=None, verb_parser=<colcon_mixin.mixin.mixin_argument.MixinArgumentDecorator object at 0x7764a4c99a60>, verb_extension=<colcon_core.verb.build.BuildVerb object at 0x7764a4dc61e0>, main=<bound method BuildVerb.main of <colcon_core.verb.build.BuildVerb object at 0x7764a4dc61e0>>, mixin_verb=('build',))
[0.150s] Level 1:colcon.colcon_core.package_discovery:discover_packages(colcon_meta) check parameters
[0.150s] Level 1:colcon.colcon_core.package_discovery:discover_packages(recursive) check parameters
[0.150s] Level 1:colcon.colcon_core.package_discovery:discover_packages(ignore) check parameters
[0.150s] Level 1:colcon.colcon_core.package_discovery:discover_packages(path) check parameters
[0.150s] Level 1:colcon.colcon_core.package_discovery:discover_packages(colcon_meta) discover
[0.151s] Level 1:colcon.colcon_core.package_discovery:discover_packages(recursive) discover
[0.151s] INFO:colcon.colcon_core.package_discovery:Crawling recursively for packages in '/home/ric/Desktop/ROS_projects/researchtrack_ws'
[0.151s] Level 1:colcon.colcon_core.package_identification:_identify(.) by extensions ['ignore', 'ignore_ament_install']
[0.151s] Level 1:colcon.colcon_core.package_identification:_identify(.) by extension 'ignore'
[0.151s] Level 1:colcon.colcon_core.package_identification:_identify(.) by extension 'ignore_ament_install'
[0.151s] Level 1:colcon.colcon_core.package_identification:_identify(.) by extensions ['colcon_pkg']
[0.151s] Level 1:colcon.colcon_core.package_identification:_identify(.) by extension 'colcon_pkg'
[0.151s] Level 1:colcon.colcon_core.package_identification:_identify(.) by extensions ['colcon_meta']
[0.151s] Level 1:colcon.colcon_core.package_identification:_identify(.) by extension 'colcon_meta'
[0.151s] Level 1:colcon.colcon_core.package_identification:_identify(.) by extensions ['ros']
[0.151s] Level 1:colcon.colcon_core.package_identification:_identify(.) by extension 'ros'
[0.179s] Level 1:colcon.colcon_core.package_identification:_identify(.) by extensions ['cmake', 'python']
[0.180s] Level 1:colcon.colcon_core.package_identification:_identify(.) by extension 'cmake'
[0.180s] Level 1:colcon.colcon_core.package_identification:_identify(.) by extension 'python'
[0.180s] Level 1:colcon.colcon_core.package_identification:_identify(.) by extensions ['python_setup_py']
[0.180s] Level 1:colcon.colcon_core.package_identification:_identify(.) by extension 'python_setup_py'
[0.180s] Level 1:colcon.colcon_core.package_identification:_identify(build) by extensions ['ignore', 'ignore_ament_install']
[0.180s] Level 1:colcon.colcon_core.package_identification:_identify(build) by extension 'ignore'
[0.180s] Level 1:colcon.colcon_core.package_identification:_identify(build) ignored
[0.180s] Level 1:colcon.colcon_core.package_identification:_identify(install) by extensions ['ignore', 'ignore_ament_install']
[0.180s] Level 1:colcon.colcon_core.package_identification:_identify(install) by extension 'ignore'
[0.181s] Level 1:colcon.colcon_core.package_identification:_identify(install) ignored
[0.181s] Level 1:colcon.colcon_core.package_identification:_identify(log) by extensions ['ignore', 'ignore_ament_install']
[0.181s] Level 1:colcon.colcon_core.package_identification:_identify(log) by extension 'ignore'
[0.181s] Level 1:colcon.colcon_core.package_identification:_identify(log) ignored
[0.181s] Level 1:colcon.colcon_core.package_identification:_identify(src) by extensions ['ignore', 'ignore_ament_install']
[0.181s] Level 1:colcon.colcon_core.package_identification:_identify(src) by extension 'ignore'
[0.181s] Level 1:colcon.colcon_core.package_identification:_identify(src) by extension 'ignore_ament_install'
[0.181s] Level 1:colcon.colcon_core.package_identification:_identify(src) by extensions ['colcon_pkg']
[0.182s] Level 1:colcon.colcon_core.package_identification:_identify(src) by extension 'colcon_pkg'
[0.182s] Level 1:colcon.colcon_core.package_identification:_identify(src) by extensions ['colcon_meta']
[0.182s] Level 1:colcon.colcon_core.package_identification:_identify(src) by extension 'colcon_meta'
[0.182s] Level 1:colcon.colcon_core.package_identification:_identify(src) by extensions ['ros']
[0.182s] Level 1:colcon.colcon_core.package_identification:_identify(src) by extension 'ros'
[0.182s] Level 1:colcon.colcon_core.package_identification:_identify(src) by extensions ['cmake', 'python']
[0.182s] Level 1:colcon.colcon_core.package_identification:_identify(src) by extension 'cmake'
[0.182s] Level 1:colcon.colcon_core.package_identification:_identify(src) by extension 'python'
[0.182s] Level 1:colcon.colcon_core.package_identification:_identify(src) by extensions ['python_setup_py']
[0.182s] Level 1:colcon.colcon_core.package_identification:_identify(src) by extension 'python_setup_py'
[0.182s] Level 1:colcon.colcon_core.package_identification:_identify(src/assignment1_rt) by extensions ['ignore', 'ignore_ament_install']
[0.182s] Level 1:colcon.colcon_core.package_identification:_identify(src/assignment1_rt) by extension 'ignore'
[0.182s] Level 1:colcon.colcon_core.package_identification:_identify(src/assignment1_rt) by extension 'ignore_ament_install'
[0.182s] Level 1:colcon.colcon_core.package_identification:_identify(src/assignment1_rt) by extensions ['colcon_pkg']
[0.182s] Level 1:colcon.colcon_core.package_identification:_identify(src/assignment1_rt) by extension 'colcon_pkg'
[0.183s] Level 1:colcon.colcon_core.package_identification:_identify(src/assignment1_rt) by extensions ['colcon_meta']
[0.183s] Level 1:colcon.colcon_core.package_identification:_identify(src/assignment1_rt) by extension 'colcon_meta'
[0.183s] Level 1:colcon.colcon_core.package_identification:_identify(src/assignment1_rt) by extensions ['ros']
[0.183s] Level 1:colcon.colcon_core.package_identification:_identify(src/assignment1_rt) by extension 'ros'
[0.186s] DEBUG:colcon.colcon_core.package_identification:Package 'src/assignment1_rt' with type 'ros.ament_python' and name 'assignment1_rt'
[0.186s] Level 1:colcon.colcon_core.package_identification:_identify(src/rt1_interfaces) by extensions ['ignore', 'ignore_ament_install']
[0.186s] Level 1:colcon.colcon_core.package_identification:_identify(src/rt1_interfaces) by extension 'ignore'
[0.186s] Level 1:colcon.colcon_core.package_identification:_identify(src/rt1_interfaces) by extension 'ignore_ament_install'
[0.186s] Level 1:colcon.colcon_core.package_identification:_identify(src/rt1_interfaces) by extensions ['colcon_pkg']
[0.186s] Level 1:colcon.colcon_core.package_identification:_identify(src/rt1_interfaces) by extension 'colcon_pkg'
[0.186s] Level 1:colcon.colcon_core.package_identification:_identify(src/rt1_interfaces) by extensions ['colcon_meta']
[0.186s] Level 1:colcon.colcon_core.package_identification:_identify(src/rt1_interfaces) by extension 'colcon_meta'
[0.187s] Level 1:colcon.colcon_core.package_identification:_identify(src/rt1_interfaces) by extensions ['ros']
[0.187s] Level 1:colcon.colcon_core.package_identification:_identify(src/rt1_interfaces) by extension 'ros'
[0.187s] DEBUG:colcon.colcon_core.package_identification:Package 'src/rt1_interfaces' with type 'ros.ament_cmake' and name 'rt1_interfaces'
[0.187s] Level 1:colcon.colcon_core.package_discovery:discover_packages(recursive) using defaults
[0.187s] Level 1:colcon.colcon_core.package_discovery:discover_packages(ignore) discover
[0.187s] Level 1:colcon.colcon_core.package_discovery:discover_packages(ignore) using defaults
[0.187s] Level 1:colcon.colcon_core.package_discovery:discover_packages(path) discover
[0.187s] Level 1:colcon.colcon_core.package_discovery:discover_packages(path) using defaults
[0.205s] Level 1:colcon.colcon_core.package_discovery:discover_packages(prefix_path) check parameters
[0.205s] Level 1:colcon.colcon_core.package_discovery:discover_packages(prefix_path) discover
[0.207s] DEBUG:colcon.colcon_installed_package_information.package_discovery:Found 3 installed packages in /home/ric/Desktop/ROS_projects/researchtrack_ws/install
[0.209s] DEBUG:colcon.colcon_installed_package_information.package_discovery:Found 285 installed packages in /opt/ros/jazzy
[0.210s] Level 1:colcon.colcon_core.package_discovery:discover_packages(prefix_path) using defaults
[0.249s] Level 5:colcon.colcon_core.verb:set package 'rt1_interfaces' build argument 'cmake_args' from command line to 'None'
[0.249s] Level 5:colcon.colcon_core.verb:set package 'rt1_interfaces' build argument 'cmake_target' from command line to 'None'
[0.249s] Level 5:colcon.colcon_core.verb:set package 'rt1_interfaces' build argument 'cmake_target_skip_unavailable' from command line to 'False'
[0.249s] Level 5:colcon.colcon_core.verb:set package 'rt1_interfaces' build argument 'cmake_clean_cache' from command line to 'False'
[0.249s] Level 5:colcon.colcon_core.verb:set package 'rt1_interfaces' build argument 'cmake_clean_first' from command line to 'False'
[0.249s] Level 5:colcon.colcon_core.verb:set package 'rt1_interfaces' build argument 'cmake_force_configure' from command line to 'False'
[0.249s] Level 5:colcon.colcon_core.verb:set package 'rt1_interfaces' build argument 'ament_cmake_args' from command line to 'None'
[0.249s] Level 5:colcon.colcon_core.verb:set package 'rt1_interfaces' build argument 'catkin_cmake_args' from command line to 'None'
[0.249s] Level 5:colcon.colcon_core.verb:set package 'rt1_interfaces' build argument 'catkin_skip_building_tests' from command line to 'False'
[0.249s] DEBUG:colcon.colcon_core.verb:Building package 'rt1_interfaces' with the following arguments: {'ament_cmake_args': None, 'build_base': '/home/ric/Desktop/ROS_projects/researchtrack_ws/build/rt1_interfaces', 'catkin_cmake_args': None, 'catkin_skip_building_tests': False, 'cmake_args': None, 'cmake_clean_cache': False, 'cmake_clean_first': False, 'cmake_force_configure': False, 'cmake_target': None, 'cmake_target_skip_unavailable': False, 'install_base': '/home/ric/Desktop/ROS_projects/researchtrack_ws/install/rt1_interfaces', 'merge_install': False, 'path': '/home/ric/Desktop/ROS_projects/researchtrack_ws/src/rt1_interfaces', 'symlink_install': False, 'test_result_base': None}
[0.250s] Level 5:colcon.colcon_core.verb:set package 'assignment1_rt' build argument 'cmake_args' from command line to 'None'
[0.250s] Level 5:colcon.colcon_core.verb:set package 'assignment1_rt' build argument 'cmake_target' from command line to 'None'
[0.250s] Level 5:colcon.colcon_core.verb:set package 'assignment1_rt' build argument 'cmake_target_skip_unavailable' from command line to 'False'
[0.250s] Level 5:colcon.colcon_core.verb:set package 'assignment1_rt' build argument 'cmake_clean_cache' from command line to 'False'
[0.250s] Level 5:colcon.colcon_core.verb:set package 'assignment1_rt' build argument 'cmake_clean_first' from command line to 'False'
[0.250s] Level 5:colcon.colcon_core.verb:set package 'assignment1_rt' build argument 'cmake_force_configure' from command line to 'False'
[0.250s] Level 5:colcon.colcon_core.verb:set package 'assignment1_rt' build argument 'ament_cmake_args' from command line to 'None'
[0.250s] Level 5:colcon.colcon_core.verb:set package 'assignment1_rt' build argument 'catkin_cmake_args' from command line to 'None'
[0.250s] Level 5:colcon.colcon_core.verb:set package 'assignment1_rt' build argument 'catkin_skip_building_tests' from command line to 'False'
[0.250s] DEBUG:colcon.colcon_core.verb:Building package 'assignment1_rt' with the following arguments: {'ament_cmake_args': None, 'build_base': '/home/ric/Desktop/ROS_projects/researchtrack_ws/build/assignment1_rt', 'catkin_cmake_args': None, 'catkin_skip_building_tests': False, 'cmake_args': None, 'cmake_clean_cache': False, 'cmake_clean_first': False, 'cmake_force_configure': False, 'cmake_target': None, 'cmake_target_skip_unavailable': False, 'install_base': '/home/ric/Desktop/ROS_projects/researchtrack_ws/install/assignment1_rt', 'merge_install': False, 'path': '/home/ric/Desktop/ROS_projects/researchtrack_ws/src/assignment1_rt', 'symlink_install': False, 'test_result_base': None}
[0.250s] INFO:colcon.colcon_core.executor:Executing jobs using 'parallel' executor
[0.251s] DEBUG:colcon.colcon_parallel_executor.executor.parallel:run_until_complete
[0.251s] INFO:colcon.colcon_ros.task.ament_cmake.build:Building ROS package in '/home/ric/Desktop/ROS_projects/researchtrack_ws/src/rt1_interfaces' with build type 'ament_cmake'
[0.251s] INFO:colcon.colcon_cmake.task.cmake.build:Building CMake package in '/home/ric/Desktop/ROS_projects/researchtrack_ws/src/rt1_interfaces'
[0.253s] INFO:colcon.colcon_core.plugin_system:Skipping extension 'colcon_core.shell.bat': Not used on non-Windows systems
[0.254s] INFO:colcon.colcon_core.shell:Skip shell extension 'powershell' for command environment: Not usable outside of PowerShell
[0.254s] DEBUG:colcon.colcon_core.shell:Skip shell extension 'dsv' for command environment
[0.262s] DEBUG:colcon.colcon_core.event_handler.log_command:Invoking command in '/home/ric/Desktop/ROS_projects/researchtrack_ws/build/rt1_interfaces': CMAKE_PREFIX_PATH=${CMAKE_PREFIX_PATH}:/home/ric/Desktop/ROS_projects/researchtrack_ws/install/turtlesim_controller:/home/ric/Desktop/ROS_projects/researchtrack_ws/install/assignment1_rt:/opt/ros/jazzy DEBUGINFOD_URLS=https://debuginfod.ubuntu.com /usr/bin/cmake --build /home/ric/Desktop/ROS_projects/researchtrack_ws/build/rt1_interfaces -- -j8 -l8
[0.739s] DEBUG:colcon.colcon_core.event_handler.log_command:Invoked command in '/home/ric/Desktop/ROS_projects/researchtrack_ws/build/rt1_interfaces' returned '0': CMAKE_PREFIX_PATH=${CMAKE_PREFIX_PATH}:/home/ric/Desktop/ROS_projects/researchtrack_ws/install/turtlesim_controller:/home/ric/Desktop/ROS_projects/researchtrack_ws/install/assignment1_rt:/opt/ros/jazzy DEBUGINFOD_URLS=https://debuginfod.ubuntu.com /usr/bin/cmake --build /home/ric/Desktop/ROS_projects/researchtrack_ws/build/rt1_interfaces -- -j8 -l8
[0.751s] DEBUG:colcon.colcon_core.event_handler.log_command:Invoking command in '/home/ric/Desktop/ROS_projects/researchtrack_ws/build/rt1_interfaces': CMAKE_PREFIX_PATH=${CMAKE_PREFIX_PATH}:/home/ric/Desktop/ROS_projects/researchtrack_ws/install/turtlesim_controller:/home/ric/Desktop/ROS_projects/researchtrack_ws/install/assignment1_rt:/opt/ros/jazzy DEBUGINFOD_URLS=https://debuginfod.ubuntu.com /usr/bin/cmake --install /home/ric/Desktop/ROS_projects/researchtrack_ws/build/rt1_interfaces
[0.826s] Level 1:colcon.colcon_core.environment:create_environment_scripts_only(rt1_interfaces)
[0.829s] DEBUG:colcon.colcon_core.event_handler.log_command:Invoked command in '/home/ric/Desktop/ROS_projects/researchtrack_ws/build/rt1_interfaces' returned '0': CMAKE_PREFIX_PATH=${CMAKE_PREFIX_PATH}:/home/ric/Desktop/ROS_projects/researchtrack_ws/install/turtlesim_controller:/home/ric/Desktop/ROS_projects/researchtrack_ws/install/assignment1_rt:/opt/ros/jazzy DEBUGINFOD_URLS=https://debuginfod.ubuntu.com /usr/bin/cmake --install /home/ric/Desktop/ROS_projects/researchtrack_ws/build/rt1_interfaces
[0.831s] Level 1:colcon.colcon_core.environment:checking '/home/ric/Desktop/ROS_projects/researchtrack_ws/install/rt1_interfaces' for CMake module files
[0.832s] Level 1:colcon.colcon_core.environment:checking '/home/ric/Desktop/ROS_projects/researchtrack_ws/install/rt1_interfaces' for CMake config files
[0.832s] Level 1:colcon.colcon_core.shell:create_environment_hook('rt1_interfaces', 'cmake_prefix_path')
[0.832s] INFO:colcon.colcon_core.shell:Creating environment hook '/home/ric/Desktop/ROS_projects/researchtrack_ws/install/rt1_interfaces/share/rt1_interfaces/hook/cmake_prefix_path.ps1'
[0.833s] INFO:colcon.colcon_core.shell:Creating environment descriptor '/home/ric/Desktop/ROS_projects/researchtrack_ws/install/rt1_interfaces/share/rt1_interfaces/hook/cmake_prefix_path.dsv'
[0.834s] INFO:colcon.colcon_core.shell:Creating environment hook '/home/ric/Desktop/ROS_projects/researchtrack_ws/install/rt1_interfaces/share/rt1_interfaces/hook/cmake_prefix_path.sh'
[0.835s] Level 1:colcon.colcon_core.environment:checking '/home/ric/Desktop/ROS_projects/researchtrack_ws/install/rt1_interfaces/lib'
[0.835s] Level 1:colcon.colcon_core.shell:create_environment_hook('rt1_interfaces', 'ld_library_path_lib')
[0.835s] INFO:colcon.colcon_core.shell:Creating environment hook '/home/ric/Desktop/ROS_projects/researchtrack_ws/install/rt1_interfaces/share/rt1_interfaces/hook/ld_library_path_lib.ps1'
[0.836s] INFO:colcon.colcon_core.shell:Creating environment descriptor '/home/ric/Desktop/ROS_projects/researchtrack_ws/install/rt1_interfaces/share/rt1_interfaces/hook/ld_library_path_lib.dsv'
[0.836s] INFO:colcon.colcon_core.shell:Creating environment hook '/home/ric/Desktop/ROS_projects/researchtrack_ws/install/rt1_interfaces/share/rt1_interfaces/hook/ld_library_path_lib.sh'
[0.837s] Level 1:colcon.colcon_core.environment:checking '/home/ric/Desktop/ROS_projects/researchtrack_ws/install/rt1_interfaces/bin'
[0.837s] Level 1:colcon.colcon_core.environment:checking '/home/ric/Desktop/ROS_projects/researchtrack_ws/install/rt1_interfaces/lib/pkgconfig/rt1_interfaces.pc'
[0.837s] Level 1:colcon.colcon_core.environment:checking '/home/ric/Desktop/ROS_projects/researchtrack_ws/install/rt1_interfaces/lib/python3.12/site-packages'
[0.837s] Level 1:colcon.colcon_core.shell:create_environment_hook('rt1_interfaces', 'pythonpath')
[0.838s] INFO:colcon.colcon_core.shell:Creating environment hook '/home/ric/Desktop/ROS_projects/researchtrack_ws/install/rt1_interfaces/share/rt1_interfaces/hook/pythonpath.ps1'
[0.838s] INFO:colcon.colcon_core.shell:Creating environment descriptor '/home/ric/Desktop/ROS_projects/researchtrack_ws/install/rt1_interfaces/share/rt1_interfaces/hook/pythonpath.dsv'
[0.838s] INFO:colcon.colcon_core.shell:Creating environment hook '/home/ric/Desktop/ROS_projects/researchtrack_ws/install/rt1_interfaces/share/rt1_interfaces/hook/pythonpath.sh'
[0.839s] Level 1:colcon.colcon_core.environment:checking '/home/ric/Desktop/ROS_projects/researchtrack_ws/install/rt1_interfaces/bin'
[0.840s] INFO:colcon.colcon_core.shell:Creating package script '/home/ric/Desktop/ROS_projects/researchtrack_ws/install/rt1_interfaces/share/rt1_interfaces/package.ps1'
[0.841s] INFO:colcon.colcon_core.shell:Creating package descriptor '/home/ric/Desktop/ROS_projects/researchtrack_ws/install/rt1_interfaces/share/rt1_interfaces/package.dsv'
[0.842s] INFO:colcon.colcon_core.shell:Creating package script '/home/ric/Desktop/ROS_projects/researchtrack_ws/install/rt1_interfaces/share/rt1_interfaces/package.sh'
[0.842s] INFO:colcon.colcon_core.shell:Creating package script '/home/ric/Desktop/ROS_projects/researchtrack_ws/install/rt1_interfaces/share/rt1_interfaces/package.bash'
[0.843s] INFO:colcon.colcon_core.shell:Creating package script '/home/ric/Desktop/ROS_projects/researchtrack_ws/install/rt1_interfaces/share/rt1_interfaces/package.zsh'
[0.843s] Level 1:colcon.colcon_core.environment:create_file_with_runtime_dependencies(/home/ric/Desktop/ROS_projects/researchtrack_ws/install/rt1_interfaces/share/colcon-core/packages/rt1_interfaces)
[0.844s] Level 1:colcon.colcon_core.environment:create_environment_scripts_only(rt1_interfaces)
[0.844s] Level 1:colcon.colcon_core.environment:checking '/home/ric/Desktop/ROS_projects/researchtrack_ws/install/rt1_interfaces' for CMake module files
[0.845s] Level 1:colcon.colcon_core.environment:checking '/home/ric/Desktop/ROS_projects/researchtrack_ws/install/rt1_interfaces' for CMake config files
[0.846s] Level 1:colcon.colcon_core.shell:create_environment_hook('rt1_interfaces', 'cmake_prefix_path')
[0.846s] INFO:colcon.colcon_core.shell:Creating environment hook '/home/ric/Desktop/ROS_projects/researchtrack_ws/install/rt1_interfaces/share/rt1_interfaces/hook/cmake_prefix_path.ps1'
[0.846s] INFO:colcon.colcon_core.shell:Creating environment descriptor '/home/ric/Desktop/ROS_projects/researchtrack_ws/install/rt1_interfaces/share/rt1_interfaces/hook/cmake_prefix_path.dsv'
[0.847s] INFO:colcon.colcon_core.shell:Creating environment hook '/home/ric/Desktop/ROS_projects/researchtrack_ws/install/rt1_interfaces/share/rt1_interfaces/hook/cmake_prefix_path.sh'
[0.847s] Level 1:colcon.colcon_core.environment:checking '/home/ric/Desktop/ROS_projects/researchtrack_ws/install/rt1_interfaces/lib'
[0.848s] Level 1:colcon.colcon_core.shell:create_environment_hook('rt1_interfaces', 'ld_library_path_lib')
[0.848s] INFO:colcon.colcon_core.shell:Creating environment hook '/home/ric/Desktop/ROS_projects/researchtrack_ws/install/rt1_interfaces/share/rt1_interfaces/hook/ld_library_path_lib.ps1'
[0.848s] INFO:colcon.colcon_core.shell:Creating environment descriptor '/home/ric/Desktop/ROS_projects/researchtrack_ws/install/rt1_interfaces/share/rt1_interfaces/hook/ld_library_path_lib.dsv'
[0.849s] INFO:colcon.colcon_core.shell:Creating environment hook '/home/ric/Desktop/ROS_projects/researchtrack_ws/install/rt1_interfaces/share/rt1_interfaces/hook/ld_library_path_lib.sh'
[0.849s] Level 1:colcon.colcon_core.environment:checking '/home/ric/Desktop/ROS_projects/researchtrack_ws/install/rt1_interfaces/bin'
[0.849s] Level 1:colcon.colcon_core.environment:checking '/home/ric/Desktop/ROS_projects/researchtrack_ws/install/rt1_interfaces/lib/pkgconfig/rt1_interfaces.pc'
[0.849s] Level 1:colcon.colcon_core.environment:checking '/home/ric/Desktop/ROS_projects/researchtrack_ws/install/rt1_interfaces/lib/python3.12/site-packages'
[0.849s] Level 1:colcon.colcon_core.shell:create_environment_hook('rt1_interfaces', 'pythonpath')
[0.849s] INFO:colcon.colcon_core.shell:Creating environment hook '/home/ric/Desktop/ROS_projects/researchtrack_ws/install/rt1_interfaces/share/rt1_interfaces/hook/pythonpath.ps1'
[0.850s] INFO:colcon.colcon_core.shell:Creating environment descriptor '/home/ric/Desktop/ROS_projects/researchtrack_ws/install/rt1_interfaces/share/rt1_interfaces/hook/pythonpath.dsv'
[0.850s] INFO:colcon.colcon_core.shell:Creating environment hook '/home/ric/Desktop/ROS_projects/researchtrack_ws/install/rt1_interfaces/share/rt1_interfaces/hook/pythonpath.sh'
[0.851s] Level 1:colcon.colcon_core.environment:checking '/home/ric/Desktop/ROS_projects/researchtrack_ws/install/rt1_interfaces/bin'
[0.851s] INFO:colcon.colcon_core.shell:Creating package script '/home/ric/Desktop/ROS_projects/researchtrack_ws/install/rt1_interfaces/share/rt1_interfaces/package.ps1'
[0.852s] INFO:colcon.colcon_core.shell:Creating package descriptor '/home/ric/Desktop/ROS_projects/researchtrack_ws/install/rt1_interfaces/share/rt1_interfaces/package.dsv'
[0.852s] INFO:colcon.colcon_core.shell:Creating package script '/home/ric/Desktop/ROS_projects/researchtrack_ws/install/rt1_interfaces/share/rt1_interfaces/package.sh'
[0.853s] INFO:colcon.colcon_core.shell:Creating package script '/home/ric/Desktop/ROS_projects/researchtrack_ws/install/rt1_interfaces/share/rt1_interfaces/package.bash'
[0.854s] INFO:colcon.colcon_core.shell:Creating package script '/home/ric/Desktop/ROS_projects/researchtrack_ws/install/rt1_interfaces/share/rt1_interfaces/package.zsh'
[0.854s] Level 1:colcon.colcon_core.environment:create_file_with_runtime_dependencies(/home/ric/Desktop/ROS_projects/researchtrack_ws/install/rt1_interfaces/share/colcon-core/packages/rt1_interfaces)
[0.854s] INFO:colcon.colcon_ros.task.ament_python.build:Building ROS package in '/home/ric/Desktop/ROS_projects/researchtrack_ws/src/assignment1_rt' with build type 'ament_python'
[0.855s] Level 1:colcon.colcon_core.shell:create_environment_hook('assignment1_rt', 'ament_prefix_path')
[0.855s] INFO:colcon.colcon_core.shell:Creating environment hook '/home/ric/Desktop/ROS_projects/researchtrack_ws/install/assignment1_rt/share/assignment1_rt/hook/ament_prefix_path.ps1'
[0.856s] INFO:colcon.colcon_core.shell:Creating environment descriptor '/home/ric/Desktop/ROS_projects/researchtrack_ws/install/assignment1_rt/share/assignment1_rt/hook/ament_prefix_path.dsv'
[0.856s] INFO:colcon.colcon_core.shell:Creating environment hook '/home/ric/Desktop/ROS_projects/researchtrack_ws/install/assignment1_rt/share/assignment1_rt/hook/ament_prefix_path.sh'
[0.857s] INFO:colcon.colcon_core.shell:Skip shell extension 'powershell' for command environment: Not usable outside of PowerShell
[0.857s] DEBUG:colcon.colcon_core.shell:Skip shell extension 'dsv' for command environment
[1.113s] INFO:colcon.colcon_core.task.python.build:Building Python package in '/home/ric/Desktop/ROS_projects/researchtrack_ws/src/assignment1_rt'
[1.113s] INFO:colcon.colcon_core.shell:Skip shell extension 'powershell' for command environment: Not usable outside of PowerShell
[1.114s] DEBUG:colcon.colcon_core.shell:Skip shell extension 'dsv' for command environment
[1.732s] DEBUG:colcon.colcon_core.event_handler.log_command:Invoking command in '/home/ric/Desktop/ROS_projects/researchtrack_ws/src/assignment1_rt': DEBUGINFOD_URLS=https://debuginfod.ubuntu.com PYTHONPATH=/home/ric/Desktop/ROS_projects/researchtrack_ws/build/assignment1_rt/prefix_override:/usr/lib/python3/dist-packages/colcon_core/task/python/colcon_distutils_commands:/home/ric/Desktop/ROS_projects/researchtrack_ws/install/assignment1_rt/lib/python3.12/site-packages:/home/ric/Desktop/ROS_projects/researchtrack_ws/install/rt1_interfaces/lib/python3.12/site-packages:/home/ric/Desktop/ROS_projects/researchtrack_ws/install/turtlesim_controller/lib/python3.12/site-packages:/home/ric/Desktop/ROS_projects/researchtrack_ws/install/assignment1_rt/lib/python3.12/site-packages:/opt/ros/jazzy/lib/python3.12/site-packages /usr/bin/python3 -W ignore:setup.py install is deprecated -W ignore:easy_install command is deprecated setup.py egg_info --egg-base ../../build/assignment1_rt build --build-base /home/ric/Desktop/ROS_projects/researchtrack_ws/build/assignment1_rt/build install --record /home/ric/Desktop/ROS_projects/researchtrack_ws/build/assignment1_rt/install.log --single-version-externally-managed install_data
[2.317s] Level 1:colcon.colcon_core.environment:checking '/home/ric/Desktop/ROS_projects/researchtrack_ws/install/assignment1_rt' for CMake module files
[2.318s] DEBUG:colcon.colcon_core.event_handler.log_command:Invoked command in '/home/ric/Desktop/ROS_projects/researchtrack_ws/src/assignment1_rt' returned '0': DEBUGINFOD_URLS=https://debuginfod.ubuntu.com PYTHONPATH=/home/ric/Desktop/ROS_projects/researchtrack_ws/build/assignment1_rt/prefix_override:/usr/lib/python3/dist-packages/colcon_core/task/python/colcon_distutils_commands:/home/ric/Desktop/ROS_projects/researchtrack_ws/install/assignment1_rt/lib/python3.12/site-packages:/home/ric/Desktop/ROS_projects/researchtrack_ws/install/rt1_interfaces/lib/python3.12/site-packages:/home/ric/Desktop/ROS_projects/researchtrack_ws/install/turtlesim_controller/lib/python3.12/site-packages:/home/ric/Desktop/ROS_projects/researchtrack_ws/install/assignment1_rt/lib/python3.12/site-packages:/opt/ros/jazzy/lib/python3.12/site-packages /usr/bin/python3 -W ignore:setup.py install is deprecated -W ignore:easy_install command is deprecated setup.py egg_info --egg-base ../../build/assignment1_rt build --build-base /home/ric/Desktop/ROS_projects/researchtrack_ws/build/assignment1_rt/build install --record /home/ric/Desktop/ROS_projects/researchtrack_ws/build/assignment1_rt/install.log --single-version-externally-managed install_data
[2.318s] Level 1:colcon.colcon_core.environment:checking '/home/ric/Desktop/ROS_projects/researchtrack_ws/install/assignment1_rt' for CMake config files
[2.319s] Level 1:colcon.colcon_core.environment:checking '/home/ric/Desktop/ROS_projects/researchtrack_ws/install/assignment1_rt/lib'
[2.319s] Level 1:colcon.colcon_core.environment:checking '/home/ric/Desktop/ROS_projects/researchtrack_ws/install/assignment1_rt/bin'
[2.319s] Level 1:colcon.colcon_core.environment:checking '/home/ric/Desktop/ROS_projects/researchtrack_ws/install/assignment1_rt/lib/pkgconfig/assignment1_rt.pc'
[2.319s] Level 1:colcon.colcon_core.environment:checking '/home/ric/Desktop/ROS_projects/researchtrack_ws/install/assignment1_rt/lib/python3.12/site-packages'
[2.319s] Level 1:colcon.colcon_core.shell:create_environment_hook('assignment1_rt', 'pythonpath')
[2.319s] INFO:colcon.colcon_core.shell:Creating environment hook '/home/ric/Desktop/ROS_projects/researchtrack_ws/install/assignment1_rt/share/assignment1_rt/hook/pythonpath.ps1'
[2.320s] INFO:colcon.colcon_core.shell:Creating environment descriptor '/home/ric/Desktop/ROS_projects/researchtrack_ws/install/assignment1_rt/share/assignment1_rt/hook/pythonpath.dsv'
[2.320s] INFO:colcon.colcon_core.shell:Creating environment hook '/home/ric/Desktop/ROS_projects/researchtrack_ws/install/assignment1_rt/share/assignment1_rt/hook/pythonpath.sh'
[2.321s] Level 1:colcon.colcon_core.environment:checking '/home/ric/Desktop/ROS_projects/researchtrack_ws/install/assignment1_rt/bin'
[2.321s] Level 1:colcon.colcon_core.environment:create_environment_scripts_only(assignment1_rt)
[2.321s] INFO:colcon.colcon_core.shell:Creating package script '/home/ric/Desktop/ROS_projects/researchtrack_ws/install/assignment1_rt/share/assignment1_rt/package.ps1'
[2.322s] INFO:colcon.colcon_core.shell:Creating package descriptor '/home/ric/Desktop/ROS_projects/researchtrack_ws/install/assignment1_rt/share/assignment1_rt/package.dsv'
[2.322s] INFO:colcon.colcon_core.shell:Creating package script '/home/ric/Desktop/ROS_projects/researchtrack_ws/install/assignment1_rt/share/assignment1_rt/package.sh'
[2.322s] INFO:colcon.colcon_core.shell:Creating package script '/home/ric/Desktop/ROS_projects/researchtrack_ws/install/assignment1_rt/share/assignment1_rt/package.bash'
[2.323s] INFO:colcon.colcon_core.shell:Creating package script '/home/ric/Desktop/ROS_projects/researchtrack_ws/install/assignment1_rt/share/assignment1_rt/package.zsh'
[2.323s] Level 1:colcon.colcon_core.environment:create_file_with_runtime_dependencies(/home/ric/Desktop/ROS_projects/researchtrack_ws/install/assignment1_rt/share/colcon-core/packages/assignment1_rt)
[2.323s] DEBUG:colcon.colcon_parallel_executor.executor.parallel:closing loop
[2.324s] DEBUG:colcon.colcon_parallel_executor.executor.parallel:loop closed
[2.324s] DEBUG:colcon.colcon_parallel_executor.executor.parallel:run_until_complete finished with '0'
[2.324s] DEBUG:colcon.colcon_core.event_reactor:joining thread
[2.330s] INFO:colcon.colcon_core.plugin_system:Skipping extension 'colcon_notification.desktop_notification.terminal_notifier': Not used on non-Darwin systems
[2.330s] INFO:colcon.colcon_core.plugin_system:Skipping extension 'colcon_notification.desktop_notification.win32': Not used on non-Windows systems
[2.331s] INFO:colcon.colcon_notification.desktop_notification:Sending desktop notification using 'notify2'
[2.346s] DEBUG:colcon.colcon_core.event_reactor:joined thread
[2.346s] INFO:colcon.colcon_core.shell:Creating prefix script '/home/ric/Desktop/ROS_projects/researchtrack_ws/install/local_setup.ps1'
[2.347s] INFO:colcon.colcon_core.shell:Creating prefix util module '/home/ric/Desktop/ROS_projects/researchtrack_ws/install/_local_setup_util_ps1.py'
[2.348s] INFO:colcon.colcon_core.shell:Creating prefix chain script '/home/ric/Desktop/ROS_projects/researchtrack_ws/install/setup.ps1'
[2.349s] INFO:colcon.colcon_core.shell:Creating prefix script '/home/ric/Desktop/ROS_projects/researchtrack_ws/install/local_setup.sh'
[2.350s] INFO:colcon.colcon_core.shell:Creating prefix util module '/home/ric/Desktop/ROS_projects/researchtrack_ws/install/_local_setup_util_sh.py'
[2.350s] INFO:colcon.colcon_core.shell:Creating prefix chain script '/home/ric/Desktop/ROS_projects/researchtrack_ws/install/setup.sh'
[2.351s] INFO:colcon.colcon_core.shell:Creating prefix script '/home/ric/Desktop/ROS_projects/researchtrack_ws/install/local_setup.bash'
[2.352s] INFO:colcon.colcon_core.shell:Creating prefix chain script '/home/ric/Desktop/ROS_projects/researchtrack_ws/install/setup.bash'
[2.353s] INFO:colcon.colcon_core.shell:Creating prefix script '/home/ric/Desktop/ROS_projects/researchtrack_ws/install/local_setup.zsh'
[2.353s] INFO:colcon.colcon_core.shell:Creating prefix chain script '/home/ric/Desktop/ROS_projects/researchtrack_ws/install/setup.zsh'
