running egg_info
writing ../../build/turtlesim_controller/turtlesim_controller.egg-info/PKG-INFO
writing dependency_links to ../../build/turtlesim_controller/turtlesim_controller.egg-info/dependency_links.txt
writing entry points to ../../build/turtlesim_controller/turtlesim_controller.egg-info/entry_points.txt
writing requirements to ../../build/turtlesim_controller/turtlesim_controller.egg-info/requires.txt
writing top-level names to ../../build/turtlesim_controller/turtlesim_controller.egg-info/top_level.txt
reading manifest file '../../build/turtlesim_controller/turtlesim_controller.egg-info/SOURCES.txt'
writing manifest file '../../build/turtlesim_controller/turtlesim_controller.egg-info/SOURCES.txt'
running build
running build_py
copying turtlesim_controller/turtlesim_subscriber.py -> /home/ric/Desktop/ROS_projects/researchtrack_ws/build/turtlesim_controller/build/lib/turtlesim_controller
running install
running install_lib
copying /home/ric/Desktop/ROS_projects/researchtrack_ws/build/turtlesim_controller/build/lib/turtlesim_controller/turtlesim_subscriber.py -> /home/ric/Desktop/ROS_projects/researchtrack_ws/install/turtlesim_controller/lib/python3.12/site-packages/turtlesim_controller
byte-compiling /home/ric/Desktop/ROS_projects/researchtrack_ws/install/turtlesim_controller/lib/python3.12/site-packages/turtlesim_controller/turtlesim_subscriber.py to turtlesim_subscriber.cpython-312.pyc
running install_data
copying package.xml -> /home/ric/Desktop/ROS_projects/researchtrack_ws/install/turtlesim_controller/share/turtlesim_controller
running install_egg_info
removing '/home/ric/Desktop/ROS_projects/researchtrack_ws/install/turtlesim_controller/lib/python3.12/site-packages/turtlesim_controller-0.0.0-py3.12.egg-info' (and everything under it)
Copying ../../build/turtlesim_controller/turtlesim_controller.egg-info to /home/ric/Desktop/ROS_projects/researchtrack_ws/install/turtlesim_controller/lib/python3.12/site-packages/turtlesim_controller-0.0.0-py3.12.egg-info
running install_scripts
Installing turtlesim_controller script to /home/ric/Desktop/ROS_projects/researchtrack_ws/install/turtlesim_controller/lib/turtlesim_controller
writing list of installed files to '/home/ric/Desktop/ROS_projects/researchtrack_ws/build/turtlesim_controller/install.log'
