[1.618s] Invoking command in '/home/ric/Desktop/ROS_projects/researchtrack_ws/src/turtlesim_controller': DEBUGINFOD_URLS=https://debuginfod.ubuntu.com PYTHONPATH=/home/ric/Desktop/ROS_projects/researchtrack_ws/build/turtlesim_controller/prefix_override:/usr/lib/python3/dist-packages/colcon_core/task/python/colcon_distutils_commands:/home/ric/Desktop/ROS_projects/researchtrack_ws/install/turtlesim_controller/lib/python3.12/site-packages:${PYTHONPATH} /usr/bin/python3 -W ignore:setup.py install is deprecated -W ignore:easy_install command is deprecated setup.py egg_info --egg-base ../../build/turtlesim_controller build --build-base /home/ric/Desktop/ROS_projects/researchtrack_ws/build/turtlesim_controller/build install --record /home/ric/Desktop/ROS_projects/researchtrack_ws/build/turtlesim_controller/install.log --single-version-externally-managed install_data
[2.147s] running egg_info
[2.188s] writing ../../build/turtlesim_controller/turtlesim_controller.egg-info/PKG-INFO
[2.189s] writing dependency_links to ../../build/turtlesim_controller/turtlesim_controller.egg-info/dependency_links.txt
[2.189s] writing entry points to ../../build/turtlesim_controller/turtlesim_controller.egg-info/entry_points.txt
[2.189s] writing requirements to ../../build/turtlesim_controller/turtlesim_controller.egg-info/requires.txt
[2.189s] writing top-level names to ../../build/turtlesim_controller/turtlesim_controller.egg-info/top_level.txt
[2.272s] reading manifest file '../../build/turtlesim_controller/turtlesim_controller.egg-info/SOURCES.txt'
[2.274s] writing manifest file '../../build/turtlesim_controller/turtlesim_controller.egg-info/SOURCES.txt'
[2.275s] running build
[2.275s] running build_py
[2.275s] copying turtlesim_controller/turtlesim_subscriber.py -> /home/ric/Desktop/ROS_projects/researchtrack_ws/build/turtlesim_controller/build/lib/turtlesim_controller
[2.276s] running install
[2.288s] running install_lib
[2.330s] copying /home/ric/Desktop/ROS_projects/researchtrack_ws/build/turtlesim_controller/build/lib/turtlesim_controller/turtlesim_subscriber.py -> /home/ric/Desktop/ROS_projects/researchtrack_ws/install/turtlesim_controller/lib/python3.12/site-packages/turtlesim_controller
[2.331s] byte-compiling /home/ric/Desktop/ROS_projects/researchtrack_ws/install/turtlesim_controller/lib/python3.12/site-packages/turtlesim_controller/turtlesim_subscriber.py to turtlesim_subscriber.cpython-312.pyc
[2.332s] running install_data
[2.332s] copying package.xml -> /home/ric/Desktop/ROS_projects/researchtrack_ws/install/turtlesim_controller/share/turtlesim_controller
[2.333s] running install_egg_info
[2.377s] removing '/home/ric/Desktop/ROS_projects/researchtrack_ws/install/turtlesim_controller/lib/python3.12/site-packages/turtlesim_controller-0.0.0-py3.12.egg-info' (and everything under it)
[2.378s] Copying ../../build/turtlesim_controller/turtlesim_controller.egg-info to /home/ric/Desktop/ROS_projects/researchtrack_ws/install/turtlesim_controller/lib/python3.12/site-packages/turtlesim_controller-0.0.0-py3.12.egg-info
[2.380s] running install_scripts
[2.653s] Installing turtlesim_controller script to /home/ric/Desktop/ROS_projects/researchtrack_ws/install/turtlesim_controller/lib/turtlesim_controller
[2.654s] writing list of installed files to '/home/ric/Desktop/ROS_projects/researchtrack_ws/build/turtlesim_controller/install.log'
[2.699s] Invoked command in '/home/ric/Desktop/ROS_projects/researchtrack_ws/src/turtlesim_controller' returned '0': DEBUGINFOD_URLS=https://debuginfod.ubuntu.com PYTHONPATH=/home/ric/Desktop/ROS_projects/researchtrack_ws/build/turtlesim_controller/prefix_override:/usr/lib/python3/dist-packages/colcon_core/task/python/colcon_distutils_commands:/home/ric/Desktop/ROS_projects/researchtrack_ws/install/turtlesim_controller/lib/python3.12/site-packages:${PYTHONPATH} /usr/bin/python3 -W ignore:setup.py install is deprecated -W ignore:easy_install command is deprecated setup.py egg_info --egg-base ../../build/turtlesim_controller build --build-base /home/ric/Desktop/ROS_projects/researchtrack_ws/build/turtlesim_controller/build install --record /home/ric/Desktop/ROS_projects/researchtrack_ws/build/turtlesim_controller/install.log --single-version-externally-managed install_data
