[0.010s] Invoking command in '/home/ric/Desktop/ROS_projects/researchtrack_ws/build/rt1_interfaces': CMAKE_PREFIX_PATH=${CMAKE_PREFIX_PATH}:/home/ric/Desktop/ROS_projects/researchtrack_ws/install/turtlesim_controller:/home/ric/Desktop/ROS_projects/researchtrack_ws/install/assignment1_rt:/opt/ros/jazzy DEBUGINFOD_URLS=https://debuginfod.ubuntu.com /usr/bin/cmake --build /home/ric/Desktop/ROS_projects/researchtrack_ws/build/rt1_interfaces -- -j8 -l8
[0.038s] -- Found ament_cmake: 2.5.4 (/opt/ros/jazzy/share/ament_cmake/cmake)
[0.062s] -- Found Python3: /usr/bin/python3 (found version "3.12.3") found components: Interpreter 
[0.146s] -- Found ament_lint_auto: 0.17.3 (/opt/ros/jazzy/share/ament_lint_auto/cmake)
[0.236s] -- Found geometry_msgs: 5.3.6 (/opt/ros/jazzy/share/geometry_msgs/cmake)
[0.261s] -- Found rosidl_generator_c: 4.6.6 (/opt/ros/jazzy/share/rosidl_generator_c/cmake)
[0.270s] -- Found rosidl_generator_cpp: 4.6.6 (/opt/ros/jazzy/share/rosidl_generator_cpp/cmake)
[0.281s] -- Using all available rosidl_typesupport_c: rosidl_typesupport_fastrtps_c;rosidl_typesupport_introspection_c
[0.292s] -- Using all available rosidl_typesupport_cpp: rosidl_typesupport_fastrtps_cpp;rosidl_typesupport_introspection_cpp
[0.336s] -- Found rosidl_default_generators: 1.6.0 (/opt/ros/jazzy/share/rosidl_default_generators/cmake)
[0.344s] -- Found rosidl_adapter: 4.6.6 (/opt/ros/jazzy/share/rosidl_adapter/cmake)
[0.537s] -- Found ament_cmake_ros: 0.12.0 (/opt/ros/jazzy/share/ament_cmake_ros/cmake)
[0.840s] -- Using all available rosidl_typesupport_c: rosidl_typesupport_fastrtps_c;rosidl_typesupport_introspection_c
[0.947s] -- Using all available rosidl_typesupport_cpp: rosidl_typesupport_fastrtps_cpp;rosidl_typesupport_introspection_cpp
[0.949s] -- Found python_cmake_module: 0.11.1 (/opt/ros/jazzy/share/python_cmake_module/cmake)
[1.198s] -- Found Python3: /usr/bin/python3 (found version "3.12.3") found components: Interpreter Development NumPy Development.Module Development.Embed 
[1.242s] -- Added test 'lint_cmake' to check CMake code style
[1.244s] -- Added test 'xmllint' to check XML markup files
[1.248s] -- Configuring done (1.2s)
[1.284s] -- Generating done (0.0s)
[1.296s] -- Build files have been written to: /home/ric/Desktop/ROS_projects/researchtrack_ws/build/rt1_interfaces
[1.332s] [  2%] Built target rt1_interfaces__rosidl_generator_type_description
[1.348s] [  2%] Built target ament_cmake_python_copy_rt1_interfaces
[1.355s] [  5%] Built target rt1_interfaces__cpp
[1.358s] [ 20%] Built target rt1_interfaces__rosidl_generator_c
[1.389s] [ 29%] Built target rt1_interfaces__rosidl_typesupport_c
[1.393s] [ 38%] Built target rt1_interfaces__rosidl_typesupport_cpp
[1.393s] [ 64%] Built target rt1_interfaces__rosidl_typesupport_fastrtps_cpp
[1.393s] [ 64%] Built target rt1_interfaces__rosidl_typesupport_fastrtps_c
[1.394s] [ 64%] Built target rt1_interfaces__rosidl_typesupport_introspection_c
[1.397s] [ 73%] Built target rt1_interfaces__rosidl_typesupport_introspection_cpp
[1.420s] [ 73%] Built target rt1_interfaces
[1.444s] [ 76%] Built target rt1_interfaces__py
[1.469s] [ 82%] Built target rt1_interfaces__rosidl_generator_py
[1.498s] [ 88%] Built target rt1_interfaces_s__rosidl_typesupport_fastrtps_c
[1.500s] [ 94%] Built target rt1_interfaces_s__rosidl_typesupport_introspection_c
[1.500s] [100%] Built target rt1_interfaces_s__rosidl_typesupport_c
[1.601s] running egg_info
[1.626s] writing rt1_interfaces.egg-info/PKG-INFO
[1.626s] writing dependency_links to rt1_interfaces.egg-info/dependency_links.txt
[1.626s] writing top-level names to rt1_interfaces.egg-info/top_level.txt
[1.683s] reading manifest file 'rt1_interfaces.egg-info/SOURCES.txt'
[1.684s] writing manifest file 'rt1_interfaces.egg-info/SOURCES.txt'
[1.711s] [100%] Built target ament_cmake_python_build_rt1_interfaces_egg
[1.726s] Invoked command in '/home/ric/Desktop/ROS_projects/researchtrack_ws/build/rt1_interfaces' returned '0': CMAKE_PREFIX_PATH=${CMAKE_PREFIX_PATH}:/home/ric/Desktop/ROS_projects/researchtrack_ws/install/turtlesim_controller:/home/ric/Desktop/ROS_projects/researchtrack_ws/install/assignment1_rt:/opt/ros/jazzy DEBUGINFOD_URLS=https://debuginfod.ubuntu.com /usr/bin/cmake --build /home/ric/Desktop/ROS_projects/researchtrack_ws/build/rt1_interfaces -- -j8 -l8
[1.736s] Invoking command in '/home/ric/Desktop/ROS_projects/researchtrack_ws/build/rt1_interfaces': CMAKE_PREFIX_PATH=${CMAKE_PREFIX_PATH}:/home/ric/Desktop/ROS_projects/researchtrack_ws/install/turtlesim_controller:/home/ric/Desktop/ROS_projects/researchtrack_ws/install/assignment1_rt:/opt/ros/jazzy DEBUGINFOD_URLS=https://debuginfod.ubuntu.com /usr/bin/cmake --install /home/ric/Desktop/ROS_projects/researchtrack_ws/build/rt1_interfaces
[1.745s] -- Install configuration: ""
[1.745s] -- Up-to-date: /home/ric/Desktop/ROS_projects/researchtrack_ws/install/rt1_interfaces/share/ament_index/resource_index/rosidl_interfaces/rt1_interfaces
[1.745s] -- Up-to-date: /home/ric/Desktop/ROS_projects/researchtrack_ws/install/rt1_interfaces/share/rt1_interfaces/msg/Comando.json
[1.745s] -- Up-to-date: /home/ric/Desktop/ROS_projects/researchtrack_ws/install/rt1_interfaces/include/rt1_interfaces/rt1_interfaces
[1.745s] -- Up-to-date: /home/ric/Desktop/ROS_projects/researchtrack_ws/install/rt1_interfaces/include/rt1_interfaces/rt1_interfaces/msg
[1.746s] -- Up-to-date: /home/ric/Desktop/ROS_projects/researchtrack_ws/install/rt1_interfaces/include/rt1_interfaces/rt1_interfaces/msg/rosidl_generator_c__visibility_control.h
[1.746s] -- Up-to-date: /home/ric/Desktop/ROS_projects/researchtrack_ws/install/rt1_interfaces/include/rt1_interfaces/rt1_interfaces/msg/comando.h
[1.746s] -- Up-to-date: /home/ric/Desktop/ROS_projects/researchtrack_ws/install/rt1_interfaces/include/rt1_interfaces/rt1_interfaces/msg/detail
[1.746s] -- Up-to-date: /home/ric/Desktop/ROS_projects/researchtrack_ws/install/rt1_interfaces/include/rt1_interfaces/rt1_interfaces/msg/detail/comando__type_support.c
[1.746s] -- Up-to-date: /home/ric/Desktop/ROS_projects/researchtrack_ws/install/rt1_interfaces/include/rt1_interfaces/rt1_interfaces/msg/detail/comando__functions.h
[1.746s] -- Up-to-date: /home/ric/Desktop/ROS_projects/researchtrack_ws/install/rt1_interfaces/include/rt1_interfaces/rt1_interfaces/msg/detail/comando__struct.h
[1.746s] -- Up-to-date: /home/ric/Desktop/ROS_projects/researchtrack_ws/install/rt1_interfaces/include/rt1_interfaces/rt1_interfaces/msg/detail/comando__description.c
[1.747s] -- Up-to-date: /home/ric/Desktop/ROS_projects/researchtrack_ws/install/rt1_interfaces/include/rt1_interfaces/rt1_interfaces/msg/detail/comando__type_support.h
[1.747s] -- Up-to-date: /home/ric/Desktop/ROS_projects/researchtrack_ws/install/rt1_interfaces/include/rt1_interfaces/rt1_interfaces/msg/detail/comando__functions.c
[1.747s] -- Up-to-date: /home/ric/Desktop/ROS_projects/researchtrack_ws/install/rt1_interfaces/share/rt1_interfaces/environment/library_path.sh
[1.747s] -- Up-to-date: /home/ric/Desktop/ROS_projects/researchtrack_ws/install/rt1_interfaces/share/rt1_interfaces/environment/library_path.dsv
[1.747s] -- Up-to-date: /home/ric/Desktop/ROS_projects/researchtrack_ws/install/rt1_interfaces/lib/librt1_interfaces__rosidl_generator_c.so
[1.747s] -- Up-to-date: /home/ric/Desktop/ROS_projects/researchtrack_ws/install/rt1_interfaces/include/rt1_interfaces/rt1_interfaces
[1.747s] -- Up-to-date: /home/ric/Desktop/ROS_projects/researchtrack_ws/install/rt1_interfaces/include/rt1_interfaces/rt1_interfaces/msg
[1.748s] -- Up-to-date: /home/ric/Desktop/ROS_projects/researchtrack_ws/install/rt1_interfaces/include/rt1_interfaces/rt1_interfaces/msg/detail
[1.748s] -- Up-to-date: /home/ric/Desktop/ROS_projects/researchtrack_ws/install/rt1_interfaces/include/rt1_interfaces/rt1_interfaces/msg/detail/comando__rosidl_typesupport_fastrtps_c.h
[1.748s] -- Up-to-date: /home/ric/Desktop/ROS_projects/researchtrack_ws/install/rt1_interfaces/include/rt1_interfaces/rt1_interfaces/msg/rosidl_typesupport_fastrtps_c__visibility_control.h
[1.748s] -- Up-to-date: /home/ric/Desktop/ROS_projects/researchtrack_ws/install/rt1_interfaces/lib/librt1_interfaces__rosidl_typesupport_fastrtps_c.so
[1.748s] -- Up-to-date: /home/ric/Desktop/ROS_projects/researchtrack_ws/install/rt1_interfaces/include/rt1_interfaces/rt1_interfaces
[1.748s] -- Up-to-date: /home/ric/Desktop/ROS_projects/researchtrack_ws/install/rt1_interfaces/include/rt1_interfaces/rt1_interfaces/msg
[1.748s] -- Up-to-date: /home/ric/Desktop/ROS_projects/researchtrack_ws/install/rt1_interfaces/include/rt1_interfaces/rt1_interfaces/msg/detail
[1.749s] -- Up-to-date: /home/ric/Desktop/ROS_projects/researchtrack_ws/install/rt1_interfaces/include/rt1_interfaces/rt1_interfaces/msg/detail/comando__type_support.hpp
[1.749s] -- Up-to-date: /home/ric/Desktop/ROS_projects/researchtrack_ws/install/rt1_interfaces/include/rt1_interfaces/rt1_interfaces/msg/detail/comando__struct.hpp
[1.749s] -- Up-to-date: /home/ric/Desktop/ROS_projects/researchtrack_ws/install/rt1_interfaces/include/rt1_interfaces/rt1_interfaces/msg/detail/comando__builder.hpp
[1.749s] -- Up-to-date: /home/ric/Desktop/ROS_projects/researchtrack_ws/install/rt1_interfaces/include/rt1_interfaces/rt1_interfaces/msg/detail/comando__traits.hpp
[1.749s] -- Up-to-date: /home/ric/Desktop/ROS_projects/researchtrack_ws/install/rt1_interfaces/include/rt1_interfaces/rt1_interfaces/msg/rosidl_generator_cpp__visibility_control.hpp
[1.749s] -- Up-to-date: /home/ric/Desktop/ROS_projects/researchtrack_ws/install/rt1_interfaces/include/rt1_interfaces/rt1_interfaces/msg/comando.hpp
[1.749s] -- Up-to-date: /home/ric/Desktop/ROS_projects/researchtrack_ws/install/rt1_interfaces/include/rt1_interfaces/rt1_interfaces
[1.750s] -- Up-to-date: /home/ric/Desktop/ROS_projects/researchtrack_ws/install/rt1_interfaces/include/rt1_interfaces/rt1_interfaces/msg
[1.750s] -- Up-to-date: /home/ric/Desktop/ROS_projects/researchtrack_ws/install/rt1_interfaces/include/rt1_interfaces/rt1_interfaces/msg/detail
[1.750s] -- Up-to-date: /home/ric/Desktop/ROS_projects/researchtrack_ws/install/rt1_interfaces/include/rt1_interfaces/rt1_interfaces/msg/detail/comando__rosidl_typesupport_fastrtps_cpp.hpp
[1.750s] -- Up-to-date: /home/ric/Desktop/ROS_projects/researchtrack_ws/install/rt1_interfaces/include/rt1_interfaces/rt1_interfaces/msg/detail/dds_fastrtps
[1.750s] -- Up-to-date: /home/ric/Desktop/ROS_projects/researchtrack_ws/install/rt1_interfaces/include/rt1_interfaces/rt1_interfaces/msg/rosidl_typesupport_fastrtps_cpp__visibility_control.h
[1.750s] -- Up-to-date: /home/ric/Desktop/ROS_projects/researchtrack_ws/install/rt1_interfaces/lib/librt1_interfaces__rosidl_typesupport_fastrtps_cpp.so
[1.751s] -- Up-to-date: /home/ric/Desktop/ROS_projects/researchtrack_ws/install/rt1_interfaces/include/rt1_interfaces/rt1_interfaces
[1.751s] -- Up-to-date: /home/ric/Desktop/ROS_projects/researchtrack_ws/install/rt1_interfaces/include/rt1_interfaces/rt1_interfaces/msg
[1.751s] -- Up-to-date: /home/ric/Desktop/ROS_projects/researchtrack_ws/install/rt1_interfaces/include/rt1_interfaces/rt1_interfaces/msg/detail
[1.751s] -- Up-to-date: /home/ric/Desktop/ROS_projects/researchtrack_ws/install/rt1_interfaces/include/rt1_interfaces/rt1_interfaces/msg/detail/comando__type_support.c
[1.751s] -- Up-to-date: /home/ric/Desktop/ROS_projects/researchtrack_ws/install/rt1_interfaces/include/rt1_interfaces/rt1_interfaces/msg/detail/comando__rosidl_typesupport_introspection_c.h
[1.751s] -- Up-to-date: /home/ric/Desktop/ROS_projects/researchtrack_ws/install/rt1_interfaces/include/rt1_interfaces/rt1_interfaces/msg/rosidl_typesupport_introspection_c__visibility_control.h
[1.751s] -- Up-to-date: /home/ric/Desktop/ROS_projects/researchtrack_ws/install/rt1_interfaces/lib/librt1_interfaces__rosidl_typesupport_introspection_c.so
[1.751s] -- Up-to-date: /home/ric/Desktop/ROS_projects/researchtrack_ws/install/rt1_interfaces/lib/librt1_interfaces__rosidl_typesupport_c.so
[1.751s] -- Up-to-date: /home/ric/Desktop/ROS_projects/researchtrack_ws/install/rt1_interfaces/include/rt1_interfaces/rt1_interfaces
[1.752s] -- Up-to-date: /home/ric/Desktop/ROS_projects/researchtrack_ws/install/rt1_interfaces/include/rt1_interfaces/rt1_interfaces/msg
[1.752s] -- Up-to-date: /home/ric/Desktop/ROS_projects/researchtrack_ws/install/rt1_interfaces/include/rt1_interfaces/rt1_interfaces/msg/detail
[1.752s] -- Up-to-date: /home/ric/Desktop/ROS_projects/researchtrack_ws/install/rt1_interfaces/include/rt1_interfaces/rt1_interfaces/msg/detail/comando__type_support.cpp
[1.752s] -- Up-to-date: /home/ric/Desktop/ROS_projects/researchtrack_ws/install/rt1_interfaces/include/rt1_interfaces/rt1_interfaces/msg/detail/comando__rosidl_typesupport_introspection_cpp.hpp
[1.752s] -- Up-to-date: /home/ric/Desktop/ROS_projects/researchtrack_ws/install/rt1_interfaces/lib/librt1_interfaces__rosidl_typesupport_introspection_cpp.so
[1.752s] -- Up-to-date: /home/ric/Desktop/ROS_projects/researchtrack_ws/install/rt1_interfaces/lib/librt1_interfaces__rosidl_typesupport_cpp.so
[1.752s] -- Up-to-date: /home/ric/Desktop/ROS_projects/researchtrack_ws/install/rt1_interfaces/share/rt1_interfaces/environment/pythonpath.sh
[1.752s] -- Up-to-date: /home/ric/Desktop/ROS_projects/researchtrack_ws/install/rt1_interfaces/share/rt1_interfaces/environment/pythonpath.dsv
[1.752s] -- Up-to-date: /home/ric/Desktop/ROS_projects/researchtrack_ws/install/rt1_interfaces/lib/python3.12/site-packages/rt1_interfaces-0.0.0-py3.12.egg-info
[1.752s] -- Installing: /home/ric/Desktop/ROS_projects/researchtrack_ws/install/rt1_interfaces/lib/python3.12/site-packages/rt1_interfaces-0.0.0-py3.12.egg-info/dependency_links.txt
[1.752s] -- Installing: /home/ric/Desktop/ROS_projects/researchtrack_ws/install/rt1_interfaces/lib/python3.12/site-packages/rt1_interfaces-0.0.0-py3.12.egg-info/top_level.txt
[1.752s] -- Installing: /home/ric/Desktop/ROS_projects/researchtrack_ws/install/rt1_interfaces/lib/python3.12/site-packages/rt1_interfaces-0.0.0-py3.12.egg-info/SOURCES.txt
[1.752s] -- Installing: /home/ric/Desktop/ROS_projects/researchtrack_ws/install/rt1_interfaces/lib/python3.12/site-packages/rt1_interfaces-0.0.0-py3.12.egg-info/PKG-INFO
[1.752s] -- Up-to-date: /home/ric/Desktop/ROS_projects/researchtrack_ws/install/rt1_interfaces/lib/python3.12/site-packages/rt1_interfaces
[1.753s] -- Installing: /home/ric/Desktop/ROS_projects/researchtrack_ws/install/rt1_interfaces/lib/python3.12/site-packages/rt1_interfaces/__init__.py
[1.753s] -- Up-to-date: /home/ric/Desktop/ROS_projects/researchtrack_ws/install/rt1_interfaces/lib/python3.12/site-packages/rt1_interfaces/rt1_interfaces_s__rosidl_typesupport_introspection_c.so
[1.753s] -- Up-to-date: /home/ric/Desktop/ROS_projects/researchtrack_ws/install/rt1_interfaces/lib/python3.12/site-packages/rt1_interfaces/rt1_interfaces_s__rosidl_typesupport_fastrtps_c.so
[1.753s] -- Up-to-date: /home/ric/Desktop/ROS_projects/researchtrack_ws/install/rt1_interfaces/lib/python3.12/site-packages/rt1_interfaces/rt1_interfaces_s__rosidl_typesupport_c.so
[1.753s] -- Up-to-date: /home/ric/Desktop/ROS_projects/researchtrack_ws/install/rt1_interfaces/lib/python3.12/site-packages/rt1_interfaces/_rt1_interfaces_s.ep.rosidl_typesupport_introspection_c.c
[1.753s] -- Up-to-date: /home/ric/Desktop/ROS_projects/researchtrack_ws/install/rt1_interfaces/lib/python3.12/site-packages/rt1_interfaces/msg
[1.753s] -- Up-to-date: /home/ric/Desktop/ROS_projects/researchtrack_ws/install/rt1_interfaces/lib/python3.12/site-packages/rt1_interfaces/msg/__init__.py
[1.753s] -- Up-to-date: /home/ric/Desktop/ROS_projects/researchtrack_ws/install/rt1_interfaces/lib/python3.12/site-packages/rt1_interfaces/msg/_comando.py
[1.753s] -- Up-to-date: /home/ric/Desktop/ROS_projects/researchtrack_ws/install/rt1_interfaces/lib/python3.12/site-packages/rt1_interfaces/msg/_comando_s.c
[1.753s] -- Up-to-date: /home/ric/Desktop/ROS_projects/researchtrack_ws/install/rt1_interfaces/lib/python3.12/site-packages/rt1_interfaces/_rt1_interfaces_s.ep.rosidl_typesupport_fastrtps_c.c
[1.753s] -- Up-to-date: /home/ric/Desktop/ROS_projects/researchtrack_ws/install/rt1_interfaces/lib/python3.12/site-packages/rt1_interfaces/_rt1_interfaces_s.ep.rosidl_typesupport_c.c
[1.785s] Listing '/home/ric/Desktop/ROS_projects/researchtrack_ws/install/rt1_interfaces/lib/python3.12/site-packages/rt1_interfaces'...
[1.785s] Compiling '/home/ric/Desktop/ROS_projects/researchtrack_ws/install/rt1_interfaces/lib/python3.12/site-packages/rt1_interfaces/__init__.py'...
[1.785s] Listing '/home/ric/Desktop/ROS_projects/researchtrack_ws/install/rt1_interfaces/lib/python3.12/site-packages/rt1_interfaces/msg'...
[1.790s] -- Up-to-date: /home/ric/Desktop/ROS_projects/researchtrack_ws/install/rt1_interfaces/lib/python3.12/site-packages/rt1_interfaces/rt1_interfaces_s__rosidl_typesupport_fastrtps_c.so
[1.790s] -- Up-to-date: /home/ric/Desktop/ROS_projects/researchtrack_ws/install/rt1_interfaces/lib/python3.12/site-packages/rt1_interfaces/rt1_interfaces_s__rosidl_typesupport_introspection_c.so
[1.791s] -- Up-to-date: /home/ric/Desktop/ROS_projects/researchtrack_ws/install/rt1_interfaces/lib/python3.12/site-packages/rt1_interfaces/rt1_interfaces_s__rosidl_typesupport_c.so
[1.791s] -- Up-to-date: /home/ric/Desktop/ROS_projects/researchtrack_ws/install/rt1_interfaces/lib/librt1_interfaces__rosidl_generator_py.so
[1.791s] -- Up-to-date: /home/ric/Desktop/ROS_projects/researchtrack_ws/install/rt1_interfaces/share/rt1_interfaces/msg/Comando.idl
[1.791s] -- Up-to-date: /home/ric/Desktop/ROS_projects/researchtrack_ws/install/rt1_interfaces/share/rt1_interfaces/msg/Comando.msg
[1.792s] -- Up-to-date: /home/ric/Desktop/ROS_projects/researchtrack_ws/install/rt1_interfaces/share/ament_index/resource_index/package_run_dependencies/rt1_interfaces
[1.792s] -- Installing: /home/ric/Desktop/ROS_projects/researchtrack_ws/install/rt1_interfaces/share/ament_index/resource_index/parent_prefix_path/rt1_interfaces
[1.792s] -- Up-to-date: /home/ric/Desktop/ROS_projects/researchtrack_ws/install/rt1_interfaces/share/rt1_interfaces/environment/ament_prefix_path.sh
[1.792s] -- Up-to-date: /home/ric/Desktop/ROS_projects/researchtrack_ws/install/rt1_interfaces/share/rt1_interfaces/environment/ament_prefix_path.dsv
[1.792s] -- Up-to-date: /home/ric/Desktop/ROS_projects/researchtrack_ws/install/rt1_interfaces/share/rt1_interfaces/environment/path.sh
[1.792s] -- Up-to-date: /home/ric/Desktop/ROS_projects/researchtrack_ws/install/rt1_interfaces/share/rt1_interfaces/environment/path.dsv
[1.793s] -- Up-to-date: /home/ric/Desktop/ROS_projects/researchtrack_ws/install/rt1_interfaces/share/rt1_interfaces/local_setup.bash
[1.793s] -- Up-to-date: /home/ric/Desktop/ROS_projects/researchtrack_ws/install/rt1_interfaces/share/rt1_interfaces/local_setup.sh
[1.793s] -- Up-to-date: /home/ric/Desktop/ROS_projects/researchtrack_ws/install/rt1_interfaces/share/rt1_interfaces/local_setup.zsh
[1.793s] -- Up-to-date: /home/ric/Desktop/ROS_projects/researchtrack_ws/install/rt1_interfaces/share/rt1_interfaces/local_setup.dsv
[1.793s] -- Installing: /home/ric/Desktop/ROS_projects/researchtrack_ws/install/rt1_interfaces/share/rt1_interfaces/package.dsv
[1.793s] -- Up-to-date: /home/ric/Desktop/ROS_projects/researchtrack_ws/install/rt1_interfaces/share/ament_index/resource_index/packages/rt1_interfaces
[1.793s] -- Up-to-date: /home/ric/Desktop/ROS_projects/researchtrack_ws/install/rt1_interfaces/share/rt1_interfaces/cmake/export_rt1_interfaces__rosidl_generator_cExport.cmake
[1.794s] -- Up-to-date: /home/ric/Desktop/ROS_projects/researchtrack_ws/install/rt1_interfaces/share/rt1_interfaces/cmake/export_rt1_interfaces__rosidl_generator_cExport-noconfig.cmake
[1.794s] -- Up-to-date: /home/ric/Desktop/ROS_projects/researchtrack_ws/install/rt1_interfaces/share/rt1_interfaces/cmake/export_rt1_interfaces__rosidl_typesupport_fastrtps_cExport.cmake
[1.794s] -- Up-to-date: /home/ric/Desktop/ROS_projects/researchtrack_ws/install/rt1_interfaces/share/rt1_interfaces/cmake/export_rt1_interfaces__rosidl_typesupport_fastrtps_cExport-noconfig.cmake
[1.794s] -- Up-to-date: /home/ric/Desktop/ROS_projects/researchtrack_ws/install/rt1_interfaces/share/rt1_interfaces/cmake/export_rt1_interfaces__rosidl_generator_cppExport.cmake
[1.794s] -- Up-to-date: /home/ric/Desktop/ROS_projects/researchtrack_ws/install/rt1_interfaces/share/rt1_interfaces/cmake/export_rt1_interfaces__rosidl_typesupport_fastrtps_cppExport.cmake
[1.794s] -- Up-to-date: /home/ric/Desktop/ROS_projects/researchtrack_ws/install/rt1_interfaces/share/rt1_interfaces/cmake/export_rt1_interfaces__rosidl_typesupport_fastrtps_cppExport-noconfig.cmake
[1.795s] -- Up-to-date: /home/ric/Desktop/ROS_projects/researchtrack_ws/install/rt1_interfaces/share/rt1_interfaces/cmake/rt1_interfaces__rosidl_typesupport_introspection_cExport.cmake
[1.795s] -- Up-to-date: /home/ric/Desktop/ROS_projects/researchtrack_ws/install/rt1_interfaces/share/rt1_interfaces/cmake/rt1_interfaces__rosidl_typesupport_introspection_cExport-noconfig.cmake
[1.795s] -- Up-to-date: /home/ric/Desktop/ROS_projects/researchtrack_ws/install/rt1_interfaces/share/rt1_interfaces/cmake/rt1_interfaces__rosidl_typesupport_cExport.cmake
[1.795s] -- Up-to-date: /home/ric/Desktop/ROS_projects/researchtrack_ws/install/rt1_interfaces/share/rt1_interfaces/cmake/rt1_interfaces__rosidl_typesupport_cExport-noconfig.cmake
[1.795s] -- Up-to-date: /home/ric/Desktop/ROS_projects/researchtrack_ws/install/rt1_interfaces/share/rt1_interfaces/cmake/rt1_interfaces__rosidl_typesupport_introspection_cppExport.cmake
[1.795s] -- Up-to-date: /home/ric/Desktop/ROS_projects/researchtrack_ws/install/rt1_interfaces/share/rt1_interfaces/cmake/rt1_interfaces__rosidl_typesupport_introspection_cppExport-noconfig.cmake
[1.796s] -- Up-to-date: /home/ric/Desktop/ROS_projects/researchtrack_ws/install/rt1_interfaces/share/rt1_interfaces/cmake/rt1_interfaces__rosidl_typesupport_cppExport.cmake
[1.796s] -- Up-to-date: /home/ric/Desktop/ROS_projects/researchtrack_ws/install/rt1_interfaces/share/rt1_interfaces/cmake/rt1_interfaces__rosidl_typesupport_cppExport-noconfig.cmake
[1.796s] -- Up-to-date: /home/ric/Desktop/ROS_projects/researchtrack_ws/install/rt1_interfaces/share/rt1_interfaces/cmake/export_rt1_interfaces__rosidl_generator_pyExport.cmake
[1.796s] -- Up-to-date: /home/ric/Desktop/ROS_projects/researchtrack_ws/install/rt1_interfaces/share/rt1_interfaces/cmake/export_rt1_interfaces__rosidl_generator_pyExport-noconfig.cmake
[1.796s] -- Up-to-date: /home/ric/Desktop/ROS_projects/researchtrack_ws/install/rt1_interfaces/share/rt1_interfaces/cmake/rosidl_cmake-extras.cmake
[1.796s] -- Up-to-date: /home/ric/Desktop/ROS_projects/researchtrack_ws/install/rt1_interfaces/share/rt1_interfaces/cmake/ament_cmake_export_dependencies-extras.cmake
[1.796s] -- Up-to-date: /home/ric/Desktop/ROS_projects/researchtrack_ws/install/rt1_interfaces/share/rt1_interfaces/cmake/ament_cmake_export_include_directories-extras.cmake
[1.796s] -- Up-to-date: /home/ric/Desktop/ROS_projects/researchtrack_ws/install/rt1_interfaces/share/rt1_interfaces/cmake/ament_cmake_export_libraries-extras.cmake
[1.796s] -- Up-to-date: /home/ric/Desktop/ROS_projects/researchtrack_ws/install/rt1_interfaces/share/rt1_interfaces/cmake/ament_cmake_export_targets-extras.cmake
[1.796s] -- Up-to-date: /home/ric/Desktop/ROS_projects/researchtrack_ws/install/rt1_interfaces/share/rt1_interfaces/cmake/rosidl_cmake_export_typesupport_targets-extras.cmake
[1.797s] -- Up-to-date: /home/ric/Desktop/ROS_projects/researchtrack_ws/install/rt1_interfaces/share/rt1_interfaces/cmake/rosidl_cmake_export_typesupport_libraries-extras.cmake
[1.797s] -- Up-to-date: /home/ric/Desktop/ROS_projects/researchtrack_ws/install/rt1_interfaces/share/rt1_interfaces/cmake/rt1_interfacesConfig.cmake
[1.797s] -- Up-to-date: /home/ric/Desktop/ROS_projects/researchtrack_ws/install/rt1_interfaces/share/rt1_interfaces/cmake/rt1_interfacesConfig-version.cmake
[1.797s] -- Installing: /home/ric/Desktop/ROS_projects/researchtrack_ws/install/rt1_interfaces/share/rt1_interfaces/package.xml
[1.798s] Invoked command in '/home/ric/Desktop/ROS_projects/researchtrack_ws/build/rt1_interfaces' returned '0': CMAKE_PREFIX_PATH=${CMAKE_PREFIX_PATH}:/home/ric/Desktop/ROS_projects/researchtrack_ws/install/turtlesim_controller:/home/ric/Desktop/ROS_projects/researchtrack_ws/install/assignment1_rt:/opt/ros/jazzy DEBUGINFOD_URLS=https://debuginfod.ubuntu.com /usr/bin/cmake --install /home/ric/Desktop/ROS_projects/researchtrack_ws/build/rt1_interfaces
