[1.718s] Invoking command in '/home/ric/Desktop/ROS_projects/digikey_tutorial_ws/src/pkg_tutorial': DEBUGINFOD_URLS=https://debuginfod.ubuntu.com PYTHONPATH=/home/ric/Desktop/ROS_projects/digikey_tutorial_ws/build/pkg_tutorial/prefix_override:/usr/lib/python3/dist-packages/colcon_core/task/python/colcon_distutils_commands:/home/ric/Desktop/ROS_projects/digikey_tutorial_ws/install/pkg_tutorial/lib/python3.12/site-packages:${PYTHONPATH} /usr/bin/python3 -W ignore:setup.py install is deprecated -W ignore:easy_install command is deprecated setup.py egg_info --egg-base ../../build/pkg_tutorial build --build-base /home/ric/Desktop/ROS_projects/digikey_tutorial_ws/build/pkg_tutorial/build install --record /home/ric/Desktop/ROS_projects/digikey_tutorial_ws/build/pkg_tutorial/install.log --single-version-externally-managed install_data
[2.284s] running egg_info
[2.325s] writing ../../build/pkg_tutorial/pkg_tutorial.egg-info/PKG-INFO
[2.326s] writing dependency_links to ../../build/pkg_tutorial/pkg_tutorial.egg-info/dependency_links.txt
[2.326s] writing entry points to ../../build/pkg_tutorial/pkg_tutorial.egg-info/entry_points.txt
[2.327s] writing requirements to ../../build/pkg_tutorial/pkg_tutorial.egg-info/requires.txt
[2.327s] writing top-level names to ../../build/pkg_tutorial/pkg_tutorial.egg-info/top_level.txt
[2.423s] reading manifest file '../../build/pkg_tutorial/pkg_tutorial.egg-info/SOURCES.txt'
[2.425s] writing manifest file '../../build/pkg_tutorial/pkg_tutorial.egg-info/SOURCES.txt'
[2.425s] running build
[2.425s] running build_py
[2.426s] running install
[2.439s] running install_lib
[2.483s] running install_data
[2.483s] running install_egg_info
[2.530s] removing '/home/ric/Desktop/ROS_projects/digikey_tutorial_ws/install/pkg_tutorial/lib/python3.12/site-packages/pkg_tutorial-0.0.0-py3.12.egg-info' (and everything under it)
[2.530s] Copying ../../build/pkg_tutorial/pkg_tutorial.egg-info to /home/ric/Desktop/ROS_projects/digikey_tutorial_ws/install/pkg_tutorial/lib/python3.12/site-packages/pkg_tutorial-0.0.0-py3.12.egg-info
[2.533s] running install_scripts
[2.806s] Installing minimal_publisher script to /home/ric/Desktop/ROS_projects/digikey_tutorial_ws/install/pkg_tutorial/lib/pkg_tutorial
[2.806s] writing list of installed files to '/home/ric/Desktop/ROS_projects/digikey_tutorial_ws/build/pkg_tutorial/install.log'
[2.860s] Invoked command in '/home/ric/Desktop/ROS_projects/digikey_tutorial_ws/src/pkg_tutorial' returned '0': DEBUGINFOD_URLS=https://debuginfod.ubuntu.com PYTHONPATH=/home/ric/Desktop/ROS_projects/digikey_tutorial_ws/build/pkg_tutorial/prefix_override:/usr/lib/python3/dist-packages/colcon_core/task/python/colcon_distutils_commands:/home/ric/Desktop/ROS_projects/digikey_tutorial_ws/install/pkg_tutorial/lib/python3.12/site-packages:${PYTHONPATH} /usr/bin/python3 -W ignore:setup.py install is deprecated -W ignore:easy_install command is deprecated setup.py egg_info --egg-base ../../build/pkg_tutorial build --build-base /home/ric/Desktop/ROS_projects/digikey_tutorial_ws/build/pkg_tutorial/build install --record /home/ric/Desktop/ROS_projects/digikey_tutorial_ws/build/pkg_tutorial/install.log --single-version-externally-managed install_data
