[0.011s] Invoking command in '/home/ric/Desktop/ROS_projects/researchtrack_ws/build/rt1_interfaces': CMAKE_PREFIX_PATH=${CMAKE_PREFIX_PATH}:/home/ric/Desktop/ROS_projects/researchtrack_ws/install/turtlesim_controller:/home/ric/Desktop/ROS_projects/researchtrack_ws/install/assignment1_rt:/opt/ros/jazzy DEBUGINFOD_URLS=https://debuginfod.ubuntu.com /usr/bin/cmake --build /home/ric/Desktop/ROS_projects/researchtrack_ws/build/rt1_interfaces -- -j8 -l8
[0.074s] [  2%] Built target rt1_interfaces__rosidl_generator_type_description
[0.082s] [  2%] Built target ament_cmake_python_copy_rt1_interfaces
[0.097s] [  5%] Built target rt1_interfaces__cpp
[0.098s] [ 20%] Built target rt1_interfaces__rosidl_generator_c
[0.137s] [ 29%] Built target rt1_interfaces__rosidl_typesupport_introspection_c
[0.137s] [ 47%] Built target rt1_interfaces__rosidl_typesupport_fastrtps_cpp
[0.137s] [ 47%] Built target rt1_interfaces__rosidl_typesupport_fastrtps_c
[0.137s] [ 55%] Built target rt1_interfaces__rosidl_typesupport_cpp
[0.142s] [ 73%] Built target rt1_interfaces__rosidl_typesupport_c
[0.142s] [ 73%] Built target rt1_interfaces__rosidl_typesupport_introspection_cpp
[0.170s] [ 73%] Built target rt1_interfaces
[0.195s] [ 76%] Built target rt1_interfaces__py
[0.219s] [ 82%] Built target rt1_interfaces__rosidl_generator_py
[0.242s] [100%] Built target rt1_interfaces_s__rosidl_typesupport_introspection_c
[0.242s] [100%] Built target rt1_interfaces_s__rosidl_typesupport_c
[0.242s] [100%] Built target rt1_interfaces_s__rosidl_typesupport_fastrtps_c
[0.358s] running egg_info
[0.380s] writing rt1_interfaces.egg-info/PKG-INFO
[0.380s] writing dependency_links to rt1_interfaces.egg-info/dependency_links.txt
[0.381s] writing top-level names to rt1_interfaces.egg-info/top_level.txt
[0.447s] reading manifest file 'rt1_interfaces.egg-info/SOURCES.txt'
[0.448s] writing manifest file 'rt1_interfaces.egg-info/SOURCES.txt'
[0.480s] [100%] Built target ament_cmake_python_build_rt1_interfaces_egg
[0.492s] Invoked command in '/home/ric/Desktop/ROS_projects/researchtrack_ws/build/rt1_interfaces' returned '0': CMAKE_PREFIX_PATH=${CMAKE_PREFIX_PATH}:/home/ric/Desktop/ROS_projects/researchtrack_ws/install/turtlesim_controller:/home/ric/Desktop/ROS_projects/researchtrack_ws/install/assignment1_rt:/opt/ros/jazzy DEBUGINFOD_URLS=https://debuginfod.ubuntu.com /usr/bin/cmake --build /home/ric/Desktop/ROS_projects/researchtrack_ws/build/rt1_interfaces -- -j8 -l8
[0.507s] Invoking command in '/home/ric/Desktop/ROS_projects/researchtrack_ws/build/rt1_interfaces': CMAKE_PREFIX_PATH=${CMAKE_PREFIX_PATH}:/home/ric/Desktop/ROS_projects/researchtrack_ws/install/turtlesim_controller:/home/ric/Desktop/ROS_projects/researchtrack_ws/install/assignment1_rt:/opt/ros/jazzy DEBUGINFOD_URLS=https://debuginfod.ubuntu.com /usr/bin/cmake --install /home/ric/Desktop/ROS_projects/researchtrack_ws/build/rt1_interfaces
[0.521s] -- Install configuration: ""
[0.522s] -- Up-to-date: /home/ric/Desktop/ROS_projects/researchtrack_ws/install/rt1_interfaces/share/ament_index/resource_index/rosidl_interfaces/rt1_interfaces
[0.522s] -- Up-to-date: /home/ric/Desktop/ROS_projects/researchtrack_ws/install/rt1_interfaces/share/rt1_interfaces/msg/Comando.json
[0.522s] -- Up-to-date: /home/ric/Desktop/ROS_projects/researchtrack_ws/install/rt1_interfaces/include/rt1_interfaces/rt1_interfaces
[0.522s] -- Up-to-date: /home/ric/Desktop/ROS_projects/researchtrack_ws/install/rt1_interfaces/include/rt1_interfaces/rt1_interfaces/msg
[0.522s] -- Up-to-date: /home/ric/Desktop/ROS_projects/researchtrack_ws/install/rt1_interfaces/include/rt1_interfaces/rt1_interfaces/msg/rosidl_generator_c__visibility_control.h
[0.523s] -- Up-to-date: /home/ric/Desktop/ROS_projects/researchtrack_ws/install/rt1_interfaces/include/rt1_interfaces/rt1_interfaces/msg/comando.h
[0.523s] -- Up-to-date: /home/ric/Desktop/ROS_projects/researchtrack_ws/install/rt1_interfaces/include/rt1_interfaces/rt1_interfaces/msg/detail
[0.523s] -- Up-to-date: /home/ric/Desktop/ROS_projects/researchtrack_ws/install/rt1_interfaces/include/rt1_interfaces/rt1_interfaces/msg/detail/comando__type_support.c
[0.524s] -- Up-to-date: /home/ric/Desktop/ROS_projects/researchtrack_ws/install/rt1_interfaces/include/rt1_interfaces/rt1_interfaces/msg/detail/comando__functions.h
[0.524s] -- Up-to-date: /home/ric/Desktop/ROS_projects/researchtrack_ws/install/rt1_interfaces/include/rt1_interfaces/rt1_interfaces/msg/detail/comando__struct.h
[0.524s] -- Up-to-date: /home/ric/Desktop/ROS_projects/researchtrack_ws/install/rt1_interfaces/include/rt1_interfaces/rt1_interfaces/msg/detail/comando__description.c
[0.525s] -- Up-to-date: /home/ric/Desktop/ROS_projects/researchtrack_ws/install/rt1_interfaces/include/rt1_interfaces/rt1_interfaces/msg/detail/comando__type_support.h
[0.525s] -- Up-to-date: /home/ric/Desktop/ROS_projects/researchtrack_ws/install/rt1_interfaces/include/rt1_interfaces/rt1_interfaces/msg/detail/comando__functions.c
[0.525s] -- Up-to-date: /home/ric/Desktop/ROS_projects/researchtrack_ws/install/rt1_interfaces/share/rt1_interfaces/environment/library_path.sh
[0.525s] -- Up-to-date: /home/ric/Desktop/ROS_projects/researchtrack_ws/install/rt1_interfaces/share/rt1_interfaces/environment/library_path.dsv
[0.526s] -- Up-to-date: /home/ric/Desktop/ROS_projects/researchtrack_ws/install/rt1_interfaces/lib/librt1_interfaces__rosidl_generator_c.so
[0.526s] -- Up-to-date: /home/ric/Desktop/ROS_projects/researchtrack_ws/install/rt1_interfaces/include/rt1_interfaces/rt1_interfaces
[0.526s] -- Up-to-date: /home/ric/Desktop/ROS_projects/researchtrack_ws/install/rt1_interfaces/include/rt1_interfaces/rt1_interfaces/msg
[0.526s] -- Up-to-date: /home/ric/Desktop/ROS_projects/researchtrack_ws/install/rt1_interfaces/include/rt1_interfaces/rt1_interfaces/msg/detail
[0.527s] -- Up-to-date: /home/ric/Desktop/ROS_projects/researchtrack_ws/install/rt1_interfaces/include/rt1_interfaces/rt1_interfaces/msg/detail/comando__rosidl_typesupport_fastrtps_c.h
[0.527s] -- Up-to-date: /home/ric/Desktop/ROS_projects/researchtrack_ws/install/rt1_interfaces/include/rt1_interfaces/rt1_interfaces/msg/rosidl_typesupport_fastrtps_c__visibility_control.h
[0.527s] -- Up-to-date: /home/ric/Desktop/ROS_projects/researchtrack_ws/install/rt1_interfaces/lib/librt1_interfaces__rosidl_typesupport_fastrtps_c.so
[0.527s] -- Up-to-date: /home/ric/Desktop/ROS_projects/researchtrack_ws/install/rt1_interfaces/include/rt1_interfaces/rt1_interfaces
[0.528s] -- Up-to-date: /home/ric/Desktop/ROS_projects/researchtrack_ws/install/rt1_interfaces/include/rt1_interfaces/rt1_interfaces/msg
[0.528s] -- Up-to-date: /home/ric/Desktop/ROS_projects/researchtrack_ws/install/rt1_interfaces/include/rt1_interfaces/rt1_interfaces/msg/detail
[0.528s] -- Up-to-date: /home/ric/Desktop/ROS_projects/researchtrack_ws/install/rt1_interfaces/include/rt1_interfaces/rt1_interfaces/msg/detail/comando__type_support.hpp
[0.528s] -- Up-to-date: /home/ric/Desktop/ROS_projects/researchtrack_ws/install/rt1_interfaces/include/rt1_interfaces/rt1_interfaces/msg/detail/comando__struct.hpp
[0.529s] -- Up-to-date: /home/ric/Desktop/ROS_projects/researchtrack_ws/install/rt1_interfaces/include/rt1_interfaces/rt1_interfaces/msg/detail/comando__builder.hpp
[0.529s] -- Up-to-date: /home/ric/Desktop/ROS_projects/researchtrack_ws/install/rt1_interfaces/include/rt1_interfaces/rt1_interfaces/msg/detail/comando__traits.hpp
[0.529s] -- Up-to-date: /home/ric/Desktop/ROS_projects/researchtrack_ws/install/rt1_interfaces/include/rt1_interfaces/rt1_interfaces/msg/rosidl_generator_cpp__visibility_control.hpp
[0.529s] -- Up-to-date: /home/ric/Desktop/ROS_projects/researchtrack_ws/install/rt1_interfaces/include/rt1_interfaces/rt1_interfaces/msg/comando.hpp
[0.530s] -- Up-to-date: /home/ric/Desktop/ROS_projects/researchtrack_ws/install/rt1_interfaces/include/rt1_interfaces/rt1_interfaces
[0.530s] -- Up-to-date: /home/ric/Desktop/ROS_projects/researchtrack_ws/install/rt1_interfaces/include/rt1_interfaces/rt1_interfaces/msg
[0.530s] -- Up-to-date: /home/ric/Desktop/ROS_projects/researchtrack_ws/install/rt1_interfaces/include/rt1_interfaces/rt1_interfaces/msg/detail
[0.531s] -- Up-to-date: /home/ric/Desktop/ROS_projects/researchtrack_ws/install/rt1_interfaces/include/rt1_interfaces/rt1_interfaces/msg/detail/comando__rosidl_typesupport_fastrtps_cpp.hpp
[0.531s] -- Up-to-date: /home/ric/Desktop/ROS_projects/researchtrack_ws/install/rt1_interfaces/include/rt1_interfaces/rt1_interfaces/msg/detail/dds_fastrtps
[0.531s] -- Up-to-date: /home/ric/Desktop/ROS_projects/researchtrack_ws/install/rt1_interfaces/include/rt1_interfaces/rt1_interfaces/msg/rosidl_typesupport_fastrtps_cpp__visibility_control.h
[0.531s] -- Up-to-date: /home/ric/Desktop/ROS_projects/researchtrack_ws/install/rt1_interfaces/lib/librt1_interfaces__rosidl_typesupport_fastrtps_cpp.so
[0.531s] -- Up-to-date: /home/ric/Desktop/ROS_projects/researchtrack_ws/install/rt1_interfaces/include/rt1_interfaces/rt1_interfaces
[0.532s] -- Up-to-date: /home/ric/Desktop/ROS_projects/researchtrack_ws/install/rt1_interfaces/include/rt1_interfaces/rt1_interfaces/msg
[0.532s] -- Up-to-date: /home/ric/Desktop/ROS_projects/researchtrack_ws/install/rt1_interfaces/include/rt1_interfaces/rt1_interfaces/msg/detail
[0.532s] -- Up-to-date: /home/ric/Desktop/ROS_projects/researchtrack_ws/install/rt1_interfaces/include/rt1_interfaces/rt1_interfaces/msg/detail/comando__type_support.c
[0.532s] -- Up-to-date: /home/ric/Desktop/ROS_projects/researchtrack_ws/install/rt1_interfaces/include/rt1_interfaces/rt1_interfaces/msg/detail/comando__rosidl_typesupport_introspection_c.h
[0.533s] -- Up-to-date: /home/ric/Desktop/ROS_projects/researchtrack_ws/install/rt1_interfaces/include/rt1_interfaces/rt1_interfaces/msg/rosidl_typesupport_introspection_c__visibility_control.h
[0.533s] -- Up-to-date: /home/ric/Desktop/ROS_projects/researchtrack_ws/install/rt1_interfaces/lib/librt1_interfaces__rosidl_typesupport_introspection_c.so
[0.533s] -- Up-to-date: /home/ric/Desktop/ROS_projects/researchtrack_ws/install/rt1_interfaces/lib/librt1_interfaces__rosidl_typesupport_c.so
[0.533s] -- Up-to-date: /home/ric/Desktop/ROS_projects/researchtrack_ws/install/rt1_interfaces/include/rt1_interfaces/rt1_interfaces
[0.533s] -- Up-to-date: /home/ric/Desktop/ROS_projects/researchtrack_ws/install/rt1_interfaces/include/rt1_interfaces/rt1_interfaces/msg
[0.534s] -- Up-to-date: /home/ric/Desktop/ROS_projects/researchtrack_ws/install/rt1_interfaces/include/rt1_interfaces/rt1_interfaces/msg/detail
[0.534s] -- Up-to-date: /home/ric/Desktop/ROS_projects/researchtrack_ws/install/rt1_interfaces/include/rt1_interfaces/rt1_interfaces/msg/detail/comando__type_support.cpp
[0.534s] -- Up-to-date: /home/ric/Desktop/ROS_projects/researchtrack_ws/install/rt1_interfaces/include/rt1_interfaces/rt1_interfaces/msg/detail/comando__rosidl_typesupport_introspection_cpp.hpp
[0.534s] -- Up-to-date: /home/ric/Desktop/ROS_projects/researchtrack_ws/install/rt1_interfaces/lib/librt1_interfaces__rosidl_typesupport_introspection_cpp.so
[0.534s] -- Up-to-date: /home/ric/Desktop/ROS_projects/researchtrack_ws/install/rt1_interfaces/lib/librt1_interfaces__rosidl_typesupport_cpp.so
[0.535s] -- Up-to-date: /home/ric/Desktop/ROS_projects/researchtrack_ws/install/rt1_interfaces/share/rt1_interfaces/environment/pythonpath.sh
[0.535s] -- Up-to-date: /home/ric/Desktop/ROS_projects/researchtrack_ws/install/rt1_interfaces/share/rt1_interfaces/environment/pythonpath.dsv
[0.535s] -- Up-to-date: /home/ric/Desktop/ROS_projects/researchtrack_ws/install/rt1_interfaces/lib/python3.12/site-packages/rt1_interfaces-0.0.0-py3.12.egg-info
[0.535s] -- Installing: /home/ric/Desktop/ROS_projects/researchtrack_ws/install/rt1_interfaces/lib/python3.12/site-packages/rt1_interfaces-0.0.0-py3.12.egg-info/dependency_links.txt
[0.535s] -- Installing: /home/ric/Desktop/ROS_projects/researchtrack_ws/install/rt1_interfaces/lib/python3.12/site-packages/rt1_interfaces-0.0.0-py3.12.egg-info/top_level.txt
[0.536s] -- Installing: /home/ric/Desktop/ROS_projects/researchtrack_ws/install/rt1_interfaces/lib/python3.12/site-packages/rt1_interfaces-0.0.0-py3.12.egg-info/SOURCES.txt
[0.536s] -- Installing: /home/ric/Desktop/ROS_projects/researchtrack_ws/install/rt1_interfaces/lib/python3.12/site-packages/rt1_interfaces-0.0.0-py3.12.egg-info/PKG-INFO
[0.536s] -- Up-to-date: /home/ric/Desktop/ROS_projects/researchtrack_ws/install/rt1_interfaces/lib/python3.12/site-packages/rt1_interfaces
[0.536s] -- Up-to-date: /home/ric/Desktop/ROS_projects/researchtrack_ws/install/rt1_interfaces/lib/python3.12/site-packages/rt1_interfaces/__init__.py
[0.536s] -- Up-to-date: /home/ric/Desktop/ROS_projects/researchtrack_ws/install/rt1_interfaces/lib/python3.12/site-packages/rt1_interfaces/rt1_interfaces_s__rosidl_typesupport_introspection_c.so
[0.537s] -- Up-to-date: /home/ric/Desktop/ROS_projects/researchtrack_ws/install/rt1_interfaces/lib/python3.12/site-packages/rt1_interfaces/rt1_interfaces_s__rosidl_typesupport_fastrtps_c.so
[0.537s] -- Up-to-date: /home/ric/Desktop/ROS_projects/researchtrack_ws/install/rt1_interfaces/lib/python3.12/site-packages/rt1_interfaces/rt1_interfaces_s__rosidl_typesupport_c.so
[0.537s] -- Up-to-date: /home/ric/Desktop/ROS_projects/researchtrack_ws/install/rt1_interfaces/lib/python3.12/site-packages/rt1_interfaces/_rt1_interfaces_s.ep.rosidl_typesupport_introspection_c.c
[0.537s] -- Up-to-date: /home/ric/Desktop/ROS_projects/researchtrack_ws/install/rt1_interfaces/lib/python3.12/site-packages/rt1_interfaces/msg
[0.537s] -- Up-to-date: /home/ric/Desktop/ROS_projects/researchtrack_ws/install/rt1_interfaces/lib/python3.12/site-packages/rt1_interfaces/msg/__init__.py
[0.538s] -- Up-to-date: /home/ric/Desktop/ROS_projects/researchtrack_ws/install/rt1_interfaces/lib/python3.12/site-packages/rt1_interfaces/msg/_comando.py
[0.538s] -- Up-to-date: /home/ric/Desktop/ROS_projects/researchtrack_ws/install/rt1_interfaces/lib/python3.12/site-packages/rt1_interfaces/msg/_comando_s.c
[0.538s] -- Up-to-date: /home/ric/Desktop/ROS_projects/researchtrack_ws/install/rt1_interfaces/lib/python3.12/site-packages/rt1_interfaces/_rt1_interfaces_s.ep.rosidl_typesupport_fastrtps_c.c
[0.538s] -- Up-to-date: /home/ric/Desktop/ROS_projects/researchtrack_ws/install/rt1_interfaces/lib/python3.12/site-packages/rt1_interfaces/_rt1_interfaces_s.ep.rosidl_typesupport_c.c
[0.586s] Listing '/home/ric/Desktop/ROS_projects/researchtrack_ws/install/rt1_interfaces/lib/python3.12/site-packages/rt1_interfaces'...
[0.587s] Listing '/home/ric/Desktop/ROS_projects/researchtrack_ws/install/rt1_interfaces/lib/python3.12/site-packages/rt1_interfaces/msg'...
[0.592s] -- Up-to-date: /home/ric/Desktop/ROS_projects/researchtrack_ws/install/rt1_interfaces/lib/python3.12/site-packages/rt1_interfaces/rt1_interfaces_s__rosidl_typesupport_fastrtps_c.so
[0.592s] -- Up-to-date: /home/ric/Desktop/ROS_projects/researchtrack_ws/install/rt1_interfaces/lib/python3.12/site-packages/rt1_interfaces/rt1_interfaces_s__rosidl_typesupport_introspection_c.so
[0.592s] -- Up-to-date: /home/ric/Desktop/ROS_projects/researchtrack_ws/install/rt1_interfaces/lib/python3.12/site-packages/rt1_interfaces/rt1_interfaces_s__rosidl_typesupport_c.so
[0.593s] -- Up-to-date: /home/ric/Desktop/ROS_projects/researchtrack_ws/install/rt1_interfaces/lib/librt1_interfaces__rosidl_generator_py.so
[0.593s] -- Up-to-date: /home/ric/Desktop/ROS_projects/researchtrack_ws/install/rt1_interfaces/share/rt1_interfaces/msg/Comando.idl
[0.593s] -- Up-to-date: /home/ric/Desktop/ROS_projects/researchtrack_ws/install/rt1_interfaces/share/rt1_interfaces/msg/Comando.msg
[0.593s] -- Up-to-date: /home/ric/Desktop/ROS_projects/researchtrack_ws/install/rt1_interfaces/share/ament_index/resource_index/package_run_dependencies/rt1_interfaces
[0.593s] -- Up-to-date: /home/ric/Desktop/ROS_projects/researchtrack_ws/install/rt1_interfaces/share/ament_index/resource_index/parent_prefix_path/rt1_interfaces
[0.593s] -- Up-to-date: /home/ric/Desktop/ROS_projects/researchtrack_ws/install/rt1_interfaces/share/rt1_interfaces/environment/ament_prefix_path.sh
[0.593s] -- Up-to-date: /home/ric/Desktop/ROS_projects/researchtrack_ws/install/rt1_interfaces/share/rt1_interfaces/environment/ament_prefix_path.dsv
[0.594s] -- Up-to-date: /home/ric/Desktop/ROS_projects/researchtrack_ws/install/rt1_interfaces/share/rt1_interfaces/environment/path.sh
[0.594s] -- Up-to-date: /home/ric/Desktop/ROS_projects/researchtrack_ws/install/rt1_interfaces/share/rt1_interfaces/environment/path.dsv
[0.594s] -- Up-to-date: /home/ric/Desktop/ROS_projects/researchtrack_ws/install/rt1_interfaces/share/rt1_interfaces/local_setup.bash
[0.594s] -- Up-to-date: /home/ric/Desktop/ROS_projects/researchtrack_ws/install/rt1_interfaces/share/rt1_interfaces/local_setup.sh
[0.594s] -- Up-to-date: /home/ric/Desktop/ROS_projects/researchtrack_ws/install/rt1_interfaces/share/rt1_interfaces/local_setup.zsh
[0.594s] -- Up-to-date: /home/ric/Desktop/ROS_projects/researchtrack_ws/install/rt1_interfaces/share/rt1_interfaces/local_setup.dsv
[0.594s] -- Installing: /home/ric/Desktop/ROS_projects/researchtrack_ws/install/rt1_interfaces/share/rt1_interfaces/package.dsv
[0.594s] -- Up-to-date: /home/ric/Desktop/ROS_projects/researchtrack_ws/install/rt1_interfaces/share/ament_index/resource_index/packages/rt1_interfaces
[0.595s] -- Up-to-date: /home/ric/Desktop/ROS_projects/researchtrack_ws/install/rt1_interfaces/share/rt1_interfaces/cmake/export_rt1_interfaces__rosidl_generator_cExport.cmake
[0.595s] -- Up-to-date: /home/ric/Desktop/ROS_projects/researchtrack_ws/install/rt1_interfaces/share/rt1_interfaces/cmake/export_rt1_interfaces__rosidl_generator_cExport-noconfig.cmake
[0.595s] -- Up-to-date: /home/ric/Desktop/ROS_projects/researchtrack_ws/install/rt1_interfaces/share/rt1_interfaces/cmake/export_rt1_interfaces__rosidl_typesupport_fastrtps_cExport.cmake
[0.595s] -- Up-to-date: /home/ric/Desktop/ROS_projects/researchtrack_ws/install/rt1_interfaces/share/rt1_interfaces/cmake/export_rt1_interfaces__rosidl_typesupport_fastrtps_cExport-noconfig.cmake
[0.595s] -- Up-to-date: /home/ric/Desktop/ROS_projects/researchtrack_ws/install/rt1_interfaces/share/rt1_interfaces/cmake/export_rt1_interfaces__rosidl_generator_cppExport.cmake
[0.595s] -- Up-to-date: /home/ric/Desktop/ROS_projects/researchtrack_ws/install/rt1_interfaces/share/rt1_interfaces/cmake/export_rt1_interfaces__rosidl_typesupport_fastrtps_cppExport.cmake
[0.595s] -- Up-to-date: /home/ric/Desktop/ROS_projects/researchtrack_ws/install/rt1_interfaces/share/rt1_interfaces/cmake/export_rt1_interfaces__rosidl_typesupport_fastrtps_cppExport-noconfig.cmake
[0.595s] -- Up-to-date: /home/ric/Desktop/ROS_projects/researchtrack_ws/install/rt1_interfaces/share/rt1_interfaces/cmake/rt1_interfaces__rosidl_typesupport_introspection_cExport.cmake
[0.595s] -- Up-to-date: /home/ric/Desktop/ROS_projects/researchtrack_ws/install/rt1_interfaces/share/rt1_interfaces/cmake/rt1_interfaces__rosidl_typesupport_introspection_cExport-noconfig.cmake
[0.596s] -- Up-to-date: /home/ric/Desktop/ROS_projects/researchtrack_ws/install/rt1_interfaces/share/rt1_interfaces/cmake/rt1_interfaces__rosidl_typesupport_cExport.cmake
[0.596s] -- Up-to-date: /home/ric/Desktop/ROS_projects/researchtrack_ws/install/rt1_interfaces/share/rt1_interfaces/cmake/rt1_interfaces__rosidl_typesupport_cExport-noconfig.cmake
[0.596s] -- Up-to-date: /home/ric/Desktop/ROS_projects/researchtrack_ws/install/rt1_interfaces/share/rt1_interfaces/cmake/rt1_interfaces__rosidl_typesupport_introspection_cppExport.cmake
[0.596s] -- Up-to-date: /home/ric/Desktop/ROS_projects/researchtrack_ws/install/rt1_interfaces/share/rt1_interfaces/cmake/rt1_interfaces__rosidl_typesupport_introspection_cppExport-noconfig.cmake
[0.596s] -- Up-to-date: /home/ric/Desktop/ROS_projects/researchtrack_ws/install/rt1_interfaces/share/rt1_interfaces/cmake/rt1_interfaces__rosidl_typesupport_cppExport.cmake
[0.596s] -- Up-to-date: /home/ric/Desktop/ROS_projects/researchtrack_ws/install/rt1_interfaces/share/rt1_interfaces/cmake/rt1_interfaces__rosidl_typesupport_cppExport-noconfig.cmake
[0.596s] -- Up-to-date: /home/ric/Desktop/ROS_projects/researchtrack_ws/install/rt1_interfaces/share/rt1_interfaces/cmake/export_rt1_interfaces__rosidl_generator_pyExport.cmake
[0.596s] -- Up-to-date: /home/ric/Desktop/ROS_projects/researchtrack_ws/install/rt1_interfaces/share/rt1_interfaces/cmake/export_rt1_interfaces__rosidl_generator_pyExport-noconfig.cmake
[0.596s] -- Up-to-date: /home/ric/Desktop/ROS_projects/researchtrack_ws/install/rt1_interfaces/share/rt1_interfaces/cmake/rosidl_cmake-extras.cmake
[0.596s] -- Up-to-date: /home/ric/Desktop/ROS_projects/researchtrack_ws/install/rt1_interfaces/share/rt1_interfaces/cmake/ament_cmake_export_dependencies-extras.cmake
[0.596s] -- Up-to-date: /home/ric/Desktop/ROS_projects/researchtrack_ws/install/rt1_interfaces/share/rt1_interfaces/cmake/ament_cmake_export_include_directories-extras.cmake
[0.597s] -- Up-to-date: /home/ric/Desktop/ROS_projects/researchtrack_ws/install/rt1_interfaces/share/rt1_interfaces/cmake/ament_cmake_export_libraries-extras.cmake
[0.597s] -- Up-to-date: /home/ric/Desktop/ROS_projects/researchtrack_ws/install/rt1_interfaces/share/rt1_interfaces/cmake/ament_cmake_export_targets-extras.cmake
[0.597s] -- Up-to-date: /home/ric/Desktop/ROS_projects/researchtrack_ws/install/rt1_interfaces/share/rt1_interfaces/cmake/rosidl_cmake_export_typesupport_targets-extras.cmake
[0.598s] -- Up-to-date: /home/ric/Desktop/ROS_projects/researchtrack_ws/install/rt1_interfaces/share/rt1_interfaces/cmake/rosidl_cmake_export_typesupport_libraries-extras.cmake
[0.598s] -- Up-to-date: /home/ric/Desktop/ROS_projects/researchtrack_ws/install/rt1_interfaces/share/rt1_interfaces/cmake/rt1_interfacesConfig.cmake
[0.598s] -- Up-to-date: /home/ric/Desktop/ROS_projects/researchtrack_ws/install/rt1_interfaces/share/rt1_interfaces/cmake/rt1_interfacesConfig-version.cmake
[0.598s] -- Up-to-date: /home/ric/Desktop/ROS_projects/researchtrack_ws/install/rt1_interfaces/share/rt1_interfaces/package.xml
[0.599s] Invoked command in '/home/ric/Desktop/ROS_projects/researchtrack_ws/build/rt1_interfaces' returned '0': CMAKE_PREFIX_PATH=${CMAKE_PREFIX_PATH}:/home/ric/Desktop/ROS_projects/researchtrack_ws/install/turtlesim_controller:/home/ric/Desktop/ROS_projects/researchtrack_ws/install/assignment1_rt:/opt/ros/jazzy DEBUGINFOD_URLS=https://debuginfod.ubuntu.com /usr/bin/cmake --install /home/ric/Desktop/ROS_projects/researchtrack_ws/build/rt1_interfaces
