[1.743s] Invoking command in '/home/ric/Desktop/ROS_projects/researchtrack_ws/src/turtlesim_controller': DEBUGINFOD_URLS=https://debuginfod.ubuntu.com PYTHONPATH=/home/ric/Desktop/ROS_projects/researchtrack_ws/build/turtlesim_controller/prefix_override:/usr/lib/python3/dist-packages/colcon_core/task/python/colcon_distutils_commands:/home/ric/Desktop/ROS_projects/researchtrack_ws/install/turtlesim_controller/lib/python3.12/site-packages:${PYTHONPATH} /usr/bin/python3 -W ignore:setup.py install is deprecated -W ignore:easy_install command is deprecated setup.py egg_info --egg-base ../../build/turtlesim_controller build --build-base /home/ric/Desktop/ROS_projects/researchtrack_ws/build/turtlesim_controller/build install --record /home/ric/Desktop/ROS_projects/researchtrack_ws/build/turtlesim_controller/install.log --single-version-externally-managed install_data
[2.291s] running egg_info
[2.292s] creating ../../build/turtlesim_controller/turtlesim_controller.egg-info
[2.333s] writing ../../build/turtlesim_controller/turtlesim_controller.egg-info/PKG-INFO
[2.333s] writing dependency_links to ../../build/turtlesim_controller/turtlesim_controller.egg-info/dependency_links.txt
[2.334s] writing entry points to ../../build/turtlesim_controller/turtlesim_controller.egg-info/entry_points.txt
[2.334s] writing requirements to ../../build/turtlesim_controller/turtlesim_controller.egg-info/requires.txt
[2.334s] writing top-level names to ../../build/turtlesim_controller/turtlesim_controller.egg-info/top_level.txt
[2.335s] writing manifest file '../../build/turtlesim_controller/turtlesim_controller.egg-info/SOURCES.txt'
[2.421s] reading manifest file '../../build/turtlesim_controller/turtlesim_controller.egg-info/SOURCES.txt'
[2.422s] writing manifest file '../../build/turtlesim_controller/turtlesim_controller.egg-info/SOURCES.txt'
[2.423s] running build
[2.423s] running build_py
[2.423s] creating /home/ric/Desktop/ROS_projects/researchtrack_ws/build/turtlesim_controller/build
[2.423s] creating /home/ric/Desktop/ROS_projects/researchtrack_ws/build/turtlesim_controller/build/lib
[2.423s] creating /home/ric/Desktop/ROS_projects/researchtrack_ws/build/turtlesim_controller/build/lib/turtlesim_controller
[2.424s] copying turtlesim_controller/__init__.py -> /home/ric/Desktop/ROS_projects/researchtrack_ws/build/turtlesim_controller/build/lib/turtlesim_controller
[2.424s] copying turtlesim_controller/turtlesim_subscriber.py -> /home/ric/Desktop/ROS_projects/researchtrack_ws/build/turtlesim_controller/build/lib/turtlesim_controller
[2.424s] copying turtlesim_controller/minimal_subscriber.py -> /home/ric/Desktop/ROS_projects/researchtrack_ws/build/turtlesim_controller/build/lib/turtlesim_controller
[2.425s] running install
[2.439s] running install_lib
[2.482s] creating /home/ric/Desktop/ROS_projects/researchtrack_ws/install/turtlesim_controller/lib/python3.12/site-packages/turtlesim_controller
[2.482s] copying /home/ric/Desktop/ROS_projects/researchtrack_ws/build/turtlesim_controller/build/lib/turtlesim_controller/__init__.py -> /home/ric/Desktop/ROS_projects/researchtrack_ws/install/turtlesim_controller/lib/python3.12/site-packages/turtlesim_controller
[2.483s] copying /home/ric/Desktop/ROS_projects/researchtrack_ws/build/turtlesim_controller/build/lib/turtlesim_controller/turtlesim_subscriber.py -> /home/ric/Desktop/ROS_projects/researchtrack_ws/install/turtlesim_controller/lib/python3.12/site-packages/turtlesim_controller
[2.483s] copying /home/ric/Desktop/ROS_projects/researchtrack_ws/build/turtlesim_controller/build/lib/turtlesim_controller/minimal_subscriber.py -> /home/ric/Desktop/ROS_projects/researchtrack_ws/install/turtlesim_controller/lib/python3.12/site-packages/turtlesim_controller
[2.484s] byte-compiling /home/ric/Desktop/ROS_projects/researchtrack_ws/install/turtlesim_controller/lib/python3.12/site-packages/turtlesim_controller/__init__.py to __init__.cpython-312.pyc
[2.484s] byte-compiling /home/ric/Desktop/ROS_projects/researchtrack_ws/install/turtlesim_controller/lib/python3.12/site-packages/turtlesim_controller/turtlesim_subscriber.py to turtlesim_subscriber.cpython-312.pyc
[2.485s] byte-compiling /home/ric/Desktop/ROS_projects/researchtrack_ws/install/turtlesim_controller/lib/python3.12/site-packages/turtlesim_controller/minimal_subscriber.py to minimal_subscriber.cpython-312.pyc
[2.486s] running install_data
[2.487s] creating /home/ric/Desktop/ROS_projects/researchtrack_ws/install/turtlesim_controller/share/ament_index
[2.487s] creating /home/ric/Desktop/ROS_projects/researchtrack_ws/install/turtlesim_controller/share/ament_index/resource_index
[2.487s] creating /home/ric/Desktop/ROS_projects/researchtrack_ws/install/turtlesim_controller/share/ament_index/resource_index/packages
[2.487s] copying resource/turtlesim_controller -> /home/ric/Desktop/ROS_projects/researchtrack_ws/install/turtlesim_controller/share/ament_index/resource_index/packages
[2.487s] copying package.xml -> /home/ric/Desktop/ROS_projects/researchtrack_ws/install/turtlesim_controller/share/turtlesim_controller
[2.487s] running install_egg_info
[2.535s] Copying ../../build/turtlesim_controller/turtlesim_controller.egg-info to /home/ric/Desktop/ROS_projects/researchtrack_ws/install/turtlesim_controller/lib/python3.12/site-packages/turtlesim_controller-0.0.0-py3.12.egg-info
[2.537s] running install_scripts
[2.815s] Installing turtlesim_controller script to /home/ric/Desktop/ROS_projects/researchtrack_ws/install/turtlesim_controller/lib/turtlesim_controller
[2.816s] writing list of installed files to '/home/ric/Desktop/ROS_projects/researchtrack_ws/build/turtlesim_controller/install.log'
[2.863s] Invoked command in '/home/ric/Desktop/ROS_projects/researchtrack_ws/src/turtlesim_controller' returned '0': DEBUGINFOD_URLS=https://debuginfod.ubuntu.com PYTHONPATH=/home/ric/Desktop/ROS_projects/researchtrack_ws/build/turtlesim_controller/prefix_override:/usr/lib/python3/dist-packages/colcon_core/task/python/colcon_distutils_commands:/home/ric/Desktop/ROS_projects/researchtrack_ws/install/turtlesim_controller/lib/python3.12/site-packages:${PYTHONPATH} /usr/bin/python3 -W ignore:setup.py install is deprecated -W ignore:easy_install command is deprecated setup.py egg_info --egg-base ../../build/turtlesim_controller build --build-base /home/ric/Desktop/ROS_projects/researchtrack_ws/build/turtlesim_controller/build install --record /home/ric/Desktop/ROS_projects/researchtrack_ws/build/turtlesim_controller/install.log --single-version-externally-managed install_data
