[1.664s] Invoking command in '/home/ric/Desktop/ROS_projects/digikey_tutorial_ws/src/pkg_tutorial': DEBUGINFOD_URLS=https://debuginfod.ubuntu.com PYTHONPATH=/home/ric/Desktop/ROS_projects/digikey_tutorial_ws/build/pkg_tutorial/prefix_override:/usr/lib/python3/dist-packages/colcon_core/task/python/colcon_distutils_commands:/home/ric/Desktop/ROS_projects/digikey_tutorial_ws/install/pkg_tutorial/lib/python3.12/site-packages:${PYTHONPATH} /usr/bin/python3 -W ignore:setup.py install is deprecated -W ignore:easy_install command is deprecated setup.py egg_info --egg-base ../../build/pkg_tutorial build --build-base /home/ric/Desktop/ROS_projects/digikey_tutorial_ws/build/pkg_tutorial/build install --record /home/ric/Desktop/ROS_projects/digikey_tutorial_ws/build/pkg_tutorial/install.log --single-version-externally-managed install_data
[2.203s] running egg_info
[2.204s] creating ../../build/pkg_tutorial/pkg_tutorial.egg-info
[2.244s] writing ../../build/pkg_tutorial/pkg_tutorial.egg-info/PKG-INFO
[2.245s] writing dependency_links to ../../build/pkg_tutorial/pkg_tutorial.egg-info/dependency_links.txt
[2.245s] writing requirements to ../../build/pkg_tutorial/pkg_tutorial.egg-info/requires.txt
[2.245s] writing top-level names to ../../build/pkg_tutorial/pkg_tutorial.egg-info/top_level.txt
[2.246s] writing manifest file '../../build/pkg_tutorial/pkg_tutorial.egg-info/SOURCES.txt'
[2.330s] reading manifest file '../../build/pkg_tutorial/pkg_tutorial.egg-info/SOURCES.txt'
[2.332s] writing manifest file '../../build/pkg_tutorial/pkg_tutorial.egg-info/SOURCES.txt'
[2.332s] running build
[2.332s] running build_py
[2.332s] creating /home/ric/Desktop/ROS_projects/digikey_tutorial_ws/build/pkg_tutorial/build
[2.333s] creating /home/ric/Desktop/ROS_projects/digikey_tutorial_ws/build/pkg_tutorial/build/lib
[2.333s] creating /home/ric/Desktop/ROS_projects/digikey_tutorial_ws/build/pkg_tutorial/build/lib/pkg_tutorial
[2.333s] copying pkg_tutorial/__init__.py -> /home/ric/Desktop/ROS_projects/digikey_tutorial_ws/build/pkg_tutorial/build/lib/pkg_tutorial
[2.333s] copying pkg_tutorial/minimal_publisher.py -> /home/ric/Desktop/ROS_projects/digikey_tutorial_ws/build/pkg_tutorial/build/lib/pkg_tutorial
[2.334s] running install
[2.347s] running install_lib
[2.390s] creating /home/ric/Desktop/ROS_projects/digikey_tutorial_ws/install/pkg_tutorial/lib/python3.12/site-packages/pkg_tutorial
[2.390s] copying /home/ric/Desktop/ROS_projects/digikey_tutorial_ws/build/pkg_tutorial/build/lib/pkg_tutorial/__init__.py -> /home/ric/Desktop/ROS_projects/digikey_tutorial_ws/install/pkg_tutorial/lib/python3.12/site-packages/pkg_tutorial
[2.390s] copying /home/ric/Desktop/ROS_projects/digikey_tutorial_ws/build/pkg_tutorial/build/lib/pkg_tutorial/minimal_publisher.py -> /home/ric/Desktop/ROS_projects/digikey_tutorial_ws/install/pkg_tutorial/lib/python3.12/site-packages/pkg_tutorial
[2.391s] byte-compiling /home/ric/Desktop/ROS_projects/digikey_tutorial_ws/install/pkg_tutorial/lib/python3.12/site-packages/pkg_tutorial/__init__.py to __init__.cpython-312.pyc
[2.392s] byte-compiling /home/ric/Desktop/ROS_projects/digikey_tutorial_ws/install/pkg_tutorial/lib/python3.12/site-packages/pkg_tutorial/minimal_publisher.py to minimal_publisher.cpython-312.pyc
[2.393s] running install_data
[2.393s] creating /home/ric/Desktop/ROS_projects/digikey_tutorial_ws/install/pkg_tutorial/share/ament_index
[2.393s] creating /home/ric/Desktop/ROS_projects/digikey_tutorial_ws/install/pkg_tutorial/share/ament_index/resource_index
[2.394s] creating /home/ric/Desktop/ROS_projects/digikey_tutorial_ws/install/pkg_tutorial/share/ament_index/resource_index/packages
[2.394s] copying resource/pkg_tutorial -> /home/ric/Desktop/ROS_projects/digikey_tutorial_ws/install/pkg_tutorial/share/ament_index/resource_index/packages
[2.394s] copying package.xml -> /home/ric/Desktop/ROS_projects/digikey_tutorial_ws/install/pkg_tutorial/share/pkg_tutorial
[2.394s] running install_egg_info
[2.439s] Copying ../../build/pkg_tutorial/pkg_tutorial.egg-info to /home/ric/Desktop/ROS_projects/digikey_tutorial_ws/install/pkg_tutorial/lib/python3.12/site-packages/pkg_tutorial-0.0.0-py3.12.egg-info
[2.441s] running install_scripts
[2.724s] writing list of installed files to '/home/ric/Desktop/ROS_projects/digikey_tutorial_ws/build/pkg_tutorial/install.log'
[2.777s] Invoked command in '/home/ric/Desktop/ROS_projects/digikey_tutorial_ws/src/pkg_tutorial' returned '0': DEBUGINFOD_URLS=https://debuginfod.ubuntu.com PYTHONPATH=/home/ric/Desktop/ROS_projects/digikey_tutorial_ws/build/pkg_tutorial/prefix_override:/usr/lib/python3/dist-packages/colcon_core/task/python/colcon_distutils_commands:/home/ric/Desktop/ROS_projects/digikey_tutorial_ws/install/pkg_tutorial/lib/python3.12/site-packages:${PYTHONPATH} /usr/bin/python3 -W ignore:setup.py install is deprecated -W ignore:easy_install command is deprecated setup.py egg_info --egg-base ../../build/pkg_tutorial build --build-base /home/ric/Desktop/ROS_projects/digikey_tutorial_ws/build/pkg_tutorial/build install --record /home/ric/Desktop/ROS_projects/digikey_tutorial_ws/build/pkg_tutorial/install.log --single-version-externally-managed install_data
