[0.775s] Invoking command in '/home/ric/Desktop/ROS_projects/researchtrack_ws/src/assignment1_rt': DEBUGINFOD_URLS=https://debuginfod.ubuntu.com PYTHONPATH=/home/ric/Desktop/ROS_projects/researchtrack_ws/build/assignment1_rt/prefix_override:/usr/lib/python3/dist-packages/colcon_core/task/python/colcon_distutils_commands:/home/ric/Desktop/ROS_projects/researchtrack_ws/install/assignment1_rt/lib/python3.12/site-packages:${PYTHONPATH} /usr/bin/python3 -W ignore:setup.py install is deprecated -W ignore:easy_install command is deprecated setup.py egg_info --egg-base ../../build/assignment1_rt build --build-base /home/ric/Desktop/ROS_projects/researchtrack_ws/build/assignment1_rt/build install --record /home/ric/Desktop/ROS_projects/researchtrack_ws/build/assignment1_rt/install.log --single-version-externally-managed install_data
[1.046s] running egg_info
[1.064s] writing ../../build/assignment1_rt/assignment1_rt.egg-info/PKG-INFO
[1.064s] writing dependency_links to ../../build/assignment1_rt/assignment1_rt.egg-info/dependency_links.txt
[1.065s] writing entry points to ../../build/assignment1_rt/assignment1_rt.egg-info/entry_points.txt
[1.065s] writing requirements to ../../build/assignment1_rt/assignment1_rt.egg-info/requires.txt
[1.065s] writing top-level names to ../../build/assignment1_rt/assignment1_rt.egg-info/top_level.txt
[1.101s] reading manifest file '../../build/assignment1_rt/assignment1_rt.egg-info/SOURCES.txt'
[1.102s] writing manifest file '../../build/assignment1_rt/assignment1_rt.egg-info/SOURCES.txt'
[1.102s] running build
[1.102s] running build_py
[1.102s] running install
[1.110s] running install_lib
[1.129s] running install_data
[1.130s] running install_egg_info
[1.149s] removing '/home/ric/Desktop/ROS_projects/researchtrack_ws/install/assignment1_rt/lib/python3.12/site-packages/assignment1_rt-0.1.0-py3.12.egg-info' (and everything under it)
[1.149s] Copying ../../build/assignment1_rt/assignment1_rt.egg-info to /home/ric/Desktop/ROS_projects/researchtrack_ws/install/assignment1_rt/lib/python3.12/site-packages/assignment1_rt-0.1.0-py3.12.egg-info
[1.153s] running install_scripts
[1.272s] Installing TurtleManager script to /home/ric/Desktop/ROS_projects/researchtrack_ws/install/assignment1_rt/lib/assignment1_rt
[1.273s] Installing UI script to /home/ric/Desktop/ROS_projects/researchtrack_ws/install/assignment1_rt/lib/assignment1_rt
[1.273s] writing list of installed files to '/home/ric/Desktop/ROS_projects/researchtrack_ws/build/assignment1_rt/install.log'
