running egg_info
writing ../../build/pkg_tutorial/pkg_tutorial.egg-info/PKG-INFO
writing dependency_links to ../../build/pkg_tutorial/pkg_tutorial.egg-info/dependency_links.txt
writing entry points to ../../build/pkg_tutorial/pkg_tutorial.egg-info/entry_points.txt
writing requirements to ../../build/pkg_tutorial/pkg_tutorial.egg-info/requires.txt
writing top-level names to ../../build/pkg_tutorial/pkg_tutorial.egg-info/top_level.txt
reading manifest file '../../build/pkg_tutorial/pkg_tutorial.egg-info/SOURCES.txt'
writing manifest file '../../build/pkg_tutorial/pkg_tutorial.egg-info/SOURCES.txt'
running build
running build_py
running install
running install_lib
running install_data
copying package.xml -> /home/ric/Desktop/ROS_projects/digikey_tutorial_ws/install/pkg_tutorial/share/pkg_tutorial
running install_egg_info
removing '/home/ric/Desktop/ROS_projects/digikey_tutorial_ws/install/pkg_tutorial/lib/python3.12/site-packages/pkg_tutorial-0.0.0-py3.12.egg-info' (and everything under it)
Copying ../../build/pkg_tutorial/pkg_tutorial.egg-info to /home/ric/Desktop/ROS_projects/digikey_tutorial_ws/install/pkg_tutorial/lib/python3.12/site-packages/pkg_tutorial-0.0.0-py3.12.egg-info
running install_scripts
Installing minimal_publisher script to /home/ric/Desktop/ROS_projects/digikey_tutorial_ws/install/pkg_tutorial/lib/pkg_tutorial
writing list of installed files to '/home/ric/Desktop/ROS_projects/digikey_tutorial_ws/build/pkg_tutorial/install.log'
