[0.969s] Invoking command in '/home/ric/Desktop/ROS_projects/researchtrack_ws/src/assignment1_rt': DEBUGINFOD_URLS=https://debuginfod.ubuntu.com PYTHONPATH=/home/ric/Desktop/ROS_projects/researchtrack_ws/build/assignment1_rt/prefix_override:/usr/lib/python3/dist-packages/colcon_core/task/python/colcon_distutils_commands:/home/ric/Desktop/ROS_projects/researchtrack_ws/install/assignment1_rt/lib/python3.12/site-packages:${PYTHONPATH} /usr/bin/python3 -W ignore:setup.py install is deprecated -W ignore:easy_install command is deprecated setup.py egg_info --egg-base ../../build/assignment1_rt build --build-base /home/ric/Desktop/ROS_projects/researchtrack_ws/build/assignment1_rt/build install --record /home/ric/Desktop/ROS_projects/researchtrack_ws/build/assignment1_rt/install.log --single-version-externally-managed install_data
[1.209s] running egg_info
[1.209s] creating ../../build/assignment1_rt/assignment1_rt.egg-info
[1.227s] writing ../../build/assignment1_rt/assignment1_rt.egg-info/PKG-INFO
[1.227s] writing dependency_links to ../../build/assignment1_rt/assignment1_rt.egg-info/dependency_links.txt
[1.228s] writing entry points to ../../build/assignment1_rt/assignment1_rt.egg-info/entry_points.txt
[1.228s] writing requirements to ../../build/assignment1_rt/assignment1_rt.egg-info/requires.txt
[1.228s] writing top-level names to ../../build/assignment1_rt/assignment1_rt.egg-info/top_level.txt
[1.228s] writing manifest file '../../build/assignment1_rt/assignment1_rt.egg-info/SOURCES.txt'
[1.263s] reading manifest file '../../build/assignment1_rt/assignment1_rt.egg-info/SOURCES.txt'
[1.263s] writing manifest file '../../build/assignment1_rt/assignment1_rt.egg-info/SOURCES.txt'
[1.263s] running build
[1.263s] running build_py
[1.263s] creating /home/ric/Desktop/ROS_projects/researchtrack_ws/build/assignment1_rt/build
[1.263s] creating /home/ric/Desktop/ROS_projects/researchtrack_ws/build/assignment1_rt/build/lib
[1.264s] creating /home/ric/Desktop/ROS_projects/researchtrack_ws/build/assignment1_rt/build/lib/assignment1_rt
[1.264s] copying assignment1_rt/__init__.py -> /home/ric/Desktop/ROS_projects/researchtrack_ws/build/assignment1_rt/build/lib/assignment1_rt
[1.264s] copying assignment1_rt/TurtleManager.py -> /home/ric/Desktop/ROS_projects/researchtrack_ws/build/assignment1_rt/build/lib/assignment1_rt
[1.264s] copying assignment1_rt/UI.py -> /home/ric/Desktop/ROS_projects/researchtrack_ws/build/assignment1_rt/build/lib/assignment1_rt
[1.264s] running install
[1.270s] running install_lib
[1.288s] creating /home/ric/Desktop/ROS_projects/researchtrack_ws/install/assignment1_rt/lib/python3.12/site-packages/assignment1_rt
[1.288s] copying /home/ric/Desktop/ROS_projects/researchtrack_ws/build/assignment1_rt/build/lib/assignment1_rt/__init__.py -> /home/ric/Desktop/ROS_projects/researchtrack_ws/install/assignment1_rt/lib/python3.12/site-packages/assignment1_rt
[1.288s] copying /home/ric/Desktop/ROS_projects/researchtrack_ws/build/assignment1_rt/build/lib/assignment1_rt/TurtleManager.py -> /home/ric/Desktop/ROS_projects/researchtrack_ws/install/assignment1_rt/lib/python3.12/site-packages/assignment1_rt
[1.288s] copying /home/ric/Desktop/ROS_projects/researchtrack_ws/build/assignment1_rt/build/lib/assignment1_rt/UI.py -> /home/ric/Desktop/ROS_projects/researchtrack_ws/install/assignment1_rt/lib/python3.12/site-packages/assignment1_rt
[1.289s] byte-compiling /home/ric/Desktop/ROS_projects/researchtrack_ws/install/assignment1_rt/lib/python3.12/site-packages/assignment1_rt/__init__.py to __init__.cpython-312.pyc
[1.289s] byte-compiling /home/ric/Desktop/ROS_projects/researchtrack_ws/install/assignment1_rt/lib/python3.12/site-packages/assignment1_rt/TurtleManager.py to TurtleManager.cpython-312.pyc
[1.290s] byte-compiling /home/ric/Desktop/ROS_projects/researchtrack_ws/install/assignment1_rt/lib/python3.12/site-packages/assignment1_rt/UI.py to UI.cpython-312.pyc
[1.290s] running install_data
[1.290s] creating /home/ric/Desktop/ROS_projects/researchtrack_ws/install/assignment1_rt/share/assignment1_rt/launch
[1.290s] copying launch/assignment1.launch.py -> /home/ric/Desktop/ROS_projects/researchtrack_ws/install/assignment1_rt/share/assignment1_rt/launch
[1.290s] running install_egg_info
[1.311s] Copying ../../build/assignment1_rt/assignment1_rt.egg-info to /home/ric/Desktop/ROS_projects/researchtrack_ws/install/assignment1_rt/lib/python3.12/site-packages/assignment1_rt-0.1.0-py3.12.egg-info
[1.311s] running install_scripts
[1.434s] Installing TurtleManager script to /home/ric/Desktop/ROS_projects/researchtrack_ws/install/assignment1_rt/lib/assignment1_rt
[1.435s] Installing UI script to /home/ric/Desktop/ROS_projects/researchtrack_ws/install/assignment1_rt/lib/assignment1_rt
[1.435s] writing list of installed files to '/home/ric/Desktop/ROS_projects/researchtrack_ws/build/assignment1_rt/install.log'
[1.472s] Invoked command in '/home/ric/Desktop/ROS_projects/researchtrack_ws/src/assignment1_rt' returned '0': DEBUGINFOD_URLS=https://debuginfod.ubuntu.com PYTHONPATH=/home/ric/Desktop/ROS_projects/researchtrack_ws/build/assignment1_rt/prefix_override:/usr/lib/python3/dist-packages/colcon_core/task/python/colcon_distutils_commands:/home/ric/Desktop/ROS_projects/researchtrack_ws/install/assignment1_rt/lib/python3.12/site-packages:${PYTHONPATH} /usr/bin/python3 -W ignore:setup.py install is deprecated -W ignore:easy_install command is deprecated setup.py egg_info --egg-base ../../build/assignment1_rt build --build-base /home/ric/Desktop/ROS_projects/researchtrack_ws/build/assignment1_rt/build install --record /home/ric/Desktop/ROS_projects/researchtrack_ws/build/assignment1_rt/install.log --single-version-externally-managed install_data
