[0.222s] DEBUG:colcon:Command line arguments: ['/usr/bin/colcon', 'build', '--packages-select', 'pkg_tutorial']
[0.222s] DEBUG:colcon:Parsed command line arguments: Namespace(log_base=None, log_level=None, verb_name='build', build_base='build', install_base='install', merge_install=False, symlink_install=False, test_result_base=None, continue_on_error=False, executor='parallel', parallel_workers=8, event_handlers=None, ignore_user_meta=False, metas=['./colcon.meta'], base_paths=['.'], packages_ignore=None, packages_ignore_regex=None, paths=None, packages_up_to=None, packages_up_to_regex=None, packages_above=None, packages_above_and_dependencies=None, packages_above_depth=None, packages_select_by_dep=None, packages_skip_by_dep=None, packages_skip_up_to=None, packages_select_build_failed=False, packages_skip_build_finished=False, packages_select_test_failures=False, packages_skip_test_passed=False, packages_select=['pkg_tutorial'], packages_skip=None, packages_select_regex=None, packages_skip_regex=None, packages_start=None, packages_end=None, allow_overriding=[], cmake_args=None, cmake_target=None, cmake_target_skip_unavailable=False, cmake_clean_cache=False, cmake_clean_first=False, cmake_force_configure=False, ament_cmake_args=None, catkin_cmake_args=None, catkin_skip_building_tests=False, mixin_files=None, mixin=None, verb_parser=<colcon_mixin.mixin.mixin_argument.MixinArgumentDecorator object at 0x72dbbbf980e0>, verb_extension=<colcon_core.verb.build.BuildVerb object at 0x72dbbc0bca70>, main=<bound method BuildVerb.main of <colcon_core.verb.build.BuildVerb object at 0x72dbbc0bca70>>, mixin_verb=('build',))
[0.307s] Level 1:colcon.colcon_core.package_discovery:discover_packages(colcon_meta) check parameters
[0.307s] Level 1:colcon.colcon_core.package_discovery:discover_packages(recursive) check parameters
[0.308s] Level 1:colcon.colcon_core.package_discovery:discover_packages(ignore) check parameters
[0.308s] Level 1:colcon.colcon_core.package_discovery:discover_packages(path) check parameters
[0.308s] Level 1:colcon.colcon_core.package_discovery:discover_packages(colcon_meta) discover
[0.308s] Level 1:colcon.colcon_core.package_discovery:discover_packages(recursive) discover
[0.308s] INFO:colcon.colcon_core.package_discovery:Crawling recursively for packages in '/home/ric/Desktop/ROS_projects/digikey_tutorial_ws'
[0.308s] Level 1:colcon.colcon_core.package_identification:_identify(.) by extensions ['ignore', 'ignore_ament_install']
[0.309s] Level 1:colcon.colcon_core.package_identification:_identify(.) by extension 'ignore'
[0.309s] Level 1:colcon.colcon_core.package_identification:_identify(.) by extension 'ignore_ament_install'
[0.309s] Level 1:colcon.colcon_core.package_identification:_identify(.) by extensions ['colcon_pkg']
[0.309s] Level 1:colcon.colcon_core.package_identification:_identify(.) by extension 'colcon_pkg'
[0.309s] Level 1:colcon.colcon_core.package_identification:_identify(.) by extensions ['colcon_meta']
[0.309s] Level 1:colcon.colcon_core.package_identification:_identify(.) by extension 'colcon_meta'
[0.309s] Level 1:colcon.colcon_core.package_identification:_identify(.) by extensions ['ros']
[0.309s] Level 1:colcon.colcon_core.package_identification:_identify(.) by extension 'ros'
[0.364s] Level 1:colcon.colcon_core.package_identification:_identify(.) by extensions ['cmake', 'python']
[0.364s] Level 1:colcon.colcon_core.package_identification:_identify(.) by extension 'cmake'
[0.364s] Level 1:colcon.colcon_core.package_identification:_identify(.) by extension 'python'
[0.364s] Level 1:colcon.colcon_core.package_identification:_identify(.) by extensions ['python_setup_py']
[0.365s] Level 1:colcon.colcon_core.package_identification:_identify(.) by extension 'python_setup_py'
[0.365s] Level 1:colcon.colcon_core.package_identification:_identify(build) by extensions ['ignore', 'ignore_ament_install']
[0.365s] Level 1:colcon.colcon_core.package_identification:_identify(build) by extension 'ignore'
[0.365s] Level 1:colcon.colcon_core.package_identification:_identify(build) ignored
[0.366s] Level 1:colcon.colcon_core.package_identification:_identify(install) by extensions ['ignore', 'ignore_ament_install']
[0.366s] Level 1:colcon.colcon_core.package_identification:_identify(install) by extension 'ignore'
[0.366s] Level 1:colcon.colcon_core.package_identification:_identify(install) ignored
[0.367s] Level 1:colcon.colcon_core.package_identification:_identify(log) by extensions ['ignore', 'ignore_ament_install']
[0.367s] Level 1:colcon.colcon_core.package_identification:_identify(log) by extension 'ignore'
[0.367s] Level 1:colcon.colcon_core.package_identification:_identify(log) ignored
[0.367s] Level 1:colcon.colcon_core.package_identification:_identify(src) by extensions ['ignore', 'ignore_ament_install']
[0.368s] Level 1:colcon.colcon_core.package_identification:_identify(src) by extension 'ignore'
[0.368s] Level 1:colcon.colcon_core.package_identification:_identify(src) by extension 'ignore_ament_install'
[0.368s] Level 1:colcon.colcon_core.package_identification:_identify(src) by extensions ['colcon_pkg']
[0.368s] Level 1:colcon.colcon_core.package_identification:_identify(src) by extension 'colcon_pkg'
[0.368s] Level 1:colcon.colcon_core.package_identification:_identify(src) by extensions ['colcon_meta']
[0.368s] Level 1:colcon.colcon_core.package_identification:_identify(src) by extension 'colcon_meta'
[0.368s] Level 1:colcon.colcon_core.package_identification:_identify(src) by extensions ['ros']
[0.369s] Level 1:colcon.colcon_core.package_identification:_identify(src) by extension 'ros'
[0.369s] Level 1:colcon.colcon_core.package_identification:_identify(src) by extensions ['cmake', 'python']
[0.369s] Level 1:colcon.colcon_core.package_identification:_identify(src) by extension 'cmake'
[0.369s] Level 1:colcon.colcon_core.package_identification:_identify(src) by extension 'python'
[0.369s] Level 1:colcon.colcon_core.package_identification:_identify(src) by extensions ['python_setup_py']
[0.369s] Level 1:colcon.colcon_core.package_identification:_identify(src) by extension 'python_setup_py'
[0.370s] Level 1:colcon.colcon_core.package_identification:_identify(src/pkg_tutorial) by extensions ['ignore', 'ignore_ament_install']
[0.370s] Level 1:colcon.colcon_core.package_identification:_identify(src/pkg_tutorial) by extension 'ignore'
[0.370s] Level 1:colcon.colcon_core.package_identification:_identify(src/pkg_tutorial) by extension 'ignore_ament_install'
[0.370s] Level 1:colcon.colcon_core.package_identification:_identify(src/pkg_tutorial) by extensions ['colcon_pkg']
[0.370s] Level 1:colcon.colcon_core.package_identification:_identify(src/pkg_tutorial) by extension 'colcon_pkg'
[0.370s] Level 1:colcon.colcon_core.package_identification:_identify(src/pkg_tutorial) by extensions ['colcon_meta']
[0.371s] Level 1:colcon.colcon_core.package_identification:_identify(src/pkg_tutorial) by extension 'colcon_meta'
[0.371s] Level 1:colcon.colcon_core.package_identification:_identify(src/pkg_tutorial) by extensions ['ros']
[0.371s] Level 1:colcon.colcon_core.package_identification:_identify(src/pkg_tutorial) by extension 'ros'
[0.376s] DEBUG:colcon.colcon_core.package_identification:Package 'src/pkg_tutorial' with type 'ros.ament_python' and name 'pkg_tutorial'
[0.376s] Level 1:colcon.colcon_core.package_discovery:discover_packages(recursive) using defaults
[0.376s] Level 1:colcon.colcon_core.package_discovery:discover_packages(ignore) discover
[0.376s] Level 1:colcon.colcon_core.package_discovery:discover_packages(ignore) using defaults
[0.376s] Level 1:colcon.colcon_core.package_discovery:discover_packages(path) discover
[0.377s] Level 1:colcon.colcon_core.package_discovery:discover_packages(path) using defaults
[0.413s] Level 1:colcon.colcon_core.package_discovery:discover_packages(prefix_path) check parameters
[0.413s] Level 1:colcon.colcon_core.package_discovery:discover_packages(prefix_path) discover
[0.415s] WARNING:colcon.colcon_core.prefix_path.colcon:The path '/home/ric/Desktop/ROS_workspace/digikey_tutorial_py/install' in the environment variable COLCON_PREFIX_PATH doesn't exist
[0.415s] WARNING:colcon.colcon_ros.prefix_path.ament:The path '/home/ric/Desktop/ROS_workspace/digikey_tutorial_py/install/pkg_tutorial' in the environment variable AMENT_PREFIX_PATH doesn't exist
[0.417s] DEBUG:colcon.colcon_installed_package_information.package_discovery:Found 1 installed packages in /home/ric/Desktop/ROS_projects/digikey_tutorial_ws/install
[0.420s] DEBUG:colcon.colcon_installed_package_information.package_discovery:Found 285 installed packages in /opt/ros/jazzy
[0.423s] Level 1:colcon.colcon_core.package_discovery:discover_packages(prefix_path) using defaults
[0.512s] Level 5:colcon.colcon_core.verb:set package 'pkg_tutorial' build argument 'cmake_args' from command line to 'None'
[0.512s] Level 5:colcon.colcon_core.verb:set package 'pkg_tutorial' build argument 'cmake_target' from command line to 'None'
[0.513s] Level 5:colcon.colcon_core.verb:set package 'pkg_tutorial' build argument 'cmake_target_skip_unavailable' from command line to 'False'
[0.513s] Level 5:colcon.colcon_core.verb:set package 'pkg_tutorial' build argument 'cmake_clean_cache' from command line to 'False'
[0.513s] Level 5:colcon.colcon_core.verb:set package 'pkg_tutorial' build argument 'cmake_clean_first' from command line to 'False'
[0.513s] Level 5:colcon.colcon_core.verb:set package 'pkg_tutorial' build argument 'cmake_force_configure' from command line to 'False'
[0.513s] Level 5:colcon.colcon_core.verb:set package 'pkg_tutorial' build argument 'ament_cmake_args' from command line to 'None'
[0.513s] Level 5:colcon.colcon_core.verb:set package 'pkg_tutorial' build argument 'catkin_cmake_args' from command line to 'None'
[0.513s] Level 5:colcon.colcon_core.verb:set package 'pkg_tutorial' build argument 'catkin_skip_building_tests' from command line to 'False'
[0.513s] DEBUG:colcon.colcon_core.verb:Building package 'pkg_tutorial' with the following arguments: {'ament_cmake_args': None, 'build_base': '/home/ric/Desktop/ROS_projects/digikey_tutorial_ws/build/pkg_tutorial', 'catkin_cmake_args': None, 'catkin_skip_building_tests': False, 'cmake_args': None, 'cmake_clean_cache': False, 'cmake_clean_first': False, 'cmake_force_configure': False, 'cmake_target': None, 'cmake_target_skip_unavailable': False, 'install_base': '/home/ric/Desktop/ROS_projects/digikey_tutorial_ws/install/pkg_tutorial', 'merge_install': False, 'path': '/home/ric/Desktop/ROS_projects/digikey_tutorial_ws/src/pkg_tutorial', 'symlink_install': False, 'test_result_base': None}
[0.513s] INFO:colcon.colcon_core.executor:Executing jobs using 'parallel' executor
[0.515s] DEBUG:colcon.colcon_parallel_executor.executor.parallel:run_until_complete
[0.516s] INFO:colcon.colcon_ros.task.ament_python.build:Building ROS package in '/home/ric/Desktop/ROS_projects/digikey_tutorial_ws/src/pkg_tutorial' with build type 'ament_python'
[0.516s] Level 1:colcon.colcon_core.shell:create_environment_hook('pkg_tutorial', 'ament_prefix_path')
[0.521s] INFO:colcon.colcon_core.plugin_system:Skipping extension 'colcon_core.shell.bat': Not used on non-Windows systems
[0.522s] INFO:colcon.colcon_core.shell:Creating environment hook '/home/ric/Desktop/ROS_projects/digikey_tutorial_ws/install/pkg_tutorial/share/pkg_tutorial/hook/ament_prefix_path.ps1'
[0.523s] INFO:colcon.colcon_core.shell:Creating environment descriptor '/home/ric/Desktop/ROS_projects/digikey_tutorial_ws/install/pkg_tutorial/share/pkg_tutorial/hook/ament_prefix_path.dsv'
[0.525s] INFO:colcon.colcon_core.shell:Creating environment hook '/home/ric/Desktop/ROS_projects/digikey_tutorial_ws/install/pkg_tutorial/share/pkg_tutorial/hook/ament_prefix_path.sh'
[0.527s] INFO:colcon.colcon_core.shell:Skip shell extension 'powershell' for command environment: Not usable outside of PowerShell
[0.527s] DEBUG:colcon.colcon_core.shell:Skip shell extension 'dsv' for command environment
[0.999s] INFO:colcon.colcon_core.task.python.build:Building Python package in '/home/ric/Desktop/ROS_projects/digikey_tutorial_ws/src/pkg_tutorial'
[1.000s] INFO:colcon.colcon_core.shell:Skip shell extension 'powershell' for command environment: Not usable outside of PowerShell
[1.000s] DEBUG:colcon.colcon_core.shell:Skip shell extension 'dsv' for command environment
[2.243s] DEBUG:colcon.colcon_core.event_handler.log_command:Invoking command in '/home/ric/Desktop/ROS_projects/digikey_tutorial_ws/src/pkg_tutorial': DEBUGINFOD_URLS=https://debuginfod.ubuntu.com PYTHONPATH=/home/ric/Desktop/ROS_projects/digikey_tutorial_ws/build/pkg_tutorial/prefix_override:/usr/lib/python3/dist-packages/colcon_core/task/python/colcon_distutils_commands:/home/ric/Desktop/ROS_projects/digikey_tutorial_ws/install/pkg_tutorial/lib/python3.12/site-packages:${PYTHONPATH} /usr/bin/python3 -W ignore:setup.py install is deprecated -W ignore:easy_install command is deprecated setup.py egg_info --egg-base ../../build/pkg_tutorial build --build-base /home/ric/Desktop/ROS_projects/digikey_tutorial_ws/build/pkg_tutorial/build install --record /home/ric/Desktop/ROS_projects/digikey_tutorial_ws/build/pkg_tutorial/install.log --single-version-externally-managed install_data
[3.374s] DEBUG:colcon.colcon_core.event_handler.log_command:Invoked command in '/home/ric/Desktop/ROS_projects/digikey_tutorial_ws/src/pkg_tutorial' returned '0': DEBUGINFOD_URLS=https://debuginfod.ubuntu.com PYTHONPATH=/home/ric/Desktop/ROS_projects/digikey_tutorial_ws/build/pkg_tutorial/prefix_override:/usr/lib/python3/dist-packages/colcon_core/task/python/colcon_distutils_commands:/home/ric/Desktop/ROS_projects/digikey_tutorial_ws/install/pkg_tutorial/lib/python3.12/site-packages:${PYTHONPATH} /usr/bin/python3 -W ignore:setup.py install is deprecated -W ignore:easy_install command is deprecated setup.py egg_info --egg-base ../../build/pkg_tutorial build --build-base /home/ric/Desktop/ROS_projects/digikey_tutorial_ws/build/pkg_tutorial/build install --record /home/ric/Desktop/ROS_projects/digikey_tutorial_ws/build/pkg_tutorial/install.log --single-version-externally-managed install_data
[3.379s] Level 1:colcon.colcon_core.environment:checking '/home/ric/Desktop/ROS_projects/digikey_tutorial_ws/install/pkg_tutorial' for CMake module files
[3.380s] Level 1:colcon.colcon_core.environment:checking '/home/ric/Desktop/ROS_projects/digikey_tutorial_ws/install/pkg_tutorial' for CMake config files
[3.381s] Level 1:colcon.colcon_core.environment:checking '/home/ric/Desktop/ROS_projects/digikey_tutorial_ws/install/pkg_tutorial/lib'
[3.381s] Level 1:colcon.colcon_core.environment:checking '/home/ric/Desktop/ROS_projects/digikey_tutorial_ws/install/pkg_tutorial/bin'
[3.381s] Level 1:colcon.colcon_core.environment:checking '/home/ric/Desktop/ROS_projects/digikey_tutorial_ws/install/pkg_tutorial/lib/pkgconfig/pkg_tutorial.pc'
[3.382s] Level 1:colcon.colcon_core.environment:checking '/home/ric/Desktop/ROS_projects/digikey_tutorial_ws/install/pkg_tutorial/lib/python3.12/site-packages'
[3.382s] Level 1:colcon.colcon_core.shell:create_environment_hook('pkg_tutorial', 'pythonpath')
[3.383s] INFO:colcon.colcon_core.shell:Creating environment hook '/home/ric/Desktop/ROS_projects/digikey_tutorial_ws/install/pkg_tutorial/share/pkg_tutorial/hook/pythonpath.ps1'
[3.383s] INFO:colcon.colcon_core.shell:Creating environment descriptor '/home/ric/Desktop/ROS_projects/digikey_tutorial_ws/install/pkg_tutorial/share/pkg_tutorial/hook/pythonpath.dsv'
[3.384s] INFO:colcon.colcon_core.shell:Creating environment hook '/home/ric/Desktop/ROS_projects/digikey_tutorial_ws/install/pkg_tutorial/share/pkg_tutorial/hook/pythonpath.sh'
[3.386s] Level 1:colcon.colcon_core.environment:checking '/home/ric/Desktop/ROS_projects/digikey_tutorial_ws/install/pkg_tutorial/bin'
[3.386s] Level 1:colcon.colcon_core.environment:create_environment_scripts_only(pkg_tutorial)
[3.386s] INFO:colcon.colcon_core.shell:Creating package script '/home/ric/Desktop/ROS_projects/digikey_tutorial_ws/install/pkg_tutorial/share/pkg_tutorial/package.ps1'
[3.388s] INFO:colcon.colcon_core.shell:Creating package descriptor '/home/ric/Desktop/ROS_projects/digikey_tutorial_ws/install/pkg_tutorial/share/pkg_tutorial/package.dsv'
[3.389s] INFO:colcon.colcon_core.shell:Creating package script '/home/ric/Desktop/ROS_projects/digikey_tutorial_ws/install/pkg_tutorial/share/pkg_tutorial/package.sh'
[3.390s] INFO:colcon.colcon_core.shell:Creating package script '/home/ric/Desktop/ROS_projects/digikey_tutorial_ws/install/pkg_tutorial/share/pkg_tutorial/package.bash'
[3.392s] INFO:colcon.colcon_core.shell:Creating package script '/home/ric/Desktop/ROS_projects/digikey_tutorial_ws/install/pkg_tutorial/share/pkg_tutorial/package.zsh'
[3.393s] Level 1:colcon.colcon_core.environment:create_file_with_runtime_dependencies(/home/ric/Desktop/ROS_projects/digikey_tutorial_ws/install/pkg_tutorial/share/colcon-core/packages/pkg_tutorial)
[3.393s] DEBUG:colcon.colcon_parallel_executor.executor.parallel:closing loop
[3.394s] DEBUG:colcon.colcon_parallel_executor.executor.parallel:loop closed
[3.394s] DEBUG:colcon.colcon_parallel_executor.executor.parallel:run_until_complete finished with '0'
[3.395s] DEBUG:colcon.colcon_core.event_reactor:joining thread
[3.406s] INFO:colcon.colcon_core.plugin_system:Skipping extension 'colcon_notification.desktop_notification.terminal_notifier': Not used on non-Darwin systems
[3.406s] INFO:colcon.colcon_core.plugin_system:Skipping extension 'colcon_notification.desktop_notification.win32': Not used on non-Windows systems
[3.407s] INFO:colcon.colcon_notification.desktop_notification:Sending desktop notification using 'notify2'
[3.432s] DEBUG:colcon.colcon_core.event_reactor:joined thread
[3.433s] INFO:colcon.colcon_core.shell:Creating prefix script '/home/ric/Desktop/ROS_projects/digikey_tutorial_ws/install/local_setup.ps1'
[3.434s] INFO:colcon.colcon_core.shell:Creating prefix util module '/home/ric/Desktop/ROS_projects/digikey_tutorial_ws/install/_local_setup_util_ps1.py'
[3.437s] INFO:colcon.colcon_core.shell:Creating prefix chain script '/home/ric/Desktop/ROS_projects/digikey_tutorial_ws/install/setup.ps1'
[3.439s] INFO:colcon.colcon_core.shell:Creating prefix script '/home/ric/Desktop/ROS_projects/digikey_tutorial_ws/install/local_setup.sh'
[3.440s] INFO:colcon.colcon_core.shell:Creating prefix util module '/home/ric/Desktop/ROS_projects/digikey_tutorial_ws/install/_local_setup_util_sh.py'
[3.441s] INFO:colcon.colcon_core.shell:Creating prefix chain script '/home/ric/Desktop/ROS_projects/digikey_tutorial_ws/install/setup.sh'
[3.443s] INFO:colcon.colcon_core.shell:Creating prefix script '/home/ric/Desktop/ROS_projects/digikey_tutorial_ws/install/local_setup.bash'
[3.444s] INFO:colcon.colcon_core.shell:Creating prefix chain script '/home/ric/Desktop/ROS_projects/digikey_tutorial_ws/install/setup.bash'
[3.446s] INFO:colcon.colcon_core.shell:Creating prefix script '/home/ric/Desktop/ROS_projects/digikey_tutorial_ws/install/local_setup.zsh'
[3.446s] INFO:colcon.colcon_core.shell:Creating prefix chain script '/home/ric/Desktop/ROS_projects/digikey_tutorial_ws/install/setup.zsh'
